mode: set
2021_2_MAMBa/internal/pkg/reviews/usecase/usecase.go:12.71,16.2 1 0
2021_2_MAMBa/internal/pkg/reviews/usecase/usecase.go:18.71,20.16 2 0
2021_2_MAMBa/internal/pkg/reviews/usecase/usecase.go:23.2,23.20 1 0
2021_2_MAMBa/internal/pkg/reviews/usecase/usecase.go:20.16,22.3 1 0
2021_2_MAMBa/internal/pkg/reviews/usecase/usecase.go:25.83,27.16 2 0
2021_2_MAMBa/internal/pkg/reviews/usecase/usecase.go:30.2,31.23 2 0
2021_2_MAMBa/internal/pkg/reviews/usecase/usecase.go:27.16,29.3 1 0
2021_2_MAMBa/internal/pkg/reviews/usecase/usecase.go:33.120,35.16 2 0
2021_2_MAMBa/internal/pkg/reviews/usecase/usecase.go:38.2,38.21 1 0
2021_2_MAMBa/internal/pkg/reviews/usecase/usecase.go:35.16,37.3 1 0
2021_2_MAMBa/internal/pkg/user/usecase/usecase.go:14.65,18.2 1 0
2021_2_MAMBa/internal/pkg/user/usecase/usecase.go:20.68,25.16 5 0
2021_2_MAMBa/internal/pkg/user/usecase/usecase.go:28.2,28.18 1 0
2021_2_MAMBa/internal/pkg/user/usecase/usecase.go:25.16,27.3 1 0
2021_2_MAMBa/internal/pkg/user/usecase/usecase.go:31.69,33.54 1 0
2021_2_MAMBa/internal/pkg/user/usecase/usecase.go:36.2,37.16 2 0
2021_2_MAMBa/internal/pkg/user/usecase/usecase.go:42.2,43.16 2 0
2021_2_MAMBa/internal/pkg/user/usecase/usecase.go:46.2,50.16 4 0
2021_2_MAMBa/internal/pkg/user/usecase/usecase.go:53.2,54.16 2 0
2021_2_MAMBa/internal/pkg/user/usecase/usecase.go:33.54,35.3 1 0
2021_2_MAMBa/internal/pkg/user/usecase/usecase.go:37.16,39.3 1 0
2021_2_MAMBa/internal/pkg/user/usecase/usecase.go:43.16,45.3 1 0
2021_2_MAMBa/internal/pkg/user/usecase/usecase.go:50.16,52.3 1 0
2021_2_MAMBa/internal/pkg/user/usecase/usecase.go:57.73,58.39 1 0
2021_2_MAMBa/internal/pkg/user/usecase/usecase.go:61.2,63.38 3 0
2021_2_MAMBa/internal/pkg/user/usecase/usecase.go:66.2,67.16 2 0
2021_2_MAMBa/internal/pkg/user/usecase/usecase.go:58.39,60.3 1 0
2021_2_MAMBa/internal/pkg/user/usecase/usecase.go:63.38,65.3 1 0
2021_2_MAMBa/internal/pkg/user/usecase/usecase.go:70.65,73.2 2 0
2021_2_MAMBa/internal/pkg/collections/usecase/mock/usecase_mock.go:26.81,30.2 3 0
2021_2_MAMBa/internal/pkg/collections/usecase/mock/usecase_mock.go:33.79,35.2 1 0
2021_2_MAMBa/internal/pkg/collections/usecase/mock/usecase_mock.go:38.93,44.2 5 0
2021_2_MAMBa/internal/pkg/collections/usecase/mock/usecase_mock.go:47.99,50.2 2 0
2021_2_MAMBa/internal/pkg/sessions/sessions.go:21.76,34.16 5 0
2021_2_MAMBa/internal/pkg/sessions/sessions.go:38.2,38.12 1 0
2021_2_MAMBa/internal/pkg/sessions/sessions.go:34.16,37.3 2 0
2021_2_MAMBa/internal/pkg/sessions/sessions.go:41.74,43.16 2 0
2021_2_MAMBa/internal/pkg/sessions/sessions.go:47.2,48.29 2 0
2021_2_MAMBa/internal/pkg/sessions/sessions.go:57.2,57.12 1 0
2021_2_MAMBa/internal/pkg/sessions/sessions.go:43.16,45.3 1 0
2021_2_MAMBa/internal/pkg/sessions/sessions.go:48.29,52.17 3 0
2021_2_MAMBa/internal/pkg/sessions/sessions.go:52.17,55.4 2 0
2021_2_MAMBa/internal/pkg/sessions/sessions.go:60.52,62.34 2 0
2021_2_MAMBa/internal/pkg/sessions/sessions.go:65.2,66.28 2 0
2021_2_MAMBa/internal/pkg/sessions/sessions.go:69.2,70.9 2 0
2021_2_MAMBa/internal/pkg/sessions/sessions.go:73.2,73.22 1 0
2021_2_MAMBa/internal/pkg/sessions/sessions.go:62.34,64.3 1 0
2021_2_MAMBa/internal/pkg/sessions/sessions.go:66.28,68.3 1 0
2021_2_MAMBa/internal/pkg/sessions/sessions.go:70.9,72.3 1 0
2021_2_MAMBa/internal/pkg/person/delivery/http/get.go:11.82,15.10 4 0
2021_2_MAMBa/internal/pkg/person/delivery/http/get.go:25.2,26.16 2 0
2021_2_MAMBa/internal/pkg/person/delivery/http/get.go:30.2,32.16 3 0
2021_2_MAMBa/internal/pkg/person/delivery/http/get.go:15.10,17.27 2 0
2021_2_MAMBa/internal/pkg/person/delivery/http/get.go:17.27,20.4 2 0
2021_2_MAMBa/internal/pkg/person/delivery/http/get.go:21.8,24.3 2 0
2021_2_MAMBa/internal/pkg/person/delivery/http/get.go:26.16,29.3 2 0
2021_2_MAMBa/internal/pkg/person/delivery/http/get.go:32.16,35.3 2 0
2021_2_MAMBa/internal/pkg/person/delivery/http/get.go:38.87,43.10 5 0
2021_2_MAMBa/internal/pkg/person/delivery/http/get.go:50.2,51.10 2 0
2021_2_MAMBa/internal/pkg/person/delivery/http/get.go:58.2,59.10 2 0
2021_2_MAMBa/internal/pkg/person/delivery/http/get.go:66.2,67.29 2 0
2021_2_MAMBa/internal/pkg/person/delivery/http/get.go:71.2,71.16 1 0
2021_2_MAMBa/internal/pkg/person/delivery/http/get.go:75.2,77.16 3 0
2021_2_MAMBa/internal/pkg/person/delivery/http/get.go:43.10,45.27 2 0
2021_2_MAMBa/internal/pkg/person/delivery/http/get.go:45.27,48.4 2 0
2021_2_MAMBa/internal/pkg/person/delivery/http/get.go:51.10,53.30 2 0
2021_2_MAMBa/internal/pkg/person/delivery/http/get.go:53.30,56.4 2 0
2021_2_MAMBa/internal/pkg/person/delivery/http/get.go:59.10,61.31 2 0
2021_2_MAMBa/internal/pkg/person/delivery/http/get.go:61.31,64.4 2 0
2021_2_MAMBa/internal/pkg/person/delivery/http/get.go:67.29,70.3 2 0
2021_2_MAMBa/internal/pkg/person/delivery/http/get.go:71.16,74.3 2 0
2021_2_MAMBa/internal/pkg/person/delivery/http/get.go:77.16,80.3 2 0
2021_2_MAMBa/internal/pkg/person/usecase/usecase.go:9.71,13.2 1 0
2021_2_MAMBa/internal/pkg/person/usecase/usecase.go:15.74,17.16 2 0
2021_2_MAMBa/internal/pkg/person/usecase/usecase.go:20.2,21.16 2 0
2021_2_MAMBa/internal/pkg/person/usecase/usecase.go:24.2,25.16 2 0
2021_2_MAMBa/internal/pkg/person/usecase/usecase.go:28.2,32.8 1 0
2021_2_MAMBa/internal/pkg/person/usecase/usecase.go:17.16,19.3 1 0
2021_2_MAMBa/internal/pkg/person/usecase/usecase.go:21.16,23.3 1 0
2021_2_MAMBa/internal/pkg/person/usecase/usecase.go:25.16,27.3 1 0
2021_2_MAMBa/internal/pkg/person/usecase/usecase.go:34.92,36.16 2 0
2021_2_MAMBa/internal/pkg/person/usecase/usecase.go:39.2,39.19 1 0
2021_2_MAMBa/internal/pkg/person/usecase/usecase.go:36.16,38.3 1 0
2021_2_MAMBa/internal/pkg/film/delivery/http/handlers.go:11.61,21.2 6 0
2021_2_MAMBa/internal/pkg/person/delivery/http/handlers.go:11.63,19.2 3 0
2021_2_MAMBa/internal/pkg/reviews/repository/db.go:19.79,21.2 1 0
2021_2_MAMBa/internal/pkg/reviews/repository/db.go:33.76,35.16 2 0
2021_2_MAMBa/internal/pkg/reviews/repository/db.go:38.2,40.16 3 0
2021_2_MAMBa/internal/pkg/reviews/repository/db.go:43.2,54.16 5 0
2021_2_MAMBa/internal/pkg/reviews/repository/db.go:57.2,60.16 4 0
2021_2_MAMBa/internal/pkg/reviews/repository/db.go:63.2,66.20 4 0
2021_2_MAMBa/internal/pkg/reviews/repository/db.go:35.16,37.3 1 0
2021_2_MAMBa/internal/pkg/reviews/repository/db.go:40.16,42.3 1 0
2021_2_MAMBa/internal/pkg/reviews/repository/db.go:54.16,56.3 1 0
2021_2_MAMBa/internal/pkg/reviews/repository/db.go:60.16,62.3 1 0
2021_2_MAMBa/internal/pkg/reviews/repository/db.go:69.82,71.16 2 0
2021_2_MAMBa/internal/pkg/reviews/repository/db.go:74.2,74.22 1 0
2021_2_MAMBa/internal/pkg/reviews/repository/db.go:85.2,85.51 1 0
2021_2_MAMBa/internal/pkg/reviews/repository/db.go:71.16,73.3 1 0
2021_2_MAMBa/internal/pkg/reviews/repository/db.go:74.22,76.17 2 0
2021_2_MAMBa/internal/pkg/reviews/repository/db.go:76.17,78.4 1 0
2021_2_MAMBa/internal/pkg/reviews/repository/db.go:79.8,81.17 2 0
2021_2_MAMBa/internal/pkg/reviews/repository/db.go:81.17,83.4 1 0
2021_2_MAMBa/internal/pkg/reviews/repository/db.go:88.126,90.16 2 0
2021_2_MAMBa/internal/pkg/reviews/repository/db.go:93.2,95.20 3 0
2021_2_MAMBa/internal/pkg/reviews/repository/db.go:99.2,102.16 3 0
2021_2_MAMBa/internal/pkg/reviews/repository/db.go:105.2,106.23 2 0
2021_2_MAMBa/internal/pkg/reviews/repository/db.go:137.2,145.21 2 0
2021_2_MAMBa/internal/pkg/reviews/repository/db.go:90.16,92.3 1 0
2021_2_MAMBa/internal/pkg/reviews/repository/db.go:95.20,97.3 1 0
2021_2_MAMBa/internal/pkg/reviews/repository/db.go:102.16,104.3 1 0
2021_2_MAMBa/internal/pkg/reviews/repository/db.go:106.23,109.17 3 0
2021_2_MAMBa/internal/pkg/reviews/repository/db.go:112.3,123.17 5 0
2021_2_MAMBa/internal/pkg/reviews/repository/db.go:126.3,129.17 4 0
2021_2_MAMBa/internal/pkg/reviews/repository/db.go:132.3,135.42 4 0
2021_2_MAMBa/internal/pkg/reviews/repository/db.go:109.17,111.4 1 0
2021_2_MAMBa/internal/pkg/reviews/repository/db.go:123.17,125.4 1 0
2021_2_MAMBa/internal/pkg/reviews/repository/db.go:129.17,131.4 1 0
2021_2_MAMBa/internal/pkg/user/usecase/mock/usecase_mock.go:26.67,30.2 3 0
2021_2_MAMBa/internal/pkg/user/usecase/mock/usecase_mock.go:33.65,35.2 1 0
2021_2_MAMBa/internal/pkg/user/usecase/mock/usecase_mock.go:38.71,44.2 5 0
2021_2_MAMBa/internal/pkg/user/usecase/mock/usecase_mock.go:47.81,50.2 2 0
2021_2_MAMBa/internal/pkg/user/usecase/mock/usecase_mock.go:53.74,59.2 5 0
2021_2_MAMBa/internal/pkg/user/usecase/mock/usecase_mock.go:62.84,65.2 2 0
2021_2_MAMBa/internal/pkg/user/usecase/mock/usecase_mock.go:68.80,74.2 5 0
2021_2_MAMBa/internal/pkg/user/usecase/mock/usecase_mock.go:77.77,80.2 2 0
2021_2_MAMBa/internal/pkg/user/usecase/mock/usecase_mock.go:83.76,89.2 5 0
2021_2_MAMBa/internal/pkg/user/usecase/mock/usecase_mock.go:92.80,95.2 2 0
2021_2_MAMBa/internal/pkg/user/delivery/http/get.go:11.82,14.16 3 0
2021_2_MAMBa/internal/pkg/user/delivery/http/get.go:18.2,19.16 2 0
2021_2_MAMBa/internal/pkg/user/delivery/http/get.go:23.2,24.16 2 0
2021_2_MAMBa/internal/pkg/user/delivery/http/get.go:29.2,31.16 3 0
2021_2_MAMBa/internal/pkg/user/delivery/http/get.go:14.16,17.3 2 0
2021_2_MAMBa/internal/pkg/user/delivery/http/get.go:19.16,22.3 2 0
2021_2_MAMBa/internal/pkg/user/delivery/http/get.go:24.16,27.3 2 0
2021_2_MAMBa/internal/pkg/user/delivery/http/get.go:31.16,34.3 2 0
2021_2_MAMBa/internal/app/runserver.go:27.29,70.16 29 0
2021_2_MAMBa/internal/app/runserver.go:70.16,72.3 1 0
2021_2_MAMBa/internal/pkg/reviews/usecase/mock/usecase_mock.go:26.71,30.2 3 0
2021_2_MAMBa/internal/pkg/reviews/usecase/mock/usecase_mock.go:33.69,35.2 1 0
2021_2_MAMBa/internal/pkg/reviews/usecase/mock/usecase_mock.go:38.75,44.2 5 0
2021_2_MAMBa/internal/pkg/reviews/usecase/mock/usecase_mock.go:47.83,50.2 2 0
2021_2_MAMBa/internal/pkg/reviews/usecase/mock/usecase_mock.go:53.110,59.2 5 0
2021_2_MAMBa/internal/pkg/reviews/usecase/mock/usecase_mock.go:62.109,65.2 2 0
2021_2_MAMBa/internal/pkg/reviews/usecase/mock/usecase_mock.go:68.83,74.2 5 0
2021_2_MAMBa/internal/pkg/reviews/usecase/mock/usecase_mock.go:77.84,80.2 2 0
2021_2_MAMBa/internal/pkg/collections/repository/db.go:15.89,17.2 1 0
2021_2_MAMBa/internal/pkg/collections/repository/db.go:24.100,27.16 2 0
2021_2_MAMBa/internal/pkg/collections/repository/db.go:30.2,32.20 3 0
2021_2_MAMBa/internal/pkg/collections/repository/db.go:36.2,40.24 4 0
2021_2_MAMBa/internal/pkg/collections/repository/db.go:49.2,56.21 2 0
2021_2_MAMBa/internal/pkg/collections/repository/db.go:27.16,29.3 1 0
2021_2_MAMBa/internal/pkg/collections/repository/db.go:32.20,34.3 1 0
2021_2_MAMBa/internal/pkg/collections/repository/db.go:40.24,47.3 2 0
2021_2_MAMBa/internal/pkg/collections/usecase/usecase.go:9.86,13.2 1 0
2021_2_MAMBa/internal/pkg/collections/usecase/usecase.go:15.94,17.16 2 0
2021_2_MAMBa/internal/pkg/collections/usecase/usecase.go:20.2,20.19 1 0
2021_2_MAMBa/internal/pkg/collections/usecase/usecase.go:17.16,19.3 1 0
2021_2_MAMBa/internal/pkg/middlewares/cors.go:24.40,25.71 1 0
2021_2_MAMBa/internal/pkg/middlewares/cors.go:25.71,28.11 3 0
2021_2_MAMBa/internal/pkg/middlewares/cors.go:34.3,37.28 4 0
2021_2_MAMBa/internal/pkg/middlewares/cors.go:40.3,40.20 1 0
2021_2_MAMBa/internal/pkg/middlewares/cors.go:28.11,30.4 1 0
2021_2_MAMBa/internal/pkg/middlewares/cors.go:30.9,33.4 2 0
2021_2_MAMBa/internal/pkg/middlewares/cors.go:37.28,39.4 1 0
2021_2_MAMBa/internal/pkg/middlewares/panic.go:9.52,10.71 1 0
2021_2_MAMBa/internal/pkg/middlewares/panic.go:10.71,11.16 1 0
2021_2_MAMBa/internal/pkg/middlewares/panic.go:17.3,17.23 1 0
2021_2_MAMBa/internal/pkg/middlewares/panic.go:11.16,12.36 1 0
2021_2_MAMBa/internal/pkg/middlewares/panic.go:12.36,15.5 2 0
2021_2_MAMBa/internal/pkg/collections/delivery/http/get.go:10.91,15.10 4 0
2021_2_MAMBa/internal/pkg/collections/delivery/http/get.go:22.2,23.10 2 0
2021_2_MAMBa/internal/pkg/collections/delivery/http/get.go:31.2,32.34 2 0
2021_2_MAMBa/internal/pkg/collections/delivery/http/get.go:36.2,36.16 1 0
2021_2_MAMBa/internal/pkg/collections/delivery/http/get.go:40.2,42.16 3 0
2021_2_MAMBa/internal/pkg/collections/delivery/http/get.go:15.10,17.29 2 0
2021_2_MAMBa/internal/pkg/collections/delivery/http/get.go:17.29,20.4 2 0
2021_2_MAMBa/internal/pkg/collections/delivery/http/get.go:23.10,25.31 2 0
2021_2_MAMBa/internal/pkg/collections/delivery/http/get.go:25.31,28.4 2 0
2021_2_MAMBa/internal/pkg/collections/delivery/http/get.go:32.34,35.3 2 0
2021_2_MAMBa/internal/pkg/collections/delivery/http/get.go:36.16,39.3 2 0
2021_2_MAMBa/internal/pkg/collections/delivery/http/get.go:42.16,45.3 2 0
2021_2_MAMBa/internal/pkg/person/repository/db.go:16.79,18.2 1 0
2021_2_MAMBa/internal/pkg/person/repository/db.go:27.75,29.16 2 0
2021_2_MAMBa/internal/pkg/person/repository/db.go:32.2,50.16 6 0
2021_2_MAMBa/internal/pkg/person/repository/db.go:53.2,55.16 3 0
2021_2_MAMBa/internal/pkg/person/repository/db.go:58.2,60.20 3 0
2021_2_MAMBa/internal/pkg/person/repository/db.go:29.16,31.3 1 0
2021_2_MAMBa/internal/pkg/person/repository/db.go:50.16,52.3 1 0
2021_2_MAMBa/internal/pkg/person/repository/db.go:55.16,57.3 1 0
2021_2_MAMBa/internal/pkg/person/repository/db.go:62.97,64.16 2 0
2021_2_MAMBa/internal/pkg/person/repository/db.go:67.2,69.20 3 0
2021_2_MAMBa/internal/pkg/person/repository/db.go:73.2,74.16 2 0
2021_2_MAMBa/internal/pkg/person/repository/db.go:77.2,78.24 2 0
2021_2_MAMBa/internal/pkg/person/repository/db.go:89.2,96.25 2 0
2021_2_MAMBa/internal/pkg/person/repository/db.go:64.16,66.3 1 0
2021_2_MAMBa/internal/pkg/person/repository/db.go:69.20,71.3 1 0
2021_2_MAMBa/internal/pkg/person/repository/db.go:74.16,76.3 1 0
2021_2_MAMBa/internal/pkg/person/repository/db.go:78.24,87.3 2 0
2021_2_MAMBa/internal/pkg/person/repository/db.go:98.104,100.16 2 0
2021_2_MAMBa/internal/pkg/person/repository/db.go:103.2,105.20 3 0
2021_2_MAMBa/internal/pkg/person/repository/db.go:109.2,110.16 2 0
2021_2_MAMBa/internal/pkg/person/repository/db.go:113.2,114.24 2 0
2021_2_MAMBa/internal/pkg/person/repository/db.go:125.2,132.25 2 0
2021_2_MAMBa/internal/pkg/person/repository/db.go:100.16,102.3 1 0
2021_2_MAMBa/internal/pkg/person/repository/db.go:105.20,107.3 1 0
2021_2_MAMBa/internal/pkg/person/repository/db.go:110.16,112.3 1 0
2021_2_MAMBa/internal/pkg/person/repository/db.go:114.24,123.3 2 0
2021_2_MAMBa/internal/pkg/user/delivery/http/handlers.go:12.61,22.2 6 0
2021_2_MAMBa/internal/pkg/reviews/delivery/http/get.go:13.81,17.10 4 0
2021_2_MAMBa/internal/pkg/reviews/delivery/http/get.go:24.2,25.30 2 0
2021_2_MAMBa/internal/pkg/reviews/delivery/http/get.go:29.2,29.16 1 0
2021_2_MAMBa/internal/pkg/reviews/delivery/http/get.go:33.2,35.16 3 0
2021_2_MAMBa/internal/pkg/reviews/delivery/http/get.go:17.10,19.28 2 0
2021_2_MAMBa/internal/pkg/reviews/delivery/http/get.go:19.28,22.4 2 0
2021_2_MAMBa/internal/pkg/reviews/delivery/http/get.go:25.30,28.3 2 0
2021_2_MAMBa/internal/pkg/reviews/delivery/http/get.go:29.16,32.3 2 0
2021_2_MAMBa/internal/pkg/reviews/delivery/http/get.go:35.16,38.3 2 0
2021_2_MAMBa/internal/pkg/reviews/delivery/http/get.go:41.82,45.16 4 0
2021_2_MAMBa/internal/pkg/reviews/delivery/http/get.go:49.2,50.16 2 0
2021_2_MAMBa/internal/pkg/reviews/delivery/http/get.go:54.2,58.16 5 0
2021_2_MAMBa/internal/pkg/reviews/delivery/http/get.go:45.16,48.3 2 0
2021_2_MAMBa/internal/pkg/reviews/delivery/http/get.go:50.16,53.3 2 0
2021_2_MAMBa/internal/pkg/reviews/delivery/http/get.go:58.16,61.3 2 0
2021_2_MAMBa/internal/pkg/reviews/delivery/http/get.go:64.83,69.10 5 0
2021_2_MAMBa/internal/pkg/reviews/delivery/http/get.go:76.2,77.10 2 0
2021_2_MAMBa/internal/pkg/reviews/delivery/http/get.go:84.2,85.10 2 0
2021_2_MAMBa/internal/pkg/reviews/delivery/http/get.go:92.2,93.10 2 0
2021_2_MAMBa/internal/pkg/reviews/delivery/http/get.go:100.2,101.30 2 0
2021_2_MAMBa/internal/pkg/reviews/delivery/http/get.go:105.2,105.16 1 0
2021_2_MAMBa/internal/pkg/reviews/delivery/http/get.go:109.2,111.16 3 0
2021_2_MAMBa/internal/pkg/reviews/delivery/http/get.go:69.10,71.28 2 0
2021_2_MAMBa/internal/pkg/reviews/delivery/http/get.go:71.28,74.4 2 0
2021_2_MAMBa/internal/pkg/reviews/delivery/http/get.go:77.10,79.28 2 0
2021_2_MAMBa/internal/pkg/reviews/delivery/http/get.go:79.28,82.4 2 0
2021_2_MAMBa/internal/pkg/reviews/delivery/http/get.go:85.10,87.30 2 0
2021_2_MAMBa/internal/pkg/reviews/delivery/http/get.go:87.30,90.4 2 0
2021_2_MAMBa/internal/pkg/reviews/delivery/http/get.go:93.10,95.31 2 0
2021_2_MAMBa/internal/pkg/reviews/delivery/http/get.go:95.31,98.4 2 0
2021_2_MAMBa/internal/pkg/reviews/delivery/http/get.go:101.30,104.3 2 0
2021_2_MAMBa/internal/pkg/reviews/delivery/http/get.go:105.16,108.3 2 0
2021_2_MAMBa/internal/pkg/reviews/delivery/http/get.go:111.16,114.3 2 0
2021_2_MAMBa/internal/pkg/user/delivery/http/auth.go:11.78,15.16 4 0
2021_2_MAMBa/internal/pkg/user/delivery/http/auth.go:20.2,21.16 2 0
2021_2_MAMBa/internal/pkg/user/delivery/http/auth.go:26.2,27.30 2 0
2021_2_MAMBa/internal/pkg/user/delivery/http/auth.go:32.2,33.16 2 0
2021_2_MAMBa/internal/pkg/user/delivery/http/auth.go:37.2,38.21 2 0
2021_2_MAMBa/internal/pkg/user/delivery/http/auth.go:15.16,18.3 2 0
2021_2_MAMBa/internal/pkg/user/delivery/http/auth.go:21.16,24.3 2 0
2021_2_MAMBa/internal/pkg/user/delivery/http/auth.go:27.30,30.3 2 0
2021_2_MAMBa/internal/pkg/user/delivery/http/auth.go:33.16,36.3 2 0
2021_2_MAMBa/internal/pkg/user/delivery/http/auth.go:41.75,45.16 4 0
2021_2_MAMBa/internal/pkg/user/delivery/http/auth.go:50.2,51.40 2 0
2021_2_MAMBa/internal/pkg/user/delivery/http/auth.go:56.2,57.31 2 0
2021_2_MAMBa/internal/pkg/user/delivery/http/auth.go:61.2,61.37 1 0
2021_2_MAMBa/internal/pkg/user/delivery/http/auth.go:65.2,65.16 1 0
2021_2_MAMBa/internal/pkg/user/delivery/http/auth.go:70.2,71.16 2 0
2021_2_MAMBa/internal/pkg/user/delivery/http/auth.go:76.2,77.16 2 0
2021_2_MAMBa/internal/pkg/user/delivery/http/auth.go:82.2,83.21 2 0
2021_2_MAMBa/internal/pkg/user/delivery/http/auth.go:45.16,48.3 2 0
2021_2_MAMBa/internal/pkg/user/delivery/http/auth.go:51.40,54.3 2 0
2021_2_MAMBa/internal/pkg/user/delivery/http/auth.go:57.31,60.3 2 0
2021_2_MAMBa/internal/pkg/user/delivery/http/auth.go:61.37,64.3 2 0
2021_2_MAMBa/internal/pkg/user/delivery/http/auth.go:65.16,68.3 2 0
2021_2_MAMBa/internal/pkg/user/delivery/http/auth.go:71.16,74.3 2 0
2021_2_MAMBa/internal/pkg/user/delivery/http/auth.go:77.16,80.3 2 0
2021_2_MAMBa/internal/pkg/user/delivery/http/auth.go:86.76,88.40 2 0
2021_2_MAMBa/internal/pkg/user/delivery/http/auth.go:92.2,93.16 2 0
2021_2_MAMBa/internal/pkg/user/delivery/http/auth.go:97.2,97.30 1 0
2021_2_MAMBa/internal/pkg/user/delivery/http/auth.go:88.40,91.3 2 0
2021_2_MAMBa/internal/pkg/user/delivery/http/auth.go:93.16,96.3 2 0
2021_2_MAMBa/internal/pkg/user/delivery/http/auth.go:100.79,102.40 2 0
2021_2_MAMBa/internal/pkg/user/delivery/http/auth.go:106.2,106.16 1 0
2021_2_MAMBa/internal/pkg/user/delivery/http/auth.go:111.2,112.16 2 0
2021_2_MAMBa/internal/pkg/user/delivery/http/auth.go:117.2,118.16 2 0
2021_2_MAMBa/internal/pkg/user/delivery/http/auth.go:122.2,123.21 2 0
2021_2_MAMBa/internal/pkg/user/delivery/http/auth.go:102.40,105.3 2 0
2021_2_MAMBa/internal/pkg/user/delivery/http/auth.go:106.16,109.3 2 0
2021_2_MAMBa/internal/pkg/user/delivery/http/auth.go:112.16,115.3 2 0
2021_2_MAMBa/internal/pkg/user/delivery/http/auth.go:118.16,121.3 2 0
2021_2_MAMBa/internal/pkg/film/usecase/mock/usecase_mock.go:26.67,30.2 3 0
2021_2_MAMBa/internal/pkg/film/usecase/mock/usecase_mock.go:33.65,35.2 1 0
2021_2_MAMBa/internal/pkg/film/usecase/mock/usecase_mock.go:38.105,44.2 5 0
2021_2_MAMBa/internal/pkg/film/usecase/mock/usecase_mock.go:47.103,50.2 2 0
2021_2_MAMBa/internal/pkg/film/usecase/mock/usecase_mock.go:53.116,59.2 5 0
2021_2_MAMBa/internal/pkg/film/usecase/mock/usecase_mock.go:62.107,65.2 2 0
2021_2_MAMBa/internal/pkg/film/usecase/mock/usecase_mock.go:68.100,74.2 5 0
2021_2_MAMBa/internal/pkg/film/usecase/mock/usecase_mock.go:77.99,80.2 2 0
2021_2_MAMBa/internal/pkg/film/usecase/mock/usecase_mock.go:83.82,89.2 5 0
2021_2_MAMBa/internal/pkg/film/usecase/mock/usecase_mock.go:92.90,95.2 2 0
2021_2_MAMBa/internal/pkg/film/usecase/mock/usecase_mock.go:98.88,104.2 5 0
2021_2_MAMBa/internal/pkg/film/usecase/mock/usecase_mock.go:107.94,110.2 2 0
2021_2_MAMBa/internal/pkg/collections/delivery/http/handlers.go:12.68,18.2 2 0
2021_2_MAMBa/internal/pkg/middlewares/logger.go:10.45,11.71 1 0
2021_2_MAMBa/internal/pkg/middlewares/logger.go:11.71,16.3 3 0
2021_2_MAMBa/internal/pkg/user/repository/db.go:14.75,16.2 1 0
2021_2_MAMBa/internal/pkg/user/repository/db.go:24.75,26.16 2 0
2021_2_MAMBa/internal/pkg/user/repository/db.go:29.2,29.22 1 0
2021_2_MAMBa/internal/pkg/user/repository/db.go:32.2,42.19 3 0
2021_2_MAMBa/internal/pkg/user/repository/db.go:26.16,28.3 1 0
2021_2_MAMBa/internal/pkg/user/repository/db.go:29.22,31.3 1 0
2021_2_MAMBa/internal/pkg/user/repository/db.go:45.69,47.16 2 0
2021_2_MAMBa/internal/pkg/user/repository/db.go:50.2,50.22 1 0
2021_2_MAMBa/internal/pkg/user/repository/db.go:53.2,63.19 3 0
2021_2_MAMBa/internal/pkg/user/repository/db.go:47.16,49.3 1 0
2021_2_MAMBa/internal/pkg/user/repository/db.go:50.22,52.3 1 0
2021_2_MAMBa/internal/pkg/user/repository/db.go:66.70,68.16 2 0
2021_2_MAMBa/internal/pkg/user/repository/db.go:71.2,72.19 2 0
2021_2_MAMBa/internal/pkg/user/repository/db.go:68.16,70.3 1 0
2021_2_MAMBa/cmd/main.go:7.13,9.2 1 0
2021_2_MAMBa/internal/pkg/person/usecase/mock/usecase_mock.go:26.71,30.2 3 0
2021_2_MAMBa/internal/pkg/person/usecase/mock/usecase_mock.go:33.69,35.2 1 0
2021_2_MAMBa/internal/pkg/person/usecase/mock/usecase_mock.go:38.92,44.2 5 0
2021_2_MAMBa/internal/pkg/person/usecase/mock/usecase_mock.go:47.94,50.2 2 0
2021_2_MAMBa/internal/pkg/person/usecase/mock/usecase_mock.go:53.79,59.2 5 0
2021_2_MAMBa/internal/pkg/person/usecase/mock/usecase_mock.go:62.83,65.2 2 0
2021_2_MAMBa/internal/pkg/domain/user.go:33.32,36.2 2 0
2021_2_MAMBa/internal/pkg/domain/user.go:38.26,40.2 1 0
2021_2_MAMBa/internal/pkg/domain/user.go:42.27,44.2 1 0
2021_2_MAMBa/internal/pkg/database/database.go:19.27,22.16 3 0
2021_2_MAMBa/internal/pkg/database/database.go:27.2,28.31 2 0
2021_2_MAMBa/internal/pkg/database/database.go:22.16,26.3 3 0
2021_2_MAMBa/internal/pkg/database/database.go:31.36,34.2 2 0
2021_2_MAMBa/internal/pkg/database/database.go:36.92,39.16 3 0
2021_2_MAMBa/internal/pkg/database/database.go:45.2,48.16 3 0
2021_2_MAMBa/internal/pkg/database/database.go:53.2,56.18 3 0
2021_2_MAMBa/internal/pkg/database/database.go:62.2,63.16 2 0
2021_2_MAMBa/internal/pkg/database/database.go:68.2,68.20 1 0
2021_2_MAMBa/internal/pkg/database/database.go:39.16,43.3 3 0
2021_2_MAMBa/internal/pkg/database/database.go:48.16,52.3 3 0
2021_2_MAMBa/internal/pkg/database/database.go:56.18,60.3 3 0
2021_2_MAMBa/internal/pkg/database/database.go:63.16,67.3 3 0
2021_2_MAMBa/internal/pkg/database/database.go:71.80,74.16 3 0
2021_2_MAMBa/internal/pkg/database/database.go:80.2,83.16 3 0
2021_2_MAMBa/internal/pkg/database/database.go:89.2,90.16 2 0
2021_2_MAMBa/internal/pkg/database/database.go:95.2,95.12 1 0
2021_2_MAMBa/internal/pkg/database/database.go:74.16,78.3 3 0
2021_2_MAMBa/internal/pkg/database/database.go:83.16,87.3 3 0
2021_2_MAMBa/internal/pkg/database/database.go:90.16,94.3 3 0
2021_2_MAMBa/internal/pkg/film/repository/db.go:18.75,20.2 1 0
2021_2_MAMBa/internal/pkg/film/repository/db.go:40.70,42.16 2 0
2021_2_MAMBa/internal/pkg/film/repository/db.go:45.2,45.22 1 0
2021_2_MAMBa/internal/pkg/film/repository/db.go:48.2,80.16 4 0
2021_2_MAMBa/internal/pkg/film/repository/db.go:83.2,85.16 3 0
2021_2_MAMBa/internal/pkg/film/repository/db.go:88.2,88.22 1 0
2021_2_MAMBa/internal/pkg/film/repository/db.go:91.2,92.24 2 0
2021_2_MAMBa/internal/pkg/film/repository/db.go:95.2,98.16 3 0
2021_2_MAMBa/internal/pkg/film/repository/db.go:101.2,101.22 1 0
2021_2_MAMBa/internal/pkg/film/repository/db.go:104.2,105.24 2 0
2021_2_MAMBa/internal/pkg/film/repository/db.go:111.2,114.16 3 0
2021_2_MAMBa/internal/pkg/film/repository/db.go:117.2,117.22 1 0
2021_2_MAMBa/internal/pkg/film/repository/db.go:120.2,121.24 2 0
2021_2_MAMBa/internal/pkg/film/repository/db.go:130.2,131.18 2 0
2021_2_MAMBa/internal/pkg/film/repository/db.go:42.16,44.3 1 0
2021_2_MAMBa/internal/pkg/film/repository/db.go:45.22,47.3 1 0
2021_2_MAMBa/internal/pkg/film/repository/db.go:80.16,82.3 1 0
2021_2_MAMBa/internal/pkg/film/repository/db.go:85.16,87.3 1 0
2021_2_MAMBa/internal/pkg/film/repository/db.go:88.22,90.3 1 0
2021_2_MAMBa/internal/pkg/film/repository/db.go:92.24,94.3 1 0
2021_2_MAMBa/internal/pkg/film/repository/db.go:98.16,100.3 1 0
2021_2_MAMBa/internal/pkg/film/repository/db.go:101.22,103.3 1 0
2021_2_MAMBa/internal/pkg/film/repository/db.go:105.24,110.3 1 0
2021_2_MAMBa/internal/pkg/film/repository/db.go:114.16,116.3 1 0
2021_2_MAMBa/internal/pkg/film/repository/db.go:117.22,119.3 1 0
2021_2_MAMBa/internal/pkg/film/repository/db.go:121.24,129.3 1 0
2021_2_MAMBa/internal/pkg/film/repository/db.go:133.105,135.16 2 0
2021_2_MAMBa/internal/pkg/film/repository/db.go:138.2,140.20 3 0
2021_2_MAMBa/internal/pkg/film/repository/db.go:145.2,148.24 4 0
2021_2_MAMBa/internal/pkg/film/repository/db.go:165.2,173.25 2 0
2021_2_MAMBa/internal/pkg/film/repository/db.go:135.16,137.3 1 0
2021_2_MAMBa/internal/pkg/film/repository/db.go:140.20,142.3 1 0
2021_2_MAMBa/internal/pkg/film/repository/db.go:148.24,151.17 3 0
2021_2_MAMBa/internal/pkg/film/repository/db.go:154.3,163.5 1 0
2021_2_MAMBa/internal/pkg/film/repository/db.go:151.17,153.4 1 0
2021_2_MAMBa/internal/pkg/film/repository/db.go:175.121,177.16 2 0
2021_2_MAMBa/internal/pkg/film/repository/db.go:180.2,182.20 3 0
2021_2_MAMBa/internal/pkg/film/repository/db.go:187.2,190.24 4 0
2021_2_MAMBa/internal/pkg/film/repository/db.go:197.2,204.25 2 0
2021_2_MAMBa/internal/pkg/film/repository/db.go:177.16,179.3 1 0
2021_2_MAMBa/internal/pkg/film/repository/db.go:182.20,184.3 1 0
2021_2_MAMBa/internal/pkg/film/repository/db.go:190.24,196.3 1 0
2021_2_MAMBa/internal/pkg/film/repository/db.go:207.104,209.16 2 0
2021_2_MAMBa/internal/pkg/film/repository/db.go:212.2,212.22 1 0
2021_2_MAMBa/internal/pkg/film/repository/db.go:223.2,224.16 2 0
2021_2_MAMBa/internal/pkg/film/repository/db.go:227.2,228.23 2 0
2021_2_MAMBa/internal/pkg/film/repository/db.go:209.16,211.3 1 0
2021_2_MAMBa/internal/pkg/film/repository/db.go:212.22,214.17 2 0
2021_2_MAMBa/internal/pkg/film/repository/db.go:214.17,216.4 1 0
2021_2_MAMBa/internal/pkg/film/repository/db.go:217.8,219.17 2 0
2021_2_MAMBa/internal/pkg/film/repository/db.go:219.17,221.4 1 0
2021_2_MAMBa/internal/pkg/film/repository/db.go:224.16,226.3 1 0
2021_2_MAMBa/internal/pkg/film/repository/db.go:232.94,234.16 2 0
2021_2_MAMBa/internal/pkg/film/repository/db.go:237.2,237.22 1 0
2021_2_MAMBa/internal/pkg/film/repository/db.go:240.2,244.16 5 0
2021_2_MAMBa/internal/pkg/film/repository/db.go:247.2,256.16 3 0
2021_2_MAMBa/internal/pkg/film/repository/db.go:259.2,262.16 4 0
2021_2_MAMBa/internal/pkg/film/repository/db.go:265.2,269.20 4 0
2021_2_MAMBa/internal/pkg/film/repository/db.go:234.16,236.3 1 0
2021_2_MAMBa/internal/pkg/film/repository/db.go:237.22,239.3 1 0
2021_2_MAMBa/internal/pkg/film/repository/db.go:244.16,246.3 1 0
2021_2_MAMBa/internal/pkg/film/repository/db.go:256.16,258.3 1 0
2021_2_MAMBa/internal/pkg/film/repository/db.go:262.16,264.3 1 0
2021_2_MAMBa/internal/pkg/film/usecase/usecase.go:9.65,13.2 1 0
2021_2_MAMBa/internal/pkg/film/usecase/usecase.go:15.146,17.16 2 0
2021_2_MAMBa/internal/pkg/film/usecase/usecase.go:20.2,21.16 2 0
2021_2_MAMBa/internal/pkg/film/usecase/usecase.go:24.2,25.16 2 0
2021_2_MAMBa/internal/pkg/film/usecase/usecase.go:28.2,34.20 2 0
2021_2_MAMBa/internal/pkg/film/usecase/usecase.go:17.16,19.3 1 0
2021_2_MAMBa/internal/pkg/film/usecase/usecase.go:21.16,23.3 1 0
2021_2_MAMBa/internal/pkg/film/usecase/usecase.go:25.16,27.3 1 0
2021_2_MAMBa/internal/pkg/film/usecase/usecase.go:37.97,39.16 2 0
2021_2_MAMBa/internal/pkg/film/usecase/usecase.go:42.2,42.20 1 0
2021_2_MAMBa/internal/pkg/film/usecase/usecase.go:39.16,41.3 1 0
2021_2_MAMBa/internal/pkg/film/usecase/usecase.go:45.100,47.16 2 0
2021_2_MAMBa/internal/pkg/film/usecase/usecase.go:50.2,50.21 1 0
2021_2_MAMBa/internal/pkg/film/usecase/usecase.go:47.16,49.3 1 0
2021_2_MAMBa/internal/pkg/film/usecase/usecase.go:52.117,54.16 2 0
2021_2_MAMBa/internal/pkg/film/usecase/usecase.go:57.2,57.29 1 0
2021_2_MAMBa/internal/pkg/film/usecase/usecase.go:54.16,56.3 1 0
2021_2_MAMBa/internal/pkg/film/usecase/usecase.go:59.89,61.16 2 0
2021_2_MAMBa/internal/pkg/film/usecase/usecase.go:64.2,64.19 1 0
2021_2_MAMBa/internal/pkg/film/usecase/usecase.go:61.16,63.3 1 0
2021_2_MAMBa/internal/pkg/utils/log/log.go:17.13,19.15 2 1
2021_2_MAMBa/internal/pkg/utils/log/log.go:19.15,21.3 1 1
2021_2_MAMBa/internal/pkg/utils/log/log.go:21.8,23.17 2 0
2021_2_MAMBa/internal/pkg/utils/log/log.go:27.3,27.24 1 0
2021_2_MAMBa/internal/pkg/utils/log/log.go:23.17,26.4 2 0
2021_2_MAMBa/internal/pkg/utils/log/log.go:31.31,37.2 1 1
2021_2_MAMBa/internal/pkg/utils/log/log.go:39.24,43.2 2 0
2021_2_MAMBa/internal/pkg/utils/log/log.go:45.23,49.2 2 0
2021_2_MAMBa/internal/pkg/utils/log/log.go:51.36,53.2 1 0
2021_2_MAMBa/internal/pkg/utils/log/log.go:55.23,59.2 2 0
2021_2_MAMBa/internal/pkg/utils/log/log.go:61.23,63.2 1 0
2021_2_MAMBa/internal/pkg/film/delivery/http/get.go:12.77,17.10 4 0
2021_2_MAMBa/internal/pkg/film/delivery/http/get.go:24.2,25.10 2 0
2021_2_MAMBa/internal/pkg/film/delivery/http/get.go:32.2,33.10 2 0
2021_2_MAMBa/internal/pkg/film/delivery/http/get.go:40.2,41.10 2 0
2021_2_MAMBa/internal/pkg/film/delivery/http/get.go:48.2,49.10 2 0
2021_2_MAMBa/internal/pkg/film/delivery/http/get.go:57.2,58.27 2 0
2021_2_MAMBa/internal/pkg/film/delivery/http/get.go:62.2,62.16 1 0
2021_2_MAMBa/internal/pkg/film/delivery/http/get.go:66.2,68.16 3 0
2021_2_MAMBa/internal/pkg/film/delivery/http/get.go:17.10,19.27 2 0
2021_2_MAMBa/internal/pkg/film/delivery/http/get.go:19.27,22.4 2 0
2021_2_MAMBa/internal/pkg/film/delivery/http/get.go:25.10,27.35 2 0
2021_2_MAMBa/internal/pkg/film/delivery/http/get.go:27.35,30.4 2 0
2021_2_MAMBa/internal/pkg/film/delivery/http/get.go:33.10,35.37 2 0
2021_2_MAMBa/internal/pkg/film/delivery/http/get.go:35.37,38.4 2 0
2021_2_MAMBa/internal/pkg/film/delivery/http/get.go:41.10,43.34 2 0
2021_2_MAMBa/internal/pkg/film/delivery/http/get.go:43.34,46.4 2 0
2021_2_MAMBa/internal/pkg/film/delivery/http/get.go:49.10,51.36 2 0
2021_2_MAMBa/internal/pkg/film/delivery/http/get.go:51.36,54.4 2 0
2021_2_MAMBa/internal/pkg/film/delivery/http/get.go:58.27,61.3 2 0
2021_2_MAMBa/internal/pkg/film/delivery/http/get.go:62.16,65.3 2 0
2021_2_MAMBa/internal/pkg/film/delivery/http/get.go:68.16,71.3 2 0
2021_2_MAMBa/internal/pkg/film/delivery/http/get.go:74.81,78.16 4 0
2021_2_MAMBa/internal/pkg/film/delivery/http/get.go:82.2,84.10 3 0
2021_2_MAMBa/internal/pkg/film/delivery/http/get.go:91.2,92.10 2 0
2021_2_MAMBa/internal/pkg/film/delivery/http/get.go:100.2,101.16 2 0
2021_2_MAMBa/internal/pkg/film/delivery/http/get.go:105.2,107.16 3 0
2021_2_MAMBa/internal/pkg/film/delivery/http/get.go:78.16,81.3 2 0
2021_2_MAMBa/internal/pkg/film/delivery/http/get.go:84.10,86.28 2 0
2021_2_MAMBa/internal/pkg/film/delivery/http/get.go:86.28,89.4 2 0
2021_2_MAMBa/internal/pkg/film/delivery/http/get.go:92.10,94.32 2 0
2021_2_MAMBa/internal/pkg/film/delivery/http/get.go:94.32,97.4 2 0
2021_2_MAMBa/internal/pkg/film/delivery/http/get.go:101.16,104.3 2 0
2021_2_MAMBa/internal/pkg/film/delivery/http/get.go:107.16,110.3 2 0
2021_2_MAMBa/internal/pkg/film/delivery/http/get.go:113.79,116.16 3 0
2021_2_MAMBa/internal/pkg/film/delivery/http/get.go:120.2,121.10 2 0
2021_2_MAMBa/internal/pkg/film/delivery/http/get.go:129.2,130.38 2 0
2021_2_MAMBa/internal/pkg/film/delivery/http/get.go:134.2,134.16 1 0
2021_2_MAMBa/internal/pkg/film/delivery/http/get.go:138.2,140.16 3 0
2021_2_MAMBa/internal/pkg/film/delivery/http/get.go:116.16,119.3 2 0
2021_2_MAMBa/internal/pkg/film/delivery/http/get.go:121.10,123.28 2 0
2021_2_MAMBa/internal/pkg/film/delivery/http/get.go:123.28,126.4 2 0
2021_2_MAMBa/internal/pkg/film/delivery/http/get.go:130.38,133.3 2 0
2021_2_MAMBa/internal/pkg/film/delivery/http/get.go:134.16,137.3 2 0
2021_2_MAMBa/internal/pkg/film/delivery/http/get.go:140.16,143.3 2 0
2021_2_MAMBa/internal/pkg/film/delivery/http/get.go:146.86,151.10 5 0
2021_2_MAMBa/internal/pkg/film/delivery/http/get.go:158.2,159.10 2 0
2021_2_MAMBa/internal/pkg/film/delivery/http/get.go:166.2,167.10 2 0
2021_2_MAMBa/internal/pkg/film/delivery/http/get.go:174.2,175.27 2 0
2021_2_MAMBa/internal/pkg/film/delivery/http/get.go:179.2,179.16 1 0
2021_2_MAMBa/internal/pkg/film/delivery/http/get.go:183.2,185.16 3 0
2021_2_MAMBa/internal/pkg/film/delivery/http/get.go:151.10,153.27 2 0
2021_2_MAMBa/internal/pkg/film/delivery/http/get.go:153.27,156.4 2 0
2021_2_MAMBa/internal/pkg/film/delivery/http/get.go:159.10,161.30 2 0
2021_2_MAMBa/internal/pkg/film/delivery/http/get.go:161.30,164.4 2 0
2021_2_MAMBa/internal/pkg/film/delivery/http/get.go:167.10,169.31 2 0
2021_2_MAMBa/internal/pkg/film/delivery/http/get.go:169.31,172.4 2 0
2021_2_MAMBa/internal/pkg/film/delivery/http/get.go:175.27,178.3 2 0
2021_2_MAMBa/internal/pkg/film/delivery/http/get.go:179.16,182.3 2 0
2021_2_MAMBa/internal/pkg/film/delivery/http/get.go:185.16,188.3 2 0
2021_2_MAMBa/internal/pkg/film/delivery/http/get.go:191.94,196.10 5 0
2021_2_MAMBa/internal/pkg/film/delivery/http/get.go:203.2,204.10 2 0
2021_2_MAMBa/internal/pkg/film/delivery/http/get.go:211.2,212.10 2 0
2021_2_MAMBa/internal/pkg/film/delivery/http/get.go:219.2,220.27 2 0
2021_2_MAMBa/internal/pkg/film/delivery/http/get.go:224.2,224.16 1 0
2021_2_MAMBa/internal/pkg/film/delivery/http/get.go:228.2,230.16 3 0
2021_2_MAMBa/internal/pkg/film/delivery/http/get.go:196.10,198.27 2 0
2021_2_MAMBa/internal/pkg/film/delivery/http/get.go:198.27,201.4 2 0
2021_2_MAMBa/internal/pkg/film/delivery/http/get.go:204.10,206.30 2 0
2021_2_MAMBa/internal/pkg/film/delivery/http/get.go:206.30,209.4 2 0
2021_2_MAMBa/internal/pkg/film/delivery/http/get.go:212.10,214.31 2 0
2021_2_MAMBa/internal/pkg/film/delivery/http/get.go:214.31,217.4 2 0
2021_2_MAMBa/internal/pkg/film/delivery/http/get.go:220.27,223.3 2 0
2021_2_MAMBa/internal/pkg/film/delivery/http/get.go:224.16,227.3 2 0
2021_2_MAMBa/internal/pkg/film/delivery/http/get.go:230.16,233.3 2 0
2021_2_MAMBa/internal/pkg/reviews/delivery/http/handlers.go:11.63,20.2 4 0
2021_2_MAMBa/internal/pkg/reviews/delivery/http/get.go:13.81,17.10 4 0
2021_2_MAMBa/internal/pkg/reviews/delivery/http/get.go:24.2,25.30 2 0
2021_2_MAMBa/internal/pkg/reviews/delivery/http/get.go:29.2,29.16 1 0
2021_2_MAMBa/internal/pkg/reviews/delivery/http/get.go:33.2,35.16 3 0
2021_2_MAMBa/internal/pkg/reviews/delivery/http/get.go:17.10,19.28 2 0
2021_2_MAMBa/internal/pkg/reviews/delivery/http/get.go:19.28,22.4 2 0
2021_2_MAMBa/internal/pkg/reviews/delivery/http/get.go:25.30,28.3 2 0
2021_2_MAMBa/internal/pkg/reviews/delivery/http/get.go:29.16,32.3 2 0
2021_2_MAMBa/internal/pkg/reviews/delivery/http/get.go:35.16,38.3 2 0
2021_2_MAMBa/internal/pkg/reviews/delivery/http/get.go:41.82,45.16 4 0
2021_2_MAMBa/internal/pkg/reviews/delivery/http/get.go:49.2,50.16 2 0
2021_2_MAMBa/internal/pkg/reviews/delivery/http/get.go:54.2,58.16 5 0
2021_2_MAMBa/internal/pkg/reviews/delivery/http/get.go:45.16,48.3 2 0
2021_2_MAMBa/internal/pkg/reviews/delivery/http/get.go:50.16,53.3 2 0
2021_2_MAMBa/internal/pkg/reviews/delivery/http/get.go:58.16,61.3 2 0
2021_2_MAMBa/internal/pkg/reviews/delivery/http/get.go:64.83,69.10 5 0
2021_2_MAMBa/internal/pkg/reviews/delivery/http/get.go:76.2,77.10 2 0
2021_2_MAMBa/internal/pkg/reviews/delivery/http/get.go:84.2,85.10 2 0
2021_2_MAMBa/internal/pkg/reviews/delivery/http/get.go:92.2,93.10 2 0
2021_2_MAMBa/internal/pkg/reviews/delivery/http/get.go:100.2,101.30 2 0
2021_2_MAMBa/internal/pkg/reviews/delivery/http/get.go:105.2,105.16 1 0
2021_2_MAMBa/internal/pkg/reviews/delivery/http/get.go:109.2,111.16 3 0
2021_2_MAMBa/internal/pkg/reviews/delivery/http/get.go:69.10,71.28 2 0
2021_2_MAMBa/internal/pkg/reviews/delivery/http/get.go:71.28,74.4 2 0
2021_2_MAMBa/internal/pkg/reviews/delivery/http/get.go:77.10,79.28 2 0
2021_2_MAMBa/internal/pkg/reviews/delivery/http/get.go:79.28,82.4 2 0
2021_2_MAMBa/internal/pkg/reviews/delivery/http/get.go:85.10,87.30 2 0
2021_2_MAMBa/internal/pkg/reviews/delivery/http/get.go:87.30,90.4 2 0
2021_2_MAMBa/internal/pkg/reviews/delivery/http/get.go:93.10,95.31 2 0
2021_2_MAMBa/internal/pkg/reviews/delivery/http/get.go:95.31,98.4 2 0
2021_2_MAMBa/internal/pkg/reviews/delivery/http/get.go:101.30,104.3 2 0
2021_2_MAMBa/internal/pkg/reviews/delivery/http/get.go:105.16,108.3 2 0
2021_2_MAMBa/internal/pkg/reviews/delivery/http/get.go:111.16,114.3 2 0
2021_2_MAMBa/internal/pkg/user/delivery/http/handlers.go:12.61,22.2 6 0
2021_2_MAMBa/internal/app/runserver.go:27.29,70.16 29 0
2021_2_MAMBa/internal/app/runserver.go:70.16,72.3 1 0
2021_2_MAMBa/internal/pkg/person/usecase/usecase.go:9.71,13.2 1 0
2021_2_MAMBa/internal/pkg/person/usecase/usecase.go:15.74,17.16 2 0
2021_2_MAMBa/internal/pkg/person/usecase/usecase.go:20.2,21.16 2 0
2021_2_MAMBa/internal/pkg/person/usecase/usecase.go:24.2,25.16 2 0
2021_2_MAMBa/internal/pkg/person/usecase/usecase.go:28.2,32.8 1 0
2021_2_MAMBa/internal/pkg/person/usecase/usecase.go:17.16,19.3 1 0
2021_2_MAMBa/internal/pkg/person/usecase/usecase.go:21.16,23.3 1 0
2021_2_MAMBa/internal/pkg/person/usecase/usecase.go:25.16,27.3 1 0
2021_2_MAMBa/internal/pkg/person/usecase/usecase.go:34.92,36.16 2 0
2021_2_MAMBa/internal/pkg/person/usecase/usecase.go:39.2,39.19 1 0
2021_2_MAMBa/internal/pkg/person/usecase/usecase.go:36.16,38.3 1 0
2021_2_MAMBa/internal/pkg/user/delivery/http/get.go:11.82,14.16 3 0
2021_2_MAMBa/internal/pkg/user/delivery/http/get.go:18.2,19.16 2 0
2021_2_MAMBa/internal/pkg/user/delivery/http/get.go:23.2,24.16 2 0
2021_2_MAMBa/internal/pkg/user/delivery/http/get.go:29.2,31.16 3 0
2021_2_MAMBa/internal/pkg/user/delivery/http/get.go:14.16,17.3 2 0
2021_2_MAMBa/internal/pkg/user/delivery/http/get.go:19.16,22.3 2 0
2021_2_MAMBa/internal/pkg/user/delivery/http/get.go:24.16,27.3 2 0
2021_2_MAMBa/internal/pkg/user/delivery/http/get.go:31.16,34.3 2 0
2021_2_MAMBa/cmd/main.go:7.13,9.2 1 0
2021_2_MAMBa/internal/pkg/user/usecase/mock/usecase_mock.go:26.67,30.2 3 0
2021_2_MAMBa/internal/pkg/user/usecase/mock/usecase_mock.go:33.65,35.2 1 0
2021_2_MAMBa/internal/pkg/user/usecase/mock/usecase_mock.go:38.71,44.2 5 0
2021_2_MAMBa/internal/pkg/user/usecase/mock/usecase_mock.go:47.81,50.2 2 0
2021_2_MAMBa/internal/pkg/user/usecase/mock/usecase_mock.go:53.74,59.2 5 0
2021_2_MAMBa/internal/pkg/user/usecase/mock/usecase_mock.go:62.84,65.2 2 0
2021_2_MAMBa/internal/pkg/user/usecase/mock/usecase_mock.go:68.80,74.2 5 0
2021_2_MAMBa/internal/pkg/user/usecase/mock/usecase_mock.go:77.77,80.2 2 0
2021_2_MAMBa/internal/pkg/user/usecase/mock/usecase_mock.go:83.76,89.2 5 0
2021_2_MAMBa/internal/pkg/user/usecase/mock/usecase_mock.go:92.80,95.2 2 0
2021_2_MAMBa/internal/pkg/reviews/usecase/mock/usecase_mock.go:26.71,30.2 3 0
2021_2_MAMBa/internal/pkg/reviews/usecase/mock/usecase_mock.go:33.69,35.2 1 0
2021_2_MAMBa/internal/pkg/reviews/usecase/mock/usecase_mock.go:38.75,44.2 5 0
2021_2_MAMBa/internal/pkg/reviews/usecase/mock/usecase_mock.go:47.83,50.2 2 0
2021_2_MAMBa/internal/pkg/reviews/usecase/mock/usecase_mock.go:53.110,59.2 5 0
2021_2_MAMBa/internal/pkg/reviews/usecase/mock/usecase_mock.go:62.109,65.2 2 0
2021_2_MAMBa/internal/pkg/reviews/usecase/mock/usecase_mock.go:68.83,74.2 5 0
2021_2_MAMBa/internal/pkg/reviews/usecase/mock/usecase_mock.go:77.84,80.2 2 0
2021_2_MAMBa/internal/pkg/user/repository/db.go:14.75,16.2 1 0
2021_2_MAMBa/internal/pkg/user/repository/db.go:24.75,26.16 2 0
2021_2_MAMBa/internal/pkg/user/repository/db.go:29.2,29.22 1 0
2021_2_MAMBa/internal/pkg/user/repository/db.go:32.2,42.19 3 0
2021_2_MAMBa/internal/pkg/user/repository/db.go:26.16,28.3 1 0
2021_2_MAMBa/internal/pkg/user/repository/db.go:29.22,31.3 1 0
2021_2_MAMBa/internal/pkg/user/repository/db.go:45.69,47.16 2 0
2021_2_MAMBa/internal/pkg/user/repository/db.go:50.2,50.22 1 0
2021_2_MAMBa/internal/pkg/user/repository/db.go:53.2,63.19 3 0
2021_2_MAMBa/internal/pkg/user/repository/db.go:47.16,49.3 1 0
2021_2_MAMBa/internal/pkg/user/repository/db.go:50.22,52.3 1 0
2021_2_MAMBa/internal/pkg/user/repository/db.go:66.70,68.16 2 0
2021_2_MAMBa/internal/pkg/user/repository/db.go:71.2,72.19 2 0
2021_2_MAMBa/internal/pkg/user/repository/db.go:68.16,70.3 1 0
2021_2_MAMBa/internal/pkg/domain/user.go:33.32,36.2 2 0
2021_2_MAMBa/internal/pkg/domain/user.go:38.26,40.2 1 0
2021_2_MAMBa/internal/pkg/domain/user.go:42.27,44.2 1 0
2021_2_MAMBa/internal/pkg/collections/usecase/usecase.go:9.86,13.2 1 0
2021_2_MAMBa/internal/pkg/collections/usecase/usecase.go:15.94,17.16 2 0
2021_2_MAMBa/internal/pkg/collections/usecase/usecase.go:20.2,20.19 1 0
2021_2_MAMBa/internal/pkg/collections/usecase/usecase.go:17.16,19.3 1 0
2021_2_MAMBa/internal/pkg/sessions/sessions.go:21.76,34.16 5 0
2021_2_MAMBa/internal/pkg/sessions/sessions.go:38.2,38.12 1 0
2021_2_MAMBa/internal/pkg/sessions/sessions.go:34.16,37.3 2 0
2021_2_MAMBa/internal/pkg/sessions/sessions.go:41.74,43.16 2 0
2021_2_MAMBa/internal/pkg/sessions/sessions.go:47.2,48.29 2 0
2021_2_MAMBa/internal/pkg/sessions/sessions.go:57.2,57.12 1 0
2021_2_MAMBa/internal/pkg/sessions/sessions.go:43.16,45.3 1 0
2021_2_MAMBa/internal/pkg/sessions/sessions.go:48.29,52.17 3 0
2021_2_MAMBa/internal/pkg/sessions/sessions.go:52.17,55.4 2 0
2021_2_MAMBa/internal/pkg/sessions/sessions.go:60.52,62.34 2 0
2021_2_MAMBa/internal/pkg/sessions/sessions.go:65.2,66.28 2 0
2021_2_MAMBa/internal/pkg/sessions/sessions.go:69.2,70.9 2 0
2021_2_MAMBa/internal/pkg/sessions/sessions.go:73.2,73.22 1 0
2021_2_MAMBa/internal/pkg/sessions/sessions.go:62.34,64.3 1 0
2021_2_MAMBa/internal/pkg/sessions/sessions.go:66.28,68.3 1 0
2021_2_MAMBa/internal/pkg/sessions/sessions.go:70.9,72.3 1 0
2021_2_MAMBa/internal/pkg/middlewares/panic.go:9.52,10.71 1 0
2021_2_MAMBa/internal/pkg/middlewares/panic.go:10.71,11.16 1 0
2021_2_MAMBa/internal/pkg/middlewares/panic.go:17.3,17.23 1 0
2021_2_MAMBa/internal/pkg/middlewares/panic.go:11.16,12.36 1 0
2021_2_MAMBa/internal/pkg/middlewares/panic.go:12.36,15.5 2 0
2021_2_MAMBa/internal/pkg/user/delivery/http/auth.go:11.78,15.16 4 0
2021_2_MAMBa/internal/pkg/user/delivery/http/auth.go:20.2,21.16 2 0
2021_2_MAMBa/internal/pkg/user/delivery/http/auth.go:26.2,27.30 2 0
2021_2_MAMBa/internal/pkg/user/delivery/http/auth.go:32.2,33.16 2 0
2021_2_MAMBa/internal/pkg/user/delivery/http/auth.go:37.2,38.21 2 0
2021_2_MAMBa/internal/pkg/user/delivery/http/auth.go:15.16,18.3 2 0
2021_2_MAMBa/internal/pkg/user/delivery/http/auth.go:21.16,24.3 2 0
2021_2_MAMBa/internal/pkg/user/delivery/http/auth.go:27.30,30.3 2 0
2021_2_MAMBa/internal/pkg/user/delivery/http/auth.go:33.16,36.3 2 0
2021_2_MAMBa/internal/pkg/user/delivery/http/auth.go:41.75,45.16 4 0
2021_2_MAMBa/internal/pkg/user/delivery/http/auth.go:50.2,51.40 2 0
2021_2_MAMBa/internal/pkg/user/delivery/http/auth.go:56.2,57.31 2 0
2021_2_MAMBa/internal/pkg/user/delivery/http/auth.go:61.2,61.37 1 0
2021_2_MAMBa/internal/pkg/user/delivery/http/auth.go:65.2,65.16 1 0
2021_2_MAMBa/internal/pkg/user/delivery/http/auth.go:70.2,71.16 2 0
2021_2_MAMBa/internal/pkg/user/delivery/http/auth.go:76.2,77.16 2 0
2021_2_MAMBa/internal/pkg/user/delivery/http/auth.go:82.2,83.21 2 0
2021_2_MAMBa/internal/pkg/user/delivery/http/auth.go:45.16,48.3 2 0
2021_2_MAMBa/internal/pkg/user/delivery/http/auth.go:51.40,54.3 2 0
2021_2_MAMBa/internal/pkg/user/delivery/http/auth.go:57.31,60.3 2 0
2021_2_MAMBa/internal/pkg/user/delivery/http/auth.go:61.37,64.3 2 0
2021_2_MAMBa/internal/pkg/user/delivery/http/auth.go:65.16,68.3 2 0
2021_2_MAMBa/internal/pkg/user/delivery/http/auth.go:71.16,74.3 2 0
2021_2_MAMBa/internal/pkg/user/delivery/http/auth.go:77.16,80.3 2 0
2021_2_MAMBa/internal/pkg/user/delivery/http/auth.go:86.76,88.40 2 0
2021_2_MAMBa/internal/pkg/user/delivery/http/auth.go:92.2,93.16 2 0
2021_2_MAMBa/internal/pkg/user/delivery/http/auth.go:97.2,97.30 1 0
2021_2_MAMBa/internal/pkg/user/delivery/http/auth.go:88.40,91.3 2 0
2021_2_MAMBa/internal/pkg/user/delivery/http/auth.go:93.16,96.3 2 0
2021_2_MAMBa/internal/pkg/user/delivery/http/auth.go:100.79,102.40 2 0
2021_2_MAMBa/internal/pkg/user/delivery/http/auth.go:106.2,106.16 1 0
2021_2_MAMBa/internal/pkg/user/delivery/http/auth.go:111.2,112.16 2 0
2021_2_MAMBa/internal/pkg/user/delivery/http/auth.go:117.2,118.16 2 0
2021_2_MAMBa/internal/pkg/user/delivery/http/auth.go:122.2,123.21 2 0
2021_2_MAMBa/internal/pkg/user/delivery/http/auth.go:102.40,105.3 2 0
2021_2_MAMBa/internal/pkg/user/delivery/http/auth.go:106.16,109.3 2 0
2021_2_MAMBa/internal/pkg/user/delivery/http/auth.go:112.16,115.3 2 0
2021_2_MAMBa/internal/pkg/user/delivery/http/auth.go:118.16,121.3 2 0
2021_2_MAMBa/internal/pkg/collections/delivery/http/get.go:10.91,15.10 4 0
2021_2_MAMBa/internal/pkg/collections/delivery/http/get.go:22.2,23.10 2 0
2021_2_MAMBa/internal/pkg/collections/delivery/http/get.go:31.2,32.34 2 0
2021_2_MAMBa/internal/pkg/collections/delivery/http/get.go:36.2,36.16 1 0
2021_2_MAMBa/internal/pkg/collections/delivery/http/get.go:40.2,42.16 3 0
2021_2_MAMBa/internal/pkg/collections/delivery/http/get.go:15.10,17.29 2 0
2021_2_MAMBa/internal/pkg/collections/delivery/http/get.go:17.29,20.4 2 0
2021_2_MAMBa/internal/pkg/collections/delivery/http/get.go:23.10,25.31 2 0
2021_2_MAMBa/internal/pkg/collections/delivery/http/get.go:25.31,28.4 2 0
2021_2_MAMBa/internal/pkg/collections/delivery/http/get.go:32.34,35.3 2 0
2021_2_MAMBa/internal/pkg/collections/delivery/http/get.go:36.16,39.3 2 0
2021_2_MAMBa/internal/pkg/collections/delivery/http/get.go:42.16,45.3 2 0
2021_2_MAMBa/internal/pkg/film/repository/db.go:18.75,20.2 1 0
2021_2_MAMBa/internal/pkg/film/repository/db.go:40.70,42.16 2 0
2021_2_MAMBa/internal/pkg/film/repository/db.go:45.2,45.22 1 0
2021_2_MAMBa/internal/pkg/film/repository/db.go:48.2,80.16 4 0
2021_2_MAMBa/internal/pkg/film/repository/db.go:83.2,85.16 3 0
2021_2_MAMBa/internal/pkg/film/repository/db.go:88.2,88.22 1 0
2021_2_MAMBa/internal/pkg/film/repository/db.go:91.2,92.24 2 0
2021_2_MAMBa/internal/pkg/film/repository/db.go:95.2,98.16 3 0
2021_2_MAMBa/internal/pkg/film/repository/db.go:101.2,101.22 1 0
2021_2_MAMBa/internal/pkg/film/repository/db.go:104.2,105.24 2 0
2021_2_MAMBa/internal/pkg/film/repository/db.go:111.2,114.16 3 0
2021_2_MAMBa/internal/pkg/film/repository/db.go:117.2,117.22 1 0
2021_2_MAMBa/internal/pkg/film/repository/db.go:120.2,121.24 2 0
2021_2_MAMBa/internal/pkg/film/repository/db.go:130.2,131.18 2 0
2021_2_MAMBa/internal/pkg/film/repository/db.go:42.16,44.3 1 0
2021_2_MAMBa/internal/pkg/film/repository/db.go:45.22,47.3 1 0
2021_2_MAMBa/internal/pkg/film/repository/db.go:80.16,82.3 1 0
2021_2_MAMBa/internal/pkg/film/repository/db.go:85.16,87.3 1 0
2021_2_MAMBa/internal/pkg/film/repository/db.go:88.22,90.3 1 0
2021_2_MAMBa/internal/pkg/film/repository/db.go:92.24,94.3 1 0
2021_2_MAMBa/internal/pkg/film/repository/db.go:98.16,100.3 1 0
2021_2_MAMBa/internal/pkg/film/repository/db.go:101.22,103.3 1 0
2021_2_MAMBa/internal/pkg/film/repository/db.go:105.24,110.3 1 0
2021_2_MAMBa/internal/pkg/film/repository/db.go:114.16,116.3 1 0
2021_2_MAMBa/internal/pkg/film/repository/db.go:117.22,119.3 1 0
2021_2_MAMBa/internal/pkg/film/repository/db.go:121.24,129.3 1 0
2021_2_MAMBa/internal/pkg/film/repository/db.go:133.105,135.16 2 0
2021_2_MAMBa/internal/pkg/film/repository/db.go:138.2,140.20 3 0
2021_2_MAMBa/internal/pkg/film/repository/db.go:145.2,148.24 4 0
2021_2_MAMBa/internal/pkg/film/repository/db.go:165.2,173.25 2 0
2021_2_MAMBa/internal/pkg/film/repository/db.go:135.16,137.3 1 0
2021_2_MAMBa/internal/pkg/film/repository/db.go:140.20,142.3 1 0
2021_2_MAMBa/internal/pkg/film/repository/db.go:148.24,151.17 3 0
2021_2_MAMBa/internal/pkg/film/repository/db.go:154.3,163.5 1 0
2021_2_MAMBa/internal/pkg/film/repository/db.go:151.17,153.4 1 0
2021_2_MAMBa/internal/pkg/film/repository/db.go:175.121,177.16 2 0
2021_2_MAMBa/internal/pkg/film/repository/db.go:180.2,182.20 3 0
2021_2_MAMBa/internal/pkg/film/repository/db.go:187.2,190.24 4 0
2021_2_MAMBa/internal/pkg/film/repository/db.go:197.2,204.25 2 0
2021_2_MAMBa/internal/pkg/film/repository/db.go:177.16,179.3 1 0
2021_2_MAMBa/internal/pkg/film/repository/db.go:182.20,184.3 1 0
2021_2_MAMBa/internal/pkg/film/repository/db.go:190.24,196.3 1 0
2021_2_MAMBa/internal/pkg/film/repository/db.go:207.104,209.16 2 0
2021_2_MAMBa/internal/pkg/film/repository/db.go:212.2,212.22 1 0
2021_2_MAMBa/internal/pkg/film/repository/db.go:223.2,224.16 2 0
2021_2_MAMBa/internal/pkg/film/repository/db.go:227.2,228.23 2 0
2021_2_MAMBa/internal/pkg/film/repository/db.go:209.16,211.3 1 0
2021_2_MAMBa/internal/pkg/film/repository/db.go:212.22,214.17 2 0
2021_2_MAMBa/internal/pkg/film/repository/db.go:214.17,216.4 1 0
2021_2_MAMBa/internal/pkg/film/repository/db.go:217.8,219.17 2 0
2021_2_MAMBa/internal/pkg/film/repository/db.go:219.17,221.4 1 0
2021_2_MAMBa/internal/pkg/film/repository/db.go:224.16,226.3 1 0
2021_2_MAMBa/internal/pkg/film/repository/db.go:232.94,234.16 2 0
2021_2_MAMBa/internal/pkg/film/repository/db.go:237.2,237.22 1 0
2021_2_MAMBa/internal/pkg/film/repository/db.go:240.2,244.16 5 0
2021_2_MAMBa/internal/pkg/film/repository/db.go:247.2,256.16 3 0
2021_2_MAMBa/internal/pkg/film/repository/db.go:259.2,262.16 4 0
2021_2_MAMBa/internal/pkg/film/repository/db.go:265.2,269.20 4 0
2021_2_MAMBa/internal/pkg/film/repository/db.go:234.16,236.3 1 0
2021_2_MAMBa/internal/pkg/film/repository/db.go:237.22,239.3 1 0
2021_2_MAMBa/internal/pkg/film/repository/db.go:244.16,246.3 1 0
2021_2_MAMBa/internal/pkg/film/repository/db.go:256.16,258.3 1 0
2021_2_MAMBa/internal/pkg/film/repository/db.go:262.16,264.3 1 0
2021_2_MAMBa/internal/pkg/middlewares/cors.go:24.40,25.71 1 0
2021_2_MAMBa/internal/pkg/middlewares/cors.go:25.71,28.11 3 0
2021_2_MAMBa/internal/pkg/middlewares/cors.go:34.3,37.28 4 0
2021_2_MAMBa/internal/pkg/middlewares/cors.go:40.3,40.20 1 0
2021_2_MAMBa/internal/pkg/middlewares/cors.go:28.11,30.4 1 0
2021_2_MAMBa/internal/pkg/middlewares/cors.go:30.9,33.4 2 0
2021_2_MAMBa/internal/pkg/middlewares/cors.go:37.28,39.4 1 0
2021_2_MAMBa/internal/pkg/middlewares/logger.go:10.45,11.71 1 0
2021_2_MAMBa/internal/pkg/middlewares/logger.go:11.71,16.3 3 0
2021_2_MAMBa/internal/pkg/reviews/delivery/http/handlers.go:11.63,20.2 4 0
2021_2_MAMBa/internal/pkg/reviews/repository/db.go:19.79,21.2 1 0
2021_2_MAMBa/internal/pkg/reviews/repository/db.go:33.76,35.16 2 0
2021_2_MAMBa/internal/pkg/reviews/repository/db.go:38.2,40.16 3 0
2021_2_MAMBa/internal/pkg/reviews/repository/db.go:43.2,54.16 5 0
2021_2_MAMBa/internal/pkg/reviews/repository/db.go:57.2,60.16 4 0
2021_2_MAMBa/internal/pkg/reviews/repository/db.go:63.2,66.20 4 0
2021_2_MAMBa/internal/pkg/reviews/repository/db.go:35.16,37.3 1 0
2021_2_MAMBa/internal/pkg/reviews/repository/db.go:40.16,42.3 1 0
2021_2_MAMBa/internal/pkg/reviews/repository/db.go:54.16,56.3 1 0
2021_2_MAMBa/internal/pkg/reviews/repository/db.go:60.16,62.3 1 0
2021_2_MAMBa/internal/pkg/reviews/repository/db.go:69.82,71.16 2 0
2021_2_MAMBa/internal/pkg/reviews/repository/db.go:74.2,74.22 1 0
2021_2_MAMBa/internal/pkg/reviews/repository/db.go:85.2,85.51 1 0
2021_2_MAMBa/internal/pkg/reviews/repository/db.go:71.16,73.3 1 0
2021_2_MAMBa/internal/pkg/reviews/repository/db.go:74.22,76.17 2 0
2021_2_MAMBa/internal/pkg/reviews/repository/db.go:76.17,78.4 1 0
2021_2_MAMBa/internal/pkg/reviews/repository/db.go:79.8,81.17 2 0
2021_2_MAMBa/internal/pkg/reviews/repository/db.go:81.17,83.4 1 0
2021_2_MAMBa/internal/pkg/reviews/repository/db.go:88.126,90.16 2 0
2021_2_MAMBa/internal/pkg/reviews/repository/db.go:93.2,95.20 3 0
2021_2_MAMBa/internal/pkg/reviews/repository/db.go:99.2,102.16 3 0
2021_2_MAMBa/internal/pkg/reviews/repository/db.go:105.2,106.23 2 0
2021_2_MAMBa/internal/pkg/reviews/repository/db.go:137.2,145.21 2 0
2021_2_MAMBa/internal/pkg/reviews/repository/db.go:90.16,92.3 1 0
2021_2_MAMBa/internal/pkg/reviews/repository/db.go:95.20,97.3 1 0
2021_2_MAMBa/internal/pkg/reviews/repository/db.go:102.16,104.3 1 0
2021_2_MAMBa/internal/pkg/reviews/repository/db.go:106.23,109.17 3 0
2021_2_MAMBa/internal/pkg/reviews/repository/db.go:112.3,123.17 5 0
2021_2_MAMBa/internal/pkg/reviews/repository/db.go:126.3,129.17 4 0
2021_2_MAMBa/internal/pkg/reviews/repository/db.go:132.3,135.42 4 0
2021_2_MAMBa/internal/pkg/reviews/repository/db.go:109.17,111.4 1 0
2021_2_MAMBa/internal/pkg/reviews/repository/db.go:123.17,125.4 1 0
2021_2_MAMBa/internal/pkg/reviews/repository/db.go:129.17,131.4 1 0
2021_2_MAMBa/internal/pkg/user/usecase/usecase.go:14.65,18.2 1 0
2021_2_MAMBa/internal/pkg/user/usecase/usecase.go:20.68,25.16 5 0
2021_2_MAMBa/internal/pkg/user/usecase/usecase.go:28.2,28.18 1 0
2021_2_MAMBa/internal/pkg/user/usecase/usecase.go:25.16,27.3 1 0
2021_2_MAMBa/internal/pkg/user/usecase/usecase.go:31.69,33.54 1 0
2021_2_MAMBa/internal/pkg/user/usecase/usecase.go:36.2,37.16 2 0
2021_2_MAMBa/internal/pkg/user/usecase/usecase.go:42.2,43.16 2 0
2021_2_MAMBa/internal/pkg/user/usecase/usecase.go:46.2,50.16 4 0
2021_2_MAMBa/internal/pkg/user/usecase/usecase.go:53.2,54.16 2 0
2021_2_MAMBa/internal/pkg/user/usecase/usecase.go:33.54,35.3 1 0
2021_2_MAMBa/internal/pkg/user/usecase/usecase.go:37.16,39.3 1 0
2021_2_MAMBa/internal/pkg/user/usecase/usecase.go:43.16,45.3 1 0
2021_2_MAMBa/internal/pkg/user/usecase/usecase.go:50.16,52.3 1 0
2021_2_MAMBa/internal/pkg/user/usecase/usecase.go:57.73,58.39 1 0
2021_2_MAMBa/internal/pkg/user/usecase/usecase.go:61.2,63.38 3 0
2021_2_MAMBa/internal/pkg/user/usecase/usecase.go:66.2,67.16 2 0
2021_2_MAMBa/internal/pkg/user/usecase/usecase.go:58.39,60.3 1 0
2021_2_MAMBa/internal/pkg/user/usecase/usecase.go:63.38,65.3 1 0
2021_2_MAMBa/internal/pkg/user/usecase/usecase.go:70.65,73.2 2 0
2021_2_MAMBa/internal/pkg/collections/usecase/mock/usecase_mock.go:26.81,30.2 3 0
2021_2_MAMBa/internal/pkg/collections/usecase/mock/usecase_mock.go:33.79,35.2 1 0
2021_2_MAMBa/internal/pkg/collections/usecase/mock/usecase_mock.go:38.93,44.2 5 0
2021_2_MAMBa/internal/pkg/collections/usecase/mock/usecase_mock.go:47.99,50.2 2 0
2021_2_MAMBa/internal/pkg/collections/delivery/http/handlers.go:12.68,18.2 2 0
2021_2_MAMBa/internal/pkg/utils/log/log.go:17.13,19.15 2 1
2021_2_MAMBa/internal/pkg/utils/log/log.go:19.15,21.3 1 1
2021_2_MAMBa/internal/pkg/utils/log/log.go:21.8,23.17 2 0
2021_2_MAMBa/internal/pkg/utils/log/log.go:27.3,27.24 1 0
2021_2_MAMBa/internal/pkg/utils/log/log.go:23.17,26.4 2 0
2021_2_MAMBa/internal/pkg/utils/log/log.go:31.31,37.2 1 1
2021_2_MAMBa/internal/pkg/utils/log/log.go:39.24,43.2 2 0
2021_2_MAMBa/internal/pkg/utils/log/log.go:45.23,49.2 2 0
2021_2_MAMBa/internal/pkg/utils/log/log.go:51.36,53.2 1 0
2021_2_MAMBa/internal/pkg/utils/log/log.go:55.23,59.2 2 0
2021_2_MAMBa/internal/pkg/utils/log/log.go:61.23,63.2 1 0
2021_2_MAMBa/internal/pkg/film/delivery/http/get.go:12.77,17.10 4 0
2021_2_MAMBa/internal/pkg/film/delivery/http/get.go:24.2,25.10 2 0
2021_2_MAMBa/internal/pkg/film/delivery/http/get.go:32.2,33.10 2 0
2021_2_MAMBa/internal/pkg/film/delivery/http/get.go:40.2,41.10 2 0
2021_2_MAMBa/internal/pkg/film/delivery/http/get.go:48.2,49.10 2 0
2021_2_MAMBa/internal/pkg/film/delivery/http/get.go:57.2,58.27 2 0
2021_2_MAMBa/internal/pkg/film/delivery/http/get.go:62.2,62.16 1 0
2021_2_MAMBa/internal/pkg/film/delivery/http/get.go:66.2,68.16 3 0
2021_2_MAMBa/internal/pkg/film/delivery/http/get.go:17.10,19.27 2 0
2021_2_MAMBa/internal/pkg/film/delivery/http/get.go:19.27,22.4 2 0
2021_2_MAMBa/internal/pkg/film/delivery/http/get.go:25.10,27.35 2 0
2021_2_MAMBa/internal/pkg/film/delivery/http/get.go:27.35,30.4 2 0
2021_2_MAMBa/internal/pkg/film/delivery/http/get.go:33.10,35.37 2 0
2021_2_MAMBa/internal/pkg/film/delivery/http/get.go:35.37,38.4 2 0
2021_2_MAMBa/internal/pkg/film/delivery/http/get.go:41.10,43.34 2 0
2021_2_MAMBa/internal/pkg/film/delivery/http/get.go:43.34,46.4 2 0
2021_2_MAMBa/internal/pkg/film/delivery/http/get.go:49.10,51.36 2 0
2021_2_MAMBa/internal/pkg/film/delivery/http/get.go:51.36,54.4 2 0
2021_2_MAMBa/internal/pkg/film/delivery/http/get.go:58.27,61.3 2 0
2021_2_MAMBa/internal/pkg/film/delivery/http/get.go:62.16,65.3 2 0
2021_2_MAMBa/internal/pkg/film/delivery/http/get.go:68.16,71.3 2 0
2021_2_MAMBa/internal/pkg/film/delivery/http/get.go:74.81,78.16 4 0
2021_2_MAMBa/internal/pkg/film/delivery/http/get.go:82.2,84.10 3 0
2021_2_MAMBa/internal/pkg/film/delivery/http/get.go:91.2,92.10 2 0
2021_2_MAMBa/internal/pkg/film/delivery/http/get.go:100.2,101.16 2 0
2021_2_MAMBa/internal/pkg/film/delivery/http/get.go:105.2,107.16 3 0
2021_2_MAMBa/internal/pkg/film/delivery/http/get.go:78.16,81.3 2 0
2021_2_MAMBa/internal/pkg/film/delivery/http/get.go:84.10,86.28 2 0
2021_2_MAMBa/internal/pkg/film/delivery/http/get.go:86.28,89.4 2 0
2021_2_MAMBa/internal/pkg/film/delivery/http/get.go:92.10,94.32 2 0
2021_2_MAMBa/internal/pkg/film/delivery/http/get.go:94.32,97.4 2 0
2021_2_MAMBa/internal/pkg/film/delivery/http/get.go:101.16,104.3 2 0
2021_2_MAMBa/internal/pkg/film/delivery/http/get.go:107.16,110.3 2 0
2021_2_MAMBa/internal/pkg/film/delivery/http/get.go:113.79,116.16 3 0
2021_2_MAMBa/internal/pkg/film/delivery/http/get.go:120.2,121.10 2 0
2021_2_MAMBa/internal/pkg/film/delivery/http/get.go:129.2,130.38 2 0
2021_2_MAMBa/internal/pkg/film/delivery/http/get.go:134.2,134.16 1 0
2021_2_MAMBa/internal/pkg/film/delivery/http/get.go:138.2,140.16 3 0
2021_2_MAMBa/internal/pkg/film/delivery/http/get.go:116.16,119.3 2 0
2021_2_MAMBa/internal/pkg/film/delivery/http/get.go:121.10,123.28 2 0
2021_2_MAMBa/internal/pkg/film/delivery/http/get.go:123.28,126.4 2 0
2021_2_MAMBa/internal/pkg/film/delivery/http/get.go:130.38,133.3 2 0
2021_2_MAMBa/internal/pkg/film/delivery/http/get.go:134.16,137.3 2 0
2021_2_MAMBa/internal/pkg/film/delivery/http/get.go:140.16,143.3 2 0
2021_2_MAMBa/internal/pkg/film/delivery/http/get.go:146.86,151.10 5 0
2021_2_MAMBa/internal/pkg/film/delivery/http/get.go:158.2,159.10 2 0
2021_2_MAMBa/internal/pkg/film/delivery/http/get.go:166.2,167.10 2 0
2021_2_MAMBa/internal/pkg/film/delivery/http/get.go:174.2,175.27 2 0
2021_2_MAMBa/internal/pkg/film/delivery/http/get.go:179.2,179.16 1 0
2021_2_MAMBa/internal/pkg/film/delivery/http/get.go:183.2,185.16 3 0
2021_2_MAMBa/internal/pkg/film/delivery/http/get.go:151.10,153.27 2 0
2021_2_MAMBa/internal/pkg/film/delivery/http/get.go:153.27,156.4 2 0
2021_2_MAMBa/internal/pkg/film/delivery/http/get.go:159.10,161.30 2 0
2021_2_MAMBa/internal/pkg/film/delivery/http/get.go:161.30,164.4 2 0
2021_2_MAMBa/internal/pkg/film/delivery/http/get.go:167.10,169.31 2 0
2021_2_MAMBa/internal/pkg/film/delivery/http/get.go:169.31,172.4 2 0
2021_2_MAMBa/internal/pkg/film/delivery/http/get.go:175.27,178.3 2 0
2021_2_MAMBa/internal/pkg/film/delivery/http/get.go:179.16,182.3 2 0
2021_2_MAMBa/internal/pkg/film/delivery/http/get.go:185.16,188.3 2 0
2021_2_MAMBa/internal/pkg/film/delivery/http/get.go:191.94,196.10 5 0
2021_2_MAMBa/internal/pkg/film/delivery/http/get.go:203.2,204.10 2 0
2021_2_MAMBa/internal/pkg/film/delivery/http/get.go:211.2,212.10 2 0
2021_2_MAMBa/internal/pkg/film/delivery/http/get.go:219.2,220.27 2 0
2021_2_MAMBa/internal/pkg/film/delivery/http/get.go:224.2,224.16 1 0
2021_2_MAMBa/internal/pkg/film/delivery/http/get.go:228.2,230.16 3 0
2021_2_MAMBa/internal/pkg/film/delivery/http/get.go:196.10,198.27 2 0
2021_2_MAMBa/internal/pkg/film/delivery/http/get.go:198.27,201.4 2 0
2021_2_MAMBa/internal/pkg/film/delivery/http/get.go:204.10,206.30 2 0
2021_2_MAMBa/internal/pkg/film/delivery/http/get.go:206.30,209.4 2 0
2021_2_MAMBa/internal/pkg/film/delivery/http/get.go:212.10,214.31 2 0
2021_2_MAMBa/internal/pkg/film/delivery/http/get.go:214.31,217.4 2 0
2021_2_MAMBa/internal/pkg/film/delivery/http/get.go:220.27,223.3 2 0
2021_2_MAMBa/internal/pkg/film/delivery/http/get.go:224.16,227.3 2 0
2021_2_MAMBa/internal/pkg/film/delivery/http/get.go:230.16,233.3 2 0
2021_2_MAMBa/internal/pkg/film/delivery/http/handlers.go:11.61,21.2 6 0
2021_2_MAMBa/internal/pkg/person/repository/db.go:16.79,18.2 1 0
2021_2_MAMBa/internal/pkg/person/repository/db.go:27.75,29.16 2 0
2021_2_MAMBa/internal/pkg/person/repository/db.go:32.2,50.16 6 0
2021_2_MAMBa/internal/pkg/person/repository/db.go:53.2,55.16 3 0
2021_2_MAMBa/internal/pkg/person/repository/db.go:58.2,60.20 3 0
2021_2_MAMBa/internal/pkg/person/repository/db.go:29.16,31.3 1 0
2021_2_MAMBa/internal/pkg/person/repository/db.go:50.16,52.3 1 0
2021_2_MAMBa/internal/pkg/person/repository/db.go:55.16,57.3 1 0
2021_2_MAMBa/internal/pkg/person/repository/db.go:62.97,64.16 2 0
2021_2_MAMBa/internal/pkg/person/repository/db.go:67.2,69.20 3 0
2021_2_MAMBa/internal/pkg/person/repository/db.go:73.2,74.16 2 0
2021_2_MAMBa/internal/pkg/person/repository/db.go:77.2,78.24 2 0
2021_2_MAMBa/internal/pkg/person/repository/db.go:89.2,96.25 2 0
2021_2_MAMBa/internal/pkg/person/repository/db.go:64.16,66.3 1 0
2021_2_MAMBa/internal/pkg/person/repository/db.go:69.20,71.3 1 0
2021_2_MAMBa/internal/pkg/person/repository/db.go:74.16,76.3 1 0
2021_2_MAMBa/internal/pkg/person/repository/db.go:78.24,87.3 2 0
2021_2_MAMBa/internal/pkg/person/repository/db.go:98.104,100.16 2 0
2021_2_MAMBa/internal/pkg/person/repository/db.go:103.2,105.20 3 0
2021_2_MAMBa/internal/pkg/person/repository/db.go:109.2,110.16 2 0
2021_2_MAMBa/internal/pkg/person/repository/db.go:113.2,114.24 2 0
2021_2_MAMBa/internal/pkg/person/repository/db.go:125.2,132.25 2 0
2021_2_MAMBa/internal/pkg/person/repository/db.go:100.16,102.3 1 0
2021_2_MAMBa/internal/pkg/person/repository/db.go:105.20,107.3 1 0
2021_2_MAMBa/internal/pkg/person/repository/db.go:110.16,112.3 1 0
2021_2_MAMBa/internal/pkg/person/repository/db.go:114.24,123.3 2 0
2021_2_MAMBa/internal/pkg/film/usecase/usecase.go:9.65,13.2 1 0
2021_2_MAMBa/internal/pkg/film/usecase/usecase.go:15.146,17.16 2 0
2021_2_MAMBa/internal/pkg/film/usecase/usecase.go:20.2,21.16 2 0
2021_2_MAMBa/internal/pkg/film/usecase/usecase.go:24.2,25.16 2 0
2021_2_MAMBa/internal/pkg/film/usecase/usecase.go:28.2,34.20 2 0
2021_2_MAMBa/internal/pkg/film/usecase/usecase.go:17.16,19.3 1 0
2021_2_MAMBa/internal/pkg/film/usecase/usecase.go:21.16,23.3 1 0
2021_2_MAMBa/internal/pkg/film/usecase/usecase.go:25.16,27.3 1 0
2021_2_MAMBa/internal/pkg/film/usecase/usecase.go:37.97,39.16 2 0
2021_2_MAMBa/internal/pkg/film/usecase/usecase.go:42.2,42.20 1 0
2021_2_MAMBa/internal/pkg/film/usecase/usecase.go:39.16,41.3 1 0
2021_2_MAMBa/internal/pkg/film/usecase/usecase.go:45.100,47.16 2 0
2021_2_MAMBa/internal/pkg/film/usecase/usecase.go:50.2,50.21 1 0
2021_2_MAMBa/internal/pkg/film/usecase/usecase.go:47.16,49.3 1 0
2021_2_MAMBa/internal/pkg/film/usecase/usecase.go:52.117,54.16 2 0
2021_2_MAMBa/internal/pkg/film/usecase/usecase.go:57.2,57.29 1 0
2021_2_MAMBa/internal/pkg/film/usecase/usecase.go:54.16,56.3 1 0
2021_2_MAMBa/internal/pkg/film/usecase/usecase.go:59.89,61.16 2 0
2021_2_MAMBa/internal/pkg/film/usecase/usecase.go:64.2,64.19 1 0
2021_2_MAMBa/internal/pkg/film/usecase/usecase.go:61.16,63.3 1 0
2021_2_MAMBa/internal/pkg/person/delivery/http/get.go:11.82,15.10 4 0
2021_2_MAMBa/internal/pkg/person/delivery/http/get.go:25.2,26.16 2 0
2021_2_MAMBa/internal/pkg/person/delivery/http/get.go:30.2,32.16 3 0
2021_2_MAMBa/internal/pkg/person/delivery/http/get.go:15.10,17.27 2 0
2021_2_MAMBa/internal/pkg/person/delivery/http/get.go:17.27,20.4 2 0
2021_2_MAMBa/internal/pkg/person/delivery/http/get.go:21.8,24.3 2 0
2021_2_MAMBa/internal/pkg/person/delivery/http/get.go:26.16,29.3 2 0
2021_2_MAMBa/internal/pkg/person/delivery/http/get.go:32.16,35.3 2 0
2021_2_MAMBa/internal/pkg/person/delivery/http/get.go:38.87,43.10 5 0
2021_2_MAMBa/internal/pkg/person/delivery/http/get.go:50.2,51.10 2 0
2021_2_MAMBa/internal/pkg/person/delivery/http/get.go:58.2,59.10 2 0
2021_2_MAMBa/internal/pkg/person/delivery/http/get.go:66.2,67.29 2 0
2021_2_MAMBa/internal/pkg/person/delivery/http/get.go:71.2,71.16 1 0
2021_2_MAMBa/internal/pkg/person/delivery/http/get.go:75.2,77.16 3 0
2021_2_MAMBa/internal/pkg/person/delivery/http/get.go:43.10,45.27 2 0
2021_2_MAMBa/internal/pkg/person/delivery/http/get.go:45.27,48.4 2 0
2021_2_MAMBa/internal/pkg/person/delivery/http/get.go:51.10,53.30 2 0
2021_2_MAMBa/internal/pkg/person/delivery/http/get.go:53.30,56.4 2 0
2021_2_MAMBa/internal/pkg/person/delivery/http/get.go:59.10,61.31 2 0
2021_2_MAMBa/internal/pkg/person/delivery/http/get.go:61.31,64.4 2 0
2021_2_MAMBa/internal/pkg/person/delivery/http/get.go:67.29,70.3 2 0
2021_2_MAMBa/internal/pkg/person/delivery/http/get.go:71.16,74.3 2 0
2021_2_MAMBa/internal/pkg/person/delivery/http/get.go:77.16,80.3 2 0
2021_2_MAMBa/internal/pkg/person/delivery/http/handlers.go:11.63,19.2 3 0
2021_2_MAMBa/internal/pkg/reviews/usecase/usecase.go:12.71,16.2 1 0
2021_2_MAMBa/internal/pkg/reviews/usecase/usecase.go:18.71,20.16 2 0
2021_2_MAMBa/internal/pkg/reviews/usecase/usecase.go:23.2,23.20 1 0
2021_2_MAMBa/internal/pkg/reviews/usecase/usecase.go:20.16,22.3 1 0
2021_2_MAMBa/internal/pkg/reviews/usecase/usecase.go:25.83,27.16 2 0
2021_2_MAMBa/internal/pkg/reviews/usecase/usecase.go:30.2,31.23 2 0
2021_2_MAMBa/internal/pkg/reviews/usecase/usecase.go:27.16,29.3 1 0
2021_2_MAMBa/internal/pkg/reviews/usecase/usecase.go:33.120,35.16 2 0
2021_2_MAMBa/internal/pkg/reviews/usecase/usecase.go:38.2,38.21 1 0
2021_2_MAMBa/internal/pkg/reviews/usecase/usecase.go:35.16,37.3 1 0
2021_2_MAMBa/internal/pkg/database/database.go:19.27,22.16 3 0
2021_2_MAMBa/internal/pkg/database/database.go:27.2,28.31 2 0
2021_2_MAMBa/internal/pkg/database/database.go:22.16,26.3 3 0
2021_2_MAMBa/internal/pkg/database/database.go:31.36,34.2 2 0
2021_2_MAMBa/internal/pkg/database/database.go:36.92,39.16 3 0
2021_2_MAMBa/internal/pkg/database/database.go:45.2,48.16 3 0
2021_2_MAMBa/internal/pkg/database/database.go:53.2,56.18 3 0
2021_2_MAMBa/internal/pkg/database/database.go:62.2,63.16 2 0
2021_2_MAMBa/internal/pkg/database/database.go:68.2,68.20 1 0
2021_2_MAMBa/internal/pkg/database/database.go:39.16,43.3 3 0
2021_2_MAMBa/internal/pkg/database/database.go:48.16,52.3 3 0
2021_2_MAMBa/internal/pkg/database/database.go:56.18,60.3 3 0
2021_2_MAMBa/internal/pkg/database/database.go:63.16,67.3 3 0
2021_2_MAMBa/internal/pkg/database/database.go:71.80,74.16 3 0
2021_2_MAMBa/internal/pkg/database/database.go:80.2,83.16 3 0
2021_2_MAMBa/internal/pkg/database/database.go:89.2,90.16 2 0
2021_2_MAMBa/internal/pkg/database/database.go:95.2,95.12 1 0
2021_2_MAMBa/internal/pkg/database/database.go:74.16,78.3 3 0
2021_2_MAMBa/internal/pkg/database/database.go:83.16,87.3 3 0
2021_2_MAMBa/internal/pkg/database/database.go:90.16,94.3 3 0
2021_2_MAMBa/internal/pkg/collections/repository/db.go:15.89,17.2 1 0
2021_2_MAMBa/internal/pkg/collections/repository/db.go:24.100,27.16 2 0
2021_2_MAMBa/internal/pkg/collections/repository/db.go:30.2,32.20 3 0
2021_2_MAMBa/internal/pkg/collections/repository/db.go:36.2,40.24 4 0
2021_2_MAMBa/internal/pkg/collections/repository/db.go:49.2,56.21 2 0
2021_2_MAMBa/internal/pkg/collections/repository/db.go:27.16,29.3 1 0
2021_2_MAMBa/internal/pkg/collections/repository/db.go:32.20,34.3 1 0
2021_2_MAMBa/internal/pkg/collections/repository/db.go:40.24,47.3 2 0
2021_2_MAMBa/internal/pkg/film/usecase/mock/usecase_mock.go:26.67,30.2 3 0
2021_2_MAMBa/internal/pkg/film/usecase/mock/usecase_mock.go:33.65,35.2 1 0
2021_2_MAMBa/internal/pkg/film/usecase/mock/usecase_mock.go:38.105,44.2 5 0
2021_2_MAMBa/internal/pkg/film/usecase/mock/usecase_mock.go:47.103,50.2 2 0
2021_2_MAMBa/internal/pkg/film/usecase/mock/usecase_mock.go:53.116,59.2 5 0
2021_2_MAMBa/internal/pkg/film/usecase/mock/usecase_mock.go:62.107,65.2 2 0
2021_2_MAMBa/internal/pkg/film/usecase/mock/usecase_mock.go:68.100,74.2 5 0
2021_2_MAMBa/internal/pkg/film/usecase/mock/usecase_mock.go:77.99,80.2 2 0
2021_2_MAMBa/internal/pkg/film/usecase/mock/usecase_mock.go:83.82,89.2 5 0
2021_2_MAMBa/internal/pkg/film/usecase/mock/usecase_mock.go:92.90,95.2 2 0
2021_2_MAMBa/internal/pkg/film/usecase/mock/usecase_mock.go:98.88,104.2 5 0
2021_2_MAMBa/internal/pkg/film/usecase/mock/usecase_mock.go:107.94,110.2 2 0
2021_2_MAMBa/internal/pkg/person/usecase/mock/usecase_mock.go:26.71,30.2 3 0
2021_2_MAMBa/internal/pkg/person/usecase/mock/usecase_mock.go:33.69,35.2 1 0
2021_2_MAMBa/internal/pkg/person/usecase/mock/usecase_mock.go:38.92,44.2 5 0
2021_2_MAMBa/internal/pkg/person/usecase/mock/usecase_mock.go:47.94,50.2 2 0
2021_2_MAMBa/internal/pkg/person/usecase/mock/usecase_mock.go:53.79,59.2 5 0
2021_2_MAMBa/internal/pkg/person/usecase/mock/usecase_mock.go:62.83,65.2 2 0
2021_2_MAMBa/internal/pkg/domain/user.go:33.32,36.2 2 0
2021_2_MAMBa/internal/pkg/domain/user.go:38.26,40.2 1 0
2021_2_MAMBa/internal/pkg/domain/user.go:42.27,44.2 1 0
2021_2_MAMBa/internal/pkg/film/delivery/http/handlers.go:11.61,21.2 6 0
2021_2_MAMBa/internal/pkg/film/repository/db.go:18.75,20.2 1 0
2021_2_MAMBa/internal/pkg/film/repository/db.go:40.70,42.16 2 0
2021_2_MAMBa/internal/pkg/film/repository/db.go:45.2,45.22 1 0
2021_2_MAMBa/internal/pkg/film/repository/db.go:48.2,80.16 4 0
2021_2_MAMBa/internal/pkg/film/repository/db.go:83.2,85.16 3 0
2021_2_MAMBa/internal/pkg/film/repository/db.go:88.2,88.22 1 0
2021_2_MAMBa/internal/pkg/film/repository/db.go:91.2,92.24 2 0
2021_2_MAMBa/internal/pkg/film/repository/db.go:95.2,98.16 3 0
2021_2_MAMBa/internal/pkg/film/repository/db.go:101.2,101.22 1 0
2021_2_MAMBa/internal/pkg/film/repository/db.go:104.2,105.24 2 0
2021_2_MAMBa/internal/pkg/film/repository/db.go:111.2,114.16 3 0
2021_2_MAMBa/internal/pkg/film/repository/db.go:117.2,117.22 1 0
2021_2_MAMBa/internal/pkg/film/repository/db.go:120.2,121.24 2 0
2021_2_MAMBa/internal/pkg/film/repository/db.go:130.2,131.18 2 0
2021_2_MAMBa/internal/pkg/film/repository/db.go:42.16,44.3 1 0
2021_2_MAMBa/internal/pkg/film/repository/db.go:45.22,47.3 1 0
2021_2_MAMBa/internal/pkg/film/repository/db.go:80.16,82.3 1 0
2021_2_MAMBa/internal/pkg/film/repository/db.go:85.16,87.3 1 0
2021_2_MAMBa/internal/pkg/film/repository/db.go:88.22,90.3 1 0
2021_2_MAMBa/internal/pkg/film/repository/db.go:92.24,94.3 1 0
2021_2_MAMBa/internal/pkg/film/repository/db.go:98.16,100.3 1 0
2021_2_MAMBa/internal/pkg/film/repository/db.go:101.22,103.3 1 0
2021_2_MAMBa/internal/pkg/film/repository/db.go:105.24,110.3 1 0
2021_2_MAMBa/internal/pkg/film/repository/db.go:114.16,116.3 1 0
2021_2_MAMBa/internal/pkg/film/repository/db.go:117.22,119.3 1 0
2021_2_MAMBa/internal/pkg/film/repository/db.go:121.24,129.3 1 0
2021_2_MAMBa/internal/pkg/film/repository/db.go:133.105,135.16 2 0
2021_2_MAMBa/internal/pkg/film/repository/db.go:138.2,140.20 3 0
2021_2_MAMBa/internal/pkg/film/repository/db.go:145.2,148.24 4 0
2021_2_MAMBa/internal/pkg/film/repository/db.go:165.2,173.25 2 0
2021_2_MAMBa/internal/pkg/film/repository/db.go:135.16,137.3 1 0
2021_2_MAMBa/internal/pkg/film/repository/db.go:140.20,142.3 1 0
2021_2_MAMBa/internal/pkg/film/repository/db.go:148.24,151.17 3 0
2021_2_MAMBa/internal/pkg/film/repository/db.go:154.3,163.5 1 0
2021_2_MAMBa/internal/pkg/film/repository/db.go:151.17,153.4 1 0
2021_2_MAMBa/internal/pkg/film/repository/db.go:175.121,177.16 2 0
2021_2_MAMBa/internal/pkg/film/repository/db.go:180.2,182.20 3 0
2021_2_MAMBa/internal/pkg/film/repository/db.go:187.2,190.24 4 0
2021_2_MAMBa/internal/pkg/film/repository/db.go:197.2,204.25 2 0
2021_2_MAMBa/internal/pkg/film/repository/db.go:177.16,179.3 1 0
2021_2_MAMBa/internal/pkg/film/repository/db.go:182.20,184.3 1 0
2021_2_MAMBa/internal/pkg/film/repository/db.go:190.24,196.3 1 0
2021_2_MAMBa/internal/pkg/film/repository/db.go:207.104,209.16 2 0
2021_2_MAMBa/internal/pkg/film/repository/db.go:212.2,212.22 1 0
2021_2_MAMBa/internal/pkg/film/repository/db.go:223.2,224.16 2 0
2021_2_MAMBa/internal/pkg/film/repository/db.go:227.2,228.23 2 0
2021_2_MAMBa/internal/pkg/film/repository/db.go:209.16,211.3 1 0
2021_2_MAMBa/internal/pkg/film/repository/db.go:212.22,214.17 2 0
2021_2_MAMBa/internal/pkg/film/repository/db.go:214.17,216.4 1 0
2021_2_MAMBa/internal/pkg/film/repository/db.go:217.8,219.17 2 0
2021_2_MAMBa/internal/pkg/film/repository/db.go:219.17,221.4 1 0
2021_2_MAMBa/internal/pkg/film/repository/db.go:224.16,226.3 1 0
2021_2_MAMBa/internal/pkg/film/repository/db.go:232.94,234.16 2 0
2021_2_MAMBa/internal/pkg/film/repository/db.go:237.2,237.22 1 0
2021_2_MAMBa/internal/pkg/film/repository/db.go:240.2,244.16 5 0
2021_2_MAMBa/internal/pkg/film/repository/db.go:247.2,256.16 3 0
2021_2_MAMBa/internal/pkg/film/repository/db.go:259.2,262.16 4 0
2021_2_MAMBa/internal/pkg/film/repository/db.go:265.2,269.20 4 0
2021_2_MAMBa/internal/pkg/film/repository/db.go:234.16,236.3 1 0
2021_2_MAMBa/internal/pkg/film/repository/db.go:237.22,239.3 1 0
2021_2_MAMBa/internal/pkg/film/repository/db.go:244.16,246.3 1 0
2021_2_MAMBa/internal/pkg/film/repository/db.go:256.16,258.3 1 0
2021_2_MAMBa/internal/pkg/film/repository/db.go:262.16,264.3 1 0
2021_2_MAMBa/internal/pkg/film/usecase/usecase.go:9.65,13.2 1 0
2021_2_MAMBa/internal/pkg/film/usecase/usecase.go:15.146,17.16 2 0
2021_2_MAMBa/internal/pkg/film/usecase/usecase.go:20.2,21.16 2 0
2021_2_MAMBa/internal/pkg/film/usecase/usecase.go:24.2,25.16 2 0
2021_2_MAMBa/internal/pkg/film/usecase/usecase.go:28.2,34.20 2 0
2021_2_MAMBa/internal/pkg/film/usecase/usecase.go:17.16,19.3 1 0
2021_2_MAMBa/internal/pkg/film/usecase/usecase.go:21.16,23.3 1 0
2021_2_MAMBa/internal/pkg/film/usecase/usecase.go:25.16,27.3 1 0
2021_2_MAMBa/internal/pkg/film/usecase/usecase.go:37.97,39.16 2 0
2021_2_MAMBa/internal/pkg/film/usecase/usecase.go:42.2,42.20 1 0
2021_2_MAMBa/internal/pkg/film/usecase/usecase.go:39.16,41.3 1 0
2021_2_MAMBa/internal/pkg/film/usecase/usecase.go:45.100,47.16 2 0
2021_2_MAMBa/internal/pkg/film/usecase/usecase.go:50.2,50.21 1 0
2021_2_MAMBa/internal/pkg/film/usecase/usecase.go:47.16,49.3 1 0
2021_2_MAMBa/internal/pkg/film/usecase/usecase.go:52.117,54.16 2 0
2021_2_MAMBa/internal/pkg/film/usecase/usecase.go:57.2,57.29 1 0
2021_2_MAMBa/internal/pkg/film/usecase/usecase.go:54.16,56.3 1 0
2021_2_MAMBa/internal/pkg/film/usecase/usecase.go:59.89,61.16 2 0
2021_2_MAMBa/internal/pkg/film/usecase/usecase.go:64.2,64.19 1 0
2021_2_MAMBa/internal/pkg/film/usecase/usecase.go:61.16,63.3 1 0
2021_2_MAMBa/internal/pkg/person/repository/db.go:16.79,18.2 1 0
2021_2_MAMBa/internal/pkg/person/repository/db.go:27.75,29.16 2 0
2021_2_MAMBa/internal/pkg/person/repository/db.go:32.2,50.16 6 0
2021_2_MAMBa/internal/pkg/person/repository/db.go:53.2,55.16 3 0
2021_2_MAMBa/internal/pkg/person/repository/db.go:58.2,60.20 3 0
2021_2_MAMBa/internal/pkg/person/repository/db.go:29.16,31.3 1 0
2021_2_MAMBa/internal/pkg/person/repository/db.go:50.16,52.3 1 0
2021_2_MAMBa/internal/pkg/person/repository/db.go:55.16,57.3 1 0
2021_2_MAMBa/internal/pkg/person/repository/db.go:62.97,64.16 2 0
2021_2_MAMBa/internal/pkg/person/repository/db.go:67.2,69.20 3 0
2021_2_MAMBa/internal/pkg/person/repository/db.go:73.2,74.16 2 0
2021_2_MAMBa/internal/pkg/person/repository/db.go:77.2,78.24 2 0
2021_2_MAMBa/internal/pkg/person/repository/db.go:89.2,96.25 2 0
2021_2_MAMBa/internal/pkg/person/repository/db.go:64.16,66.3 1 0
2021_2_MAMBa/internal/pkg/person/repository/db.go:69.20,71.3 1 0
2021_2_MAMBa/internal/pkg/person/repository/db.go:74.16,76.3 1 0
2021_2_MAMBa/internal/pkg/person/repository/db.go:78.24,87.3 2 0
2021_2_MAMBa/internal/pkg/person/repository/db.go:98.104,100.16 2 0
2021_2_MAMBa/internal/pkg/person/repository/db.go:103.2,105.20 3 0
2021_2_MAMBa/internal/pkg/person/repository/db.go:109.2,110.16 2 0
2021_2_MAMBa/internal/pkg/person/repository/db.go:113.2,114.24 2 0
2021_2_MAMBa/internal/pkg/person/repository/db.go:125.2,132.25 2 0
2021_2_MAMBa/internal/pkg/person/repository/db.go:100.16,102.3 1 0
2021_2_MAMBa/internal/pkg/person/repository/db.go:105.20,107.3 1 0
2021_2_MAMBa/internal/pkg/person/repository/db.go:110.16,112.3 1 0
2021_2_MAMBa/internal/pkg/person/repository/db.go:114.24,123.3 2 0
2021_2_MAMBa/internal/pkg/database/database.go:19.27,22.16 3 0
2021_2_MAMBa/internal/pkg/database/database.go:27.2,28.31 2 0
2021_2_MAMBa/internal/pkg/database/database.go:22.16,26.3 3 0
2021_2_MAMBa/internal/pkg/database/database.go:31.36,34.2 2 0
2021_2_MAMBa/internal/pkg/database/database.go:36.92,39.16 3 0
2021_2_MAMBa/internal/pkg/database/database.go:45.2,48.16 3 0
2021_2_MAMBa/internal/pkg/database/database.go:53.2,56.18 3 0
2021_2_MAMBa/internal/pkg/database/database.go:62.2,63.16 2 0
2021_2_MAMBa/internal/pkg/database/database.go:68.2,68.20 1 0
2021_2_MAMBa/internal/pkg/database/database.go:39.16,43.3 3 0
2021_2_MAMBa/internal/pkg/database/database.go:48.16,52.3 3 0
2021_2_MAMBa/internal/pkg/database/database.go:56.18,60.3 3 0
2021_2_MAMBa/internal/pkg/database/database.go:63.16,67.3 3 0
2021_2_MAMBa/internal/pkg/database/database.go:71.80,74.16 3 0
2021_2_MAMBa/internal/pkg/database/database.go:80.2,83.16 3 0
2021_2_MAMBa/internal/pkg/database/database.go:89.2,90.16 2 0
2021_2_MAMBa/internal/pkg/database/database.go:95.2,95.12 1 0
2021_2_MAMBa/internal/pkg/database/database.go:74.16,78.3 3 0
2021_2_MAMBa/internal/pkg/database/database.go:83.16,87.3 3 0
2021_2_MAMBa/internal/pkg/database/database.go:90.16,94.3 3 0
2021_2_MAMBa/internal/pkg/user/usecase/usecase.go:14.65,18.2 1 0
2021_2_MAMBa/internal/pkg/user/usecase/usecase.go:20.68,25.16 5 0
2021_2_MAMBa/internal/pkg/user/usecase/usecase.go:28.2,28.18 1 0
2021_2_MAMBa/internal/pkg/user/usecase/usecase.go:25.16,27.3 1 0
2021_2_MAMBa/internal/pkg/user/usecase/usecase.go:31.69,33.54 1 0
2021_2_MAMBa/internal/pkg/user/usecase/usecase.go:36.2,37.16 2 0
2021_2_MAMBa/internal/pkg/user/usecase/usecase.go:42.2,43.16 2 0
2021_2_MAMBa/internal/pkg/user/usecase/usecase.go:46.2,50.16 4 0
2021_2_MAMBa/internal/pkg/user/usecase/usecase.go:53.2,54.16 2 0
2021_2_MAMBa/internal/pkg/user/usecase/usecase.go:33.54,35.3 1 0
2021_2_MAMBa/internal/pkg/user/usecase/usecase.go:37.16,39.3 1 0
2021_2_MAMBa/internal/pkg/user/usecase/usecase.go:43.16,45.3 1 0
2021_2_MAMBa/internal/pkg/user/usecase/usecase.go:50.16,52.3 1 0
2021_2_MAMBa/internal/pkg/user/usecase/usecase.go:57.73,58.39 1 0
2021_2_MAMBa/internal/pkg/user/usecase/usecase.go:61.2,63.38 3 0
2021_2_MAMBa/internal/pkg/user/usecase/usecase.go:66.2,67.16 2 0
2021_2_MAMBa/internal/pkg/user/usecase/usecase.go:58.39,60.3 1 0
2021_2_MAMBa/internal/pkg/user/usecase/usecase.go:63.38,65.3 1 0
2021_2_MAMBa/internal/pkg/user/usecase/usecase.go:70.65,73.2 2 0
2021_2_MAMBa/internal/pkg/collections/delivery/http/handlers.go:12.68,18.2 2 0
2021_2_MAMBa/internal/pkg/person/usecase/mock/usecase_mock.go:26.71,30.2 3 1
2021_2_MAMBa/internal/pkg/person/usecase/mock/usecase_mock.go:33.69,35.2 1 1
2021_2_MAMBa/internal/pkg/person/usecase/mock/usecase_mock.go:38.92,44.2 5 1
2021_2_MAMBa/internal/pkg/person/usecase/mock/usecase_mock.go:47.94,50.2 2 1
2021_2_MAMBa/internal/pkg/person/usecase/mock/usecase_mock.go:53.79,59.2 5 1
2021_2_MAMBa/internal/pkg/person/usecase/mock/usecase_mock.go:62.83,65.2 2 1
2021_2_MAMBa/internal/pkg/person/delivery/http/handlers.go:11.63,19.2 3 0
2021_2_MAMBa/internal/pkg/middlewares/cors.go:24.40,25.71 1 0
2021_2_MAMBa/internal/pkg/middlewares/cors.go:25.71,28.11 3 0
2021_2_MAMBa/internal/pkg/middlewares/cors.go:34.3,37.28 4 0
2021_2_MAMBa/internal/pkg/middlewares/cors.go:40.3,40.20 1 0
2021_2_MAMBa/internal/pkg/middlewares/cors.go:28.11,30.4 1 0
2021_2_MAMBa/internal/pkg/middlewares/cors.go:30.9,33.4 2 0
2021_2_MAMBa/internal/pkg/middlewares/cors.go:37.28,39.4 1 0
2021_2_MAMBa/internal/pkg/middlewares/logger.go:10.45,11.71 1 0
2021_2_MAMBa/internal/pkg/middlewares/logger.go:11.71,16.3 3 0
2021_2_MAMBa/internal/pkg/user/delivery/http/handlers.go:12.61,22.2 6 0
2021_2_MAMBa/internal/pkg/user/usecase/mock/usecase_mock.go:26.67,30.2 3 0
2021_2_MAMBa/internal/pkg/user/usecase/mock/usecase_mock.go:33.65,35.2 1 0
2021_2_MAMBa/internal/pkg/user/usecase/mock/usecase_mock.go:38.71,44.2 5 0
2021_2_MAMBa/internal/pkg/user/usecase/mock/usecase_mock.go:47.81,50.2 2 0
2021_2_MAMBa/internal/pkg/user/usecase/mock/usecase_mock.go:53.74,59.2 5 0
2021_2_MAMBa/internal/pkg/user/usecase/mock/usecase_mock.go:62.84,65.2 2 0
[...]
2021_2_MAMBa/internal/pkg/collections/delivery/http/get.go:15.10,17.29 2 0
2021_2_MAMBa/internal/pkg/collections/delivery/http/get.go:17.29,20.4 2 0
2021_2_MAMBa/internal/pkg/collections/delivery/http/get.go:23.10,25.31 2 0
2021_2_MAMBa/internal/pkg/collections/delivery/http/get.go:25.31,28.4 2 0
2021_2_MAMBa/internal/pkg/collections/delivery/http/get.go:32.34,35.3 2 0
2021_2_MAMBa/internal/pkg/collections/delivery/http/get.go:36.16,39.3 2 0
2021_2_MAMBa/internal/pkg/collections/delivery/http/get.go:42.16,45.3 2 0
2021_2_MAMBa/internal/pkg/reviews/usecase/usecase.go:12.71,16.2 1 0
2021_2_MAMBa/internal/pkg/reviews/usecase/usecase.go:18.71,20.16 2 0
2021_2_MAMBa/internal/pkg/reviews/usecase/usecase.go:23.2,23.20 1 0
2021_2_MAMBa/internal/pkg/reviews/usecase/usecase.go:20.16,22.3 1 0
2021_2_MAMBa/internal/pkg/reviews/usecase/usecase.go:25.83,27.16 2 0
2021_2_MAMBa/internal/pkg/reviews/usecase/usecase.go:30.2,31.23 2 0
2021_2_MAMBa/internal/pkg/reviews/usecase/usecase.go:27.16,29.3 1 0
2021_2_MAMBa/internal/pkg/reviews/usecase/usecase.go:33.120,35.16 2 0
2021_2_MAMBa/internal/pkg/reviews/usecase/usecase.go:38.2,38.21 1 0
2021_2_MAMBa/internal/pkg/reviews/usecase/usecase.go:35.16,37.3 1 0
2021_2_MAMBa/internal/pkg/collections/usecase/mock/usecase_mock.go:26.81,30.2 3 0
2021_2_MAMBa/internal/pkg/collections/usecase/mock/usecase_mock.go:33.79,35.2 1 0
2021_2_MAMBa/internal/pkg/collections/usecase/mock/usecase_mock.go:38.93,44.2 5 0
2021_2_MAMBa/internal/pkg/collections/usecase/mock/usecase_mock.go:47.99,50.2 2 0
2021_2_MAMBa/internal/pkg/domain/user.go:33.32,36.2 2 0
2021_2_MAMBa/internal/pkg/domain/user.go:38.26,40.2 1 0
2021_2_MAMBa/internal/pkg/domain/user.go:42.27,44.2 1 0
2021_2_MAMBa/internal/pkg/middlewares/cors.go:24.40,25.71 1 0
2021_2_MAMBa/internal/pkg/middlewares/cors.go:25.71,28.11 3 0
2021_2_MAMBa/internal/pkg/middlewares/cors.go:34.3,37.28 4 0
2021_2_MAMBa/internal/pkg/middlewares/cors.go:40.3,40.20 1 0
2021_2_MAMBa/internal/pkg/middlewares/cors.go:28.11,30.4 1 0
2021_2_MAMBa/internal/pkg/middlewares/cors.go:30.9,33.4 2 0
2021_2_MAMBa/internal/pkg/middlewares/cors.go:37.28,39.4 1 0
2021_2_MAMBa/internal/pkg/person/repository/db.go:16.79,18.2 1 0
2021_2_MAMBa/internal/pkg/person/repository/db.go:27.75,29.16 2 0
2021_2_MAMBa/internal/pkg/person/repository/db.go:32.2,50.16 6 0
2021_2_MAMBa/internal/pkg/person/repository/db.go:53.2,55.16 3 0
2021_2_MAMBa/internal/pkg/person/repository/db.go:58.2,60.20 3 0
2021_2_MAMBa/internal/pkg/person/repository/db.go:29.16,31.3 1 0
2021_2_MAMBa/internal/pkg/person/repository/db.go:50.16,52.3 1 0
2021_2_MAMBa/internal/pkg/person/repository/db.go:55.16,57.3 1 0
2021_2_MAMBa/internal/pkg/person/repository/db.go:62.97,64.16 2 0
2021_2_MAMBa/internal/pkg/person/repository/db.go:67.2,69.20 3 0
2021_2_MAMBa/internal/pkg/person/repository/db.go:73.2,74.16 2 0
2021_2_MAMBa/internal/pkg/person/repository/db.go:77.2,78.24 2 0
2021_2_MAMBa/internal/pkg/person/repository/db.go:89.2,96.25 2 0
2021_2_MAMBa/internal/pkg/person/repository/db.go:64.16,66.3 1 0
2021_2_MAMBa/internal/pkg/person/repository/db.go:69.20,71.3 1 0
2021_2_MAMBa/internal/pkg/person/repository/db.go:74.16,76.3 1 0
2021_2_MAMBa/internal/pkg/person/repository/db.go:78.24,87.3 2 0
2021_2_MAMBa/internal/pkg/person/repository/db.go:98.104,100.16 2 0
2021_2_MAMBa/internal/pkg/person/repository/db.go:103.2,105.20 3 0
2021_2_MAMBa/internal/pkg/person/repository/db.go:109.2,110.16 2 0
2021_2_MAMBa/internal/pkg/person/repository/db.go:113.2,114.24 2 0
2021_2_MAMBa/internal/pkg/person/repository/db.go:125.2,132.25 2 0
2021_2_MAMBa/internal/pkg/person/repository/db.go:100.16,102.3 1 0
2021_2_MAMBa/internal/pkg/person/repository/db.go:105.20,107.3 1 0
2021_2_MAMBa/internal/pkg/person/repository/db.go:110.16,112.3 1 0
2021_2_MAMBa/internal/pkg/person/repository/db.go:114.24,123.3 2 0
2021_2_MAMBa/internal/pkg/person/usecase/mock/usecase_mock.go:26.71,30.2 3 0
2021_2_MAMBa/internal/pkg/person/usecase/mock/usecase_mock.go:33.69,35.2 1 0
2021_2_MAMBa/internal/pkg/person/usecase/mock/usecase_mock.go:38.92,44.2 5 0
2021_2_MAMBa/internal/pkg/person/usecase/mock/usecase_mock.go:47.94,50.2 2 0
2021_2_MAMBa/internal/pkg/person/usecase/mock/usecase_mock.go:53.79,59.2 5 0
2021_2_MAMBa/internal/pkg/person/usecase/mock/usecase_mock.go:62.83,65.2 2 0
2021_2_MAMBa/internal/pkg/sessions/sessions.go:21.76,34.16 5 0
2021_2_MAMBa/internal/pkg/sessions/sessions.go:38.2,38.12 1 0
2021_2_MAMBa/internal/pkg/sessions/sessions.go:34.16,37.3 2 0
2021_2_MAMBa/internal/pkg/sessions/sessions.go:41.74,43.16 2 0
2021_2_MAMBa/internal/pkg/sessions/sessions.go:47.2,48.29 2 0
2021_2_MAMBa/internal/pkg/sessions/sessions.go:57.2,57.12 1 0
2021_2_MAMBa/internal/pkg/sessions/sessions.go:43.16,45.3 1 0
2021_2_MAMBa/internal/pkg/sessions/sessions.go:48.29,52.17 3 0
2021_2_MAMBa/internal/pkg/sessions/sessions.go:52.17,55.4 2 0
2021_2_MAMBa/internal/pkg/sessions/sessions.go:60.52,62.34 2 0
2021_2_MAMBa/internal/pkg/sessions/sessions.go:65.2,66.28 2 0
2021_2_MAMBa/internal/pkg/sessions/sessions.go:69.2,70.9 2 0
2021_2_MAMBa/internal/pkg/sessions/sessions.go:73.2,73.22 1 0
2021_2_MAMBa/internal/pkg/sessions/sessions.go:62.34,64.3 1 0
2021_2_MAMBa/internal/pkg/sessions/sessions.go:66.28,68.3 1 0
2021_2_MAMBa/internal/pkg/sessions/sessions.go:70.9,72.3 1 0
2021_2_MAMBa/internal/pkg/film/delivery/http/handlers.go:11.61,21.2 6 0
2021_2_MAMBa/internal/pkg/middlewares/logger.go:10.45,11.71 1 0
2021_2_MAMBa/internal/pkg/middlewares/logger.go:11.71,16.3 3 0
2021_2_MAMBa/cmd/main.go:7.13,9.2 1 0
2021_2_MAMBa/internal/pkg/user/usecase/mock/usecase_mock.go:26.67,30.2 3 0
2021_2_MAMBa/internal/pkg/user/usecase/mock/usecase_mock.go:33.65,35.2 1 0
2021_2_MAMBa/internal/pkg/user/usecase/mock/usecase_mock.go:38.71,44.2 5 0
2021_2_MAMBa/internal/pkg/user/usecase/mock/usecase_mock.go:47.81,50.2 2 0
2021_2_MAMBa/internal/pkg/user/usecase/mock/usecase_mock.go:53.74,59.2 5 0
2021_2_MAMBa/internal/pkg/user/usecase/mock/usecase_mock.go:62.84,65.2 2 0
2021_2_MAMBa/internal/pkg/user/usecase/mock/usecase_mock.go:68.80,74.2 5 0
2021_2_MAMBa/internal/pkg/user/usecase/mock/usecase_mock.go:77.77,80.2 2 0
2021_2_MAMBa/internal/pkg/user/usecase/mock/usecase_mock.go:83.76,89.2 5 0
2021_2_MAMBa/internal/pkg/user/usecase/mock/usecase_mock.go:92.80,95.2 2 0
2021_2_MAMBa/internal/pkg/utils/log/log.go:17.13,19.15 2 1
2021_2_MAMBa/internal/pkg/utils/log/log.go:19.15,21.3 1 1
2021_2_MAMBa/internal/pkg/utils/log/log.go:21.8,23.17 2 0
2021_2_MAMBa/internal/pkg/utils/log/log.go:27.3,27.24 1 0
2021_2_MAMBa/internal/pkg/utils/log/log.go:23.17,26.4 2 0
2021_2_MAMBa/internal/pkg/utils/log/log.go:31.31,37.2 1 1
2021_2_MAMBa/internal/pkg/utils/log/log.go:39.24,43.2 2 0
2021_2_MAMBa/internal/pkg/utils/log/log.go:45.23,49.2 2 0
2021_2_MAMBa/internal/pkg/utils/log/log.go:51.36,53.2 1 0
2021_2_MAMBa/internal/pkg/utils/log/log.go:55.23,59.2 2 0
2021_2_MAMBa/internal/pkg/utils/log/log.go:61.23,63.2 1 0
2021_2_MAMBa/internal/pkg/collections/usecase/usecase.go:9.86,13.2 1 0
2021_2_MAMBa/internal/pkg/collections/usecase/usecase.go:15.94,17.16 2 0
2021_2_MAMBa/internal/pkg/collections/usecase/usecase.go:20.2,20.19 1 0
2021_2_MAMBa/internal/pkg/collections/usecase/usecase.go:17.16,19.3 1 0
2021_2_MAMBa/internal/pkg/person/delivery/http/get.go:11.82,15.10 4 0
2021_2_MAMBa/internal/pkg/person/delivery/http/get.go:25.2,26.16 2 0
2021_2_MAMBa/internal/pkg/person/delivery/http/get.go:30.2,32.16 3 0
2021_2_MAMBa/internal/pkg/person/delivery/http/get.go:15.10,17.27 2 0
2021_2_MAMBa/internal/pkg/person/delivery/http/get.go:17.27,20.4 2 0
2021_2_MAMBa/internal/pkg/person/delivery/http/get.go:21.8,24.3 2 0
2021_2_MAMBa/internal/pkg/person/delivery/http/get.go:26.16,29.3 2 0
2021_2_MAMBa/internal/pkg/person/delivery/http/get.go:32.16,35.3 2 0
2021_2_MAMBa/internal/pkg/person/delivery/http/get.go:38.87,43.10 5 0
2021_2_MAMBa/internal/pkg/person/delivery/http/get.go:50.2,51.10 2 0
2021_2_MAMBa/internal/pkg/person/delivery/http/get.go:58.2,59.10 2 0
2021_2_MAMBa/internal/pkg/person/delivery/http/get.go:66.2,67.29 2 0
2021_2_MAMBa/internal/pkg/person/delivery/http/get.go:71.2,71.16 1 0
2021_2_MAMBa/internal/pkg/person/delivery/http/get.go:75.2,77.16 3 0
2021_2_MAMBa/internal/pkg/person/delivery/http/get.go:43.10,45.27 2 0
2021_2_MAMBa/internal/pkg/person/delivery/http/get.go:45.27,48.4 2 0
2021_2_MAMBa/internal/pkg/person/delivery/http/get.go:51.10,53.30 2 0
2021_2_MAMBa/internal/pkg/person/delivery/http/get.go:53.30,56.4 2 0
2021_2_MAMBa/internal/pkg/person/delivery/http/get.go:59.10,61.31 2 0
2021_2_MAMBa/internal/pkg/person/delivery/http/get.go:61.31,64.4 2 0
2021_2_MAMBa/internal/pkg/person/delivery/http/get.go:67.29,70.3 2 0
2021_2_MAMBa/internal/pkg/person/delivery/http/get.go:71.16,74.3 2 0
2021_2_MAMBa/internal/pkg/person/delivery/http/get.go:77.16,80.3 2 0
2021_2_MAMBa/internal/app/runserver.go:27.29,70.16 29 0
2021_2_MAMBa/internal/app/runserver.go:70.16,72.3 1 0
2021_2_MAMBa/internal/pkg/reviews/usecase/mock/usecase_mock.go:26.71,30.2 3 0
2021_2_MAMBa/internal/pkg/reviews/usecase/mock/usecase_mock.go:33.69,35.2 1 0
2021_2_MAMBa/internal/pkg/reviews/usecase/mock/usecase_mock.go:38.75,44.2 5 0
2021_2_MAMBa/internal/pkg/reviews/usecase/mock/usecase_mock.go:47.83,50.2 2 0
2021_2_MAMBa/internal/pkg/reviews/usecase/mock/usecase_mock.go:53.110,59.2 5 0
2021_2_MAMBa/internal/pkg/reviews/usecase/mock/usecase_mock.go:62.109,65.2 2 0
2021_2_MAMBa/internal/pkg/reviews/usecase/mock/usecase_mock.go:68.83,74.2 5 0
2021_2_MAMBa/internal/pkg/reviews/usecase/mock/usecase_mock.go:77.84,80.2 2 0
2021_2_MAMBa/internal/pkg/collections/delivery/http/handlers.go:12.68,18.2 2 0
2021_2_MAMBa/internal/pkg/database/database.go:19.27,22.16 3 0
2021_2_MAMBa/internal/pkg/database/database.go:27.2,28.31 2 0
2021_2_MAMBa/internal/pkg/database/database.go:22.16,26.3 3 0
2021_2_MAMBa/internal/pkg/database/database.go:31.36,34.2 2 0
2021_2_MAMBa/internal/pkg/database/database.go:36.92,39.16 3 1
2021_2_MAMBa/internal/pkg/database/database.go:45.2,48.16 3 1
2021_2_MAMBa/internal/pkg/database/database.go:53.2,56.18 3 1
2021_2_MAMBa/internal/pkg/database/database.go:62.2,63.16 2 1
2021_2_MAMBa/internal/pkg/database/database.go:68.2,68.20 1 1
2021_2_MAMBa/internal/pkg/database/database.go:39.16,43.3 3 0
2021_2_MAMBa/internal/pkg/database/database.go:48.16,52.3 3 0
2021_2_MAMBa/internal/pkg/database/database.go:56.18,60.3 3 1
2021_2_MAMBa/internal/pkg/database/database.go:63.16,67.3 3 0
2021_2_MAMBa/internal/pkg/database/database.go:71.80,74.16 3 0
2021_2_MAMBa/internal/pkg/database/database.go:80.2,83.16 3 0
2021_2_MAMBa/internal/pkg/database/database.go:89.2,90.16 2 0
2021_2_MAMBa/internal/pkg/database/database.go:95.2,95.12 1 0
2021_2_MAMBa/internal/pkg/database/database.go:74.16,78.3 3 0
2021_2_MAMBa/internal/pkg/database/database.go:83.16,87.3 3 0
2021_2_MAMBa/internal/pkg/database/database.go:90.16,94.3 3 0
2021_2_MAMBa/internal/pkg/film/repository/db.go:18.75,20.2 1 0
2021_2_MAMBa/internal/pkg/film/repository/db.go:40.70,42.16 2 0
2021_2_MAMBa/internal/pkg/film/repository/db.go:45.2,45.22 1 0
2021_2_MAMBa/internal/pkg/film/repository/db.go:48.2,80.16 4 0
2021_2_MAMBa/internal/pkg/film/repository/db.go:83.2,85.16 3 0
2021_2_MAMBa/internal/pkg/film/repository/db.go:88.2,88.22 1 0
2021_2_MAMBa/internal/pkg/film/repository/db.go:91.2,92.24 2 0
2021_2_MAMBa/internal/pkg/film/repository/db.go:95.2,98.16 3 0
2021_2_MAMBa/internal/pkg/film/repository/db.go:101.2,101.22 1 0
2021_2_MAMBa/internal/pkg/film/repository/db.go:104.2,105.24 2 0
2021_2_MAMBa/internal/pkg/film/repository/db.go:111.2,114.16 3 0
2021_2_MAMBa/internal/pkg/film/repository/db.go:117.2,117.22 1 0
2021_2_MAMBa/internal/pkg/film/repository/db.go:120.2,121.24 2 0
2021_2_MAMBa/internal/pkg/film/repository/db.go:130.2,131.18 2 0
2021_2_MAMBa/internal/pkg/film/repository/db.go:42.16,44.3 1 0
2021_2_MAMBa/internal/pkg/film/repository/db.go:45.22,47.3 1 0
2021_2_MAMBa/internal/pkg/film/repository/db.go:80.16,82.3 1 0
2021_2_MAMBa/internal/pkg/film/repository/db.go:85.16,87.3 1 0
2021_2_MAMBa/internal/pkg/film/repository/db.go:88.22,90.3 1 0
2021_2_MAMBa/internal/pkg/film/repository/db.go:92.24,94.3 1 0
2021_2_MAMBa/internal/pkg/film/repository/db.go:98.16,100.3 1 0
2021_2_MAMBa/internal/pkg/film/repository/db.go:101.22,103.3 1 0
2021_2_MAMBa/internal/pkg/film/repository/db.go:105.24,110.3 1 0
2021_2_MAMBa/internal/pkg/film/repository/db.go:114.16,116.3 1 0
2021_2_MAMBa/internal/pkg/film/repository/db.go:117.22,119.3 1 0
2021_2_MAMBa/internal/pkg/film/repository/db.go:121.24,129.3 1 0
2021_2_MAMBa/internal/pkg/film/repository/db.go:133.105,135.16 2 0
2021_2_MAMBa/internal/pkg/film/repository/db.go:138.2,140.20 3 0
2021_2_MAMBa/internal/pkg/film/repository/db.go:145.2,148.24 4 0
2021_2_MAMBa/internal/pkg/film/repository/db.go:165.2,173.25 2 0
2021_2_MAMBa/internal/pkg/film/repository/db.go:135.16,137.3 1 0
2021_2_MAMBa/internal/pkg/film/repository/db.go:140.20,142.3 1 0
2021_2_MAMBa/internal/pkg/film/repository/db.go:148.24,151.17 3 0
2021_2_MAMBa/internal/pkg/film/repository/db.go:154.3,163.5 1 0
2021_2_MAMBa/internal/pkg/film/repository/db.go:151.17,153.4 1 0
2021_2_MAMBa/internal/pkg/film/repository/db.go:175.121,177.16 2 0
2021_2_MAMBa/internal/pkg/film/repository/db.go:180.2,182.20 3 0
2021_2_MAMBa/internal/pkg/film/repository/db.go:187.2,190.24 4 0
2021_2_MAMBa/internal/pkg/film/repository/db.go:197.2,204.25 2 0
2021_2_MAMBa/internal/pkg/film/repository/db.go:177.16,179.3 1 0
2021_2_MAMBa/internal/pkg/film/repository/db.go:182.20,184.3 1 0
2021_2_MAMBa/internal/pkg/film/repository/db.go:190.24,196.3 1 0
2021_2_MAMBa/internal/pkg/film/repository/db.go:207.104,209.16 2 0
2021_2_MAMBa/internal/pkg/film/repository/db.go:212.2,212.22 1 0
2021_2_MAMBa/internal/pkg/film/repository/db.go:223.2,224.16 2 0
2021_2_MAMBa/internal/pkg/film/repository/db.go:227.2,228.23 2 0
2021_2_MAMBa/internal/pkg/film/repository/db.go:209.16,211.3 1 0
2021_2_MAMBa/internal/pkg/film/repository/db.go:212.22,214.17 2 0
2021_2_MAMBa/internal/pkg/film/repository/db.go:214.17,216.4 1 0
2021_2_MAMBa/internal/pkg/film/repository/db.go:217.8,219.17 2 0
2021_2_MAMBa/internal/pkg/film/repository/db.go:219.17,221.4 1 0
2021_2_MAMBa/internal/pkg/film/repository/db.go:224.16,226.3 1 0
2021_2_MAMBa/internal/pkg/film/repository/db.go:232.94,234.16 2 0
2021_2_MAMBa/internal/pkg/film/repository/db.go:237.2,237.22 1 0
2021_2_MAMBa/internal/pkg/film/repository/db.go:240.2,244.16 5 0
2021_2_MAMBa/internal/pkg/film/repository/db.go:247.2,256.16 3 0
2021_2_MAMBa/internal/pkg/film/repository/db.go:259.2,262.16 4 0
2021_2_MAMBa/internal/pkg/film/repository/db.go:265.2,269.20 4 0
2021_2_MAMBa/internal/pkg/film/repository/db.go:234.16,236.3 1 0
2021_2_MAMBa/internal/pkg/film/repository/db.go:237.22,239.3 1 0
2021_2_MAMBa/internal/pkg/film/repository/db.go:244.16,246.3 1 0
2021_2_MAMBa/internal/pkg/film/repository/db.go:256.16,258.3 1 0
2021_2_MAMBa/internal/pkg/film/repository/db.go:262.16,264.3 1 0
2021_2_MAMBa/internal/pkg/film/usecase/usecase.go:9.65,13.2 1 0
2021_2_MAMBa/internal/pkg/film/usecase/usecase.go:15.146,17.16 2 0
2021_2_MAMBa/internal/pkg/film/usecase/usecase.go:20.2,21.16 2 0
2021_2_MAMBa/internal/pkg/film/usecase/usecase.go:24.2,25.16 2 0
2021_2_MAMBa/internal/pkg/film/usecase/usecase.go:28.2,34.20 2 0
2021_2_MAMBa/internal/pkg/film/usecase/usecase.go:17.16,19.3 1 0
2021_2_MAMBa/internal/pkg/film/usecase/usecase.go:21.16,23.3 1 0
2021_2_MAMBa/internal/pkg/film/usecase/usecase.go:25.16,27.3 1 0
2021_2_MAMBa/internal/pkg/film/usecase/usecase.go:37.97,39.16 2 0
2021_2_MAMBa/internal/pkg/film/usecase/usecase.go:42.2,42.20 1 0
2021_2_MAMBa/internal/pkg/film/usecase/usecase.go:39.16,41.3 1 0
2021_2_MAMBa/internal/pkg/film/usecase/usecase.go:45.100,47.16 2 0
2021_2_MAMBa/internal/pkg/film/usecase/usecase.go:50.2,50.21 1 0
2021_2_MAMBa/internal/pkg/film/usecase/usecase.go:47.16,49.3 1 0
2021_2_MAMBa/internal/pkg/film/usecase/usecase.go:52.117,54.16 2 0
2021_2_MAMBa/internal/pkg/film/usecase/usecase.go:57.2,57.29 1 0
2021_2_MAMBa/internal/pkg/film/usecase/usecase.go:54.16,56.3 1 0
2021_2_MAMBa/internal/pkg/film/usecase/usecase.go:59.89,61.16 2 0
2021_2_MAMBa/internal/pkg/film/usecase/usecase.go:64.2,64.19 1 0
2021_2_MAMBa/internal/pkg/film/usecase/usecase.go:61.16,63.3 1 0
2021_2_MAMBa/internal/pkg/middlewares/panic.go:9.52,10.71 1 0
2021_2_MAMBa/internal/pkg/middlewares/panic.go:10.71,11.16 1 0
2021_2_MAMBa/internal/pkg/middlewares/panic.go:17.3,17.23 1 0
2021_2_MAMBa/internal/pkg/middlewares/panic.go:11.16,12.36 1 0
2021_2_MAMBa/internal/pkg/middlewares/panic.go:12.36,15.5 2 0
2021_2_MAMBa/internal/pkg/person/usecase/usecase.go:9.71,13.2 1 0
2021_2_MAMBa/internal/pkg/person/usecase/usecase.go:15.74,17.16 2 0
2021_2_MAMBa/internal/pkg/person/usecase/usecase.go:20.2,21.16 2 0
2021_2_MAMBa/internal/pkg/person/usecase/usecase.go:24.2,25.16 2 0
2021_2_MAMBa/internal/pkg/person/usecase/usecase.go:28.2,32.8 1 0
2021_2_MAMBa/internal/pkg/person/usecase/usecase.go:17.16,19.3 1 0
2021_2_MAMBa/internal/pkg/person/usecase/usecase.go:21.16,23.3 1 0
2021_2_MAMBa/internal/pkg/person/usecase/usecase.go:25.16,27.3 1 0
2021_2_MAMBa/internal/pkg/person/usecase/usecase.go:34.92,36.16 2 0
2021_2_MAMBa/internal/pkg/person/usecase/usecase.go:39.2,39.19 1 0
2021_2_MAMBa/internal/pkg/person/usecase/usecase.go:36.16,38.3 1 0
2021_2_MAMBa/internal/pkg/user/delivery/http/handlers.go:12.61,22.2 6 0
2021_2_MAMBa/internal/pkg/user/delivery/http/auth.go:11.78,15.16 4 0
2021_2_MAMBa/internal/pkg/user/delivery/http/auth.go:20.2,21.16 2 0
2021_2_MAMBa/internal/pkg/user/delivery/http/auth.go:26.2,27.30 2 0
2021_2_MAMBa/internal/pkg/user/delivery/http/auth.go:32.2,33.16 2 0
2021_2_MAMBa/internal/pkg/user/delivery/http/auth.go:37.2,38.21 2 0
2021_2_MAMBa/internal/pkg/user/delivery/http/auth.go:15.16,18.3 2 0
2021_2_MAMBa/internal/pkg/user/delivery/http/auth.go:21.16,24.3 2 0
2021_2_MAMBa/internal/pkg/user/delivery/http/auth.go:27.30,30.3 2 0
2021_2_MAMBa/internal/pkg/user/delivery/http/auth.go:33.16,36.3 2 0
2021_2_MAMBa/internal/pkg/user/delivery/http/auth.go:41.75,45.16 4 0
2021_2_MAMBa/internal/pkg/user/delivery/http/auth.go:50.2,51.40 2 0
2021_2_MAMBa/internal/pkg/user/delivery/http/auth.go:56.2,57.31 2 0
2021_2_MAMBa/internal/pkg/user/delivery/http/auth.go:61.2,61.37 1 0
2021_2_MAMBa/internal/pkg/user/delivery/http/auth.go:65.2,65.16 1 0
2021_2_MAMBa/internal/pkg/user/delivery/http/auth.go:70.2,71.16 2 0
2021_2_MAMBa/internal/pkg/user/delivery/http/auth.go:76.2,77.16 2 0
2021_2_MAMBa/internal/pkg/user/delivery/http/auth.go:82.2,83.21 2 0
2021_2_MAMBa/internal/pkg/user/delivery/http/auth.go:45.16,48.3 2 0
2021_2_MAMBa/internal/pkg/user/delivery/http/auth.go:51.40,54.3 2 0
2021_2_MAMBa/internal/pkg/user/delivery/http/auth.go:57.31,60.3 2 0
2021_2_MAMBa/internal/pkg/user/delivery/http/auth.go:61.37,64.3 2 0
2021_2_MAMBa/internal/pkg/user/delivery/http/auth.go:65.16,68.3 2 0
2021_2_MAMBa/internal/pkg/user/delivery/http/auth.go:71.16,74.3 2 0
2021_2_MAMBa/internal/pkg/user/delivery/http/auth.go:77.16,80.3 2 0
2021_2_MAMBa/internal/pkg/user/delivery/http/auth.go:86.76,88.40 2 0
2021_2_MAMBa/internal/pkg/user/delivery/http/auth.go:92.2,93.16 2 0
2021_2_MAMBa/internal/pkg/user/delivery/http/auth.go:97.2,97.30 1 0
2021_2_MAMBa/internal/pkg/user/delivery/http/auth.go:88.40,91.3 2 0
2021_2_MAMBa/internal/pkg/user/delivery/http/auth.go:93.16,96.3 2 0
2021_2_MAMBa/internal/pkg/user/delivery/http/auth.go:100.79,102.40 2 0
2021_2_MAMBa/internal/pkg/user/delivery/http/auth.go:106.2,106.16 1 0
2021_2_MAMBa/internal/pkg/user/delivery/http/auth.go:111.2,112.16 2 0
2021_2_MAMBa/internal/pkg/user/delivery/http/auth.go:117.2,118.16 2 0
2021_2_MAMBa/internal/pkg/user/delivery/http/auth.go:122.2,123.21 2 0
2021_2_MAMBa/internal/pkg/user/delivery/http/auth.go:102.40,105.3 2 0
2021_2_MAMBa/internal/pkg/user/delivery/http/auth.go:106.16,109.3 2 0
2021_2_MAMBa/internal/pkg/user/delivery/http/auth.go:112.16,115.3 2 0
2021_2_MAMBa/internal/pkg/user/delivery/http/auth.go:118.16,121.3 2 0
