mode: set
2021_2_MAMBa/internal/pkg/collections/usecase/usecase.go:9.86,13.2 1 0
2021_2_MAMBa/internal/pkg/collections/usecase/usecase.go:15.94,17.16 2 0
2021_2_MAMBa/internal/pkg/collections/usecase/usecase.go:20.2,20.19 1 0
2021_2_MAMBa/internal/pkg/collections/usecase/usecase.go:17.16,19.3 1 0
2021_2_MAMBa/internal/pkg/film/delivery/http/handlers.go:11.61,21.2 6 0
2021_2_MAMBa/internal/pkg/film/repository/db.go:15.75,17.2 1 0
2021_2_MAMBa/internal/pkg/film/repository/db.go:37.69,39.36 2 0
2021_2_MAMBa/internal/pkg/film/repository/db.go:42.2,74.16 4 0
2021_2_MAMBa/internal/pkg/film/repository/db.go:77.2,79.36 3 0
2021_2_MAMBa/internal/pkg/film/repository/db.go:82.2,83.24 2 0
2021_2_MAMBa/internal/pkg/film/repository/db.go:86.2,89.16 3 0
2021_2_MAMBa/internal/pkg/film/repository/db.go:92.2,92.22 1 0
2021_2_MAMBa/internal/pkg/film/repository/db.go:95.2,96.24 2 0
2021_2_MAMBa/internal/pkg/film/repository/db.go:102.2,105.16 3 0
2021_2_MAMBa/internal/pkg/film/repository/db.go:108.2,108.22 1 0
2021_2_MAMBa/internal/pkg/film/repository/db.go:111.2,112.24 2 0
2021_2_MAMBa/internal/pkg/film/repository/db.go:121.2,122.18 2 0
2021_2_MAMBa/internal/pkg/film/repository/db.go:39.36,41.3 1 0
2021_2_MAMBa/internal/pkg/film/repository/db.go:74.16,76.3 1 0
2021_2_MAMBa/internal/pkg/film/repository/db.go:79.36,81.3 1 0
2021_2_MAMBa/internal/pkg/film/repository/db.go:83.24,85.3 1 0
2021_2_MAMBa/internal/pkg/film/repository/db.go:89.16,91.3 1 0
2021_2_MAMBa/internal/pkg/film/repository/db.go:92.22,94.3 1 0
2021_2_MAMBa/internal/pkg/film/repository/db.go:96.24,101.3 1 0
2021_2_MAMBa/internal/pkg/film/repository/db.go:105.16,107.3 1 0
2021_2_MAMBa/internal/pkg/film/repository/db.go:108.22,110.3 1 0
2021_2_MAMBa/internal/pkg/film/repository/db.go:112.24,120.3 1 0
2021_2_MAMBa/internal/pkg/film/repository/db.go:125.104,127.16 2 0
2021_2_MAMBa/internal/pkg/film/repository/db.go:130.2,131.20 2 0
2021_2_MAMBa/internal/pkg/film/repository/db.go:134.2,136.16 3 0
2021_2_MAMBa/internal/pkg/film/repository/db.go:139.2,140.24 2 0
2021_2_MAMBa/internal/pkg/film/repository/db.go:156.2,164.25 2 0
2021_2_MAMBa/internal/pkg/film/repository/db.go:127.16,129.3 1 0
2021_2_MAMBa/internal/pkg/film/repository/db.go:131.20,133.3 1 0
2021_2_MAMBa/internal/pkg/film/repository/db.go:136.16,138.3 1 0
2021_2_MAMBa/internal/pkg/film/repository/db.go:140.24,142.17 2 0
2021_2_MAMBa/internal/pkg/film/repository/db.go:145.3,154.5 1 0
2021_2_MAMBa/internal/pkg/film/repository/db.go:142.17,144.4 1 0
2021_2_MAMBa/internal/pkg/film/repository/db.go:167.120,169.16 2 0
2021_2_MAMBa/internal/pkg/film/repository/db.go:172.2,173.20 2 0
2021_2_MAMBa/internal/pkg/film/repository/db.go:177.2,180.24 4 0
2021_2_MAMBa/internal/pkg/film/repository/db.go:187.2,194.25 2 0
2021_2_MAMBa/internal/pkg/film/repository/db.go:169.16,171.3 1 0
2021_2_MAMBa/internal/pkg/film/repository/db.go:173.20,175.3 1 0
2021_2_MAMBa/internal/pkg/film/repository/db.go:180.24,186.3 1 0
2021_2_MAMBa/internal/pkg/film/repository/db.go:197.102,199.16 2 0
2021_2_MAMBa/internal/pkg/film/repository/db.go:202.2,202.22 1 0
2021_2_MAMBa/internal/pkg/film/repository/db.go:213.2,214.16 2 0
2021_2_MAMBa/internal/pkg/film/repository/db.go:217.2,218.23 2 0
2021_2_MAMBa/internal/pkg/film/repository/db.go:199.16,201.3 1 0
2021_2_MAMBa/internal/pkg/film/repository/db.go:202.22,204.17 2 0
2021_2_MAMBa/internal/pkg/film/repository/db.go:204.17,206.4 1 0
2021_2_MAMBa/internal/pkg/film/repository/db.go:207.8,209.17 2 0
2021_2_MAMBa/internal/pkg/film/repository/db.go:209.17,211.4 1 0
2021_2_MAMBa/internal/pkg/film/repository/db.go:214.16,216.3 1 0
2021_2_MAMBa/internal/pkg/film/repository/db.go:221.93,223.16 2 0
2021_2_MAMBa/internal/pkg/film/repository/db.go:226.2,226.22 1 0
2021_2_MAMBa/internal/pkg/film/repository/db.go:229.2,232.16 4 0
2021_2_MAMBa/internal/pkg/film/repository/db.go:235.2,244.16 3 0
2021_2_MAMBa/internal/pkg/film/repository/db.go:247.2,250.16 4 0
2021_2_MAMBa/internal/pkg/film/repository/db.go:253.2,257.20 4 0
2021_2_MAMBa/internal/pkg/film/repository/db.go:223.16,225.3 1 0
2021_2_MAMBa/internal/pkg/film/repository/db.go:226.22,228.3 1 0
2021_2_MAMBa/internal/pkg/film/repository/db.go:232.16,234.3 1 0
2021_2_MAMBa/internal/pkg/film/repository/db.go:244.16,246.3 1 0
2021_2_MAMBa/internal/pkg/film/repository/db.go:250.16,252.3 1 0
2021_2_MAMBa/internal/pkg/middlewares/panic.go:9.52,10.71 1 0
2021_2_MAMBa/internal/pkg/middlewares/panic.go:10.71,11.16 1 0
2021_2_MAMBa/internal/pkg/middlewares/panic.go:17.3,17.23 1 0
2021_2_MAMBa/internal/pkg/middlewares/panic.go:11.16,12.36 1 0
2021_2_MAMBa/internal/pkg/middlewares/panic.go:12.36,15.5 2 0
2021_2_MAMBa/internal/app/runserver.go:27.29,70.16 29 0
2021_2_MAMBa/internal/app/runserver.go:70.16,72.3 1 0
2021_2_MAMBa/internal/pkg/film/usecase/mock/usecase_mock.go:26.67,30.2 3 0
2021_2_MAMBa/internal/pkg/film/usecase/mock/usecase_mock.go:33.65,35.2 1 0
2021_2_MAMBa/internal/pkg/film/usecase/mock/usecase_mock.go:38.105,44.2 5 0
2021_2_MAMBa/internal/pkg/film/usecase/mock/usecase_mock.go:47.103,50.2 2 0
2021_2_MAMBa/internal/pkg/film/usecase/mock/usecase_mock.go:53.116,59.2 5 0
2021_2_MAMBa/internal/pkg/film/usecase/mock/usecase_mock.go:62.107,65.2 2 0
2021_2_MAMBa/internal/pkg/film/usecase/mock/usecase_mock.go:68.100,74.2 5 0
2021_2_MAMBa/internal/pkg/film/usecase/mock/usecase_mock.go:77.99,80.2 2 0
2021_2_MAMBa/internal/pkg/film/usecase/mock/usecase_mock.go:83.82,89.2 5 0
2021_2_MAMBa/internal/pkg/film/usecase/mock/usecase_mock.go:92.90,95.2 2 0
2021_2_MAMBa/internal/pkg/film/usecase/mock/usecase_mock.go:98.88,104.2 5 0
2021_2_MAMBa/internal/pkg/film/usecase/mock/usecase_mock.go:107.94,110.2 2 0
2021_2_MAMBa/internal/pkg/collections/delivery/http/handlers.go:12.68,18.2 2 0
2021_2_MAMBa/internal/pkg/utils/cast/cast.go:10.38,12.2 1 0
2021_2_MAMBa/internal/pkg/utils/cast/cast.go:14.37,16.2 1 0
2021_2_MAMBa/internal/pkg/utils/cast/cast.go:18.39,20.2 1 0
2021_2_MAMBa/internal/pkg/utils/cast/cast.go:22.37,24.2 1 0
2021_2_MAMBa/internal/pkg/utils/cast/cast.go:26.45,30.2 3 0
2021_2_MAMBa/internal/pkg/middlewares/cors.go:24.40,25.71 1 0
2021_2_MAMBa/internal/pkg/middlewares/cors.go:25.71,28.11 3 0
2021_2_MAMBa/internal/pkg/middlewares/cors.go:34.3,37.28 4 0
2021_2_MAMBa/internal/pkg/middlewares/cors.go:40.3,40.20 1 0
2021_2_MAMBa/internal/pkg/middlewares/cors.go:28.11,30.4 1 0
2021_2_MAMBa/internal/pkg/middlewares/cors.go:30.9,33.4 2 0
2021_2_MAMBa/internal/pkg/middlewares/cors.go:37.28,39.4 1 0
2021_2_MAMBa/internal/pkg/reviews/repository/db.go:15.79,17.2 1 0
2021_2_MAMBa/internal/pkg/reviews/repository/db.go:29.76,31.16 2 0
2021_2_MAMBa/internal/pkg/reviews/repository/db.go:34.2,35.16 2 0
2021_2_MAMBa/internal/pkg/reviews/repository/db.go:38.2,49.16 5 0
2021_2_MAMBa/internal/pkg/reviews/repository/db.go:52.2,55.16 4 0
2021_2_MAMBa/internal/pkg/reviews/repository/db.go:58.2,61.20 4 0
2021_2_MAMBa/internal/pkg/reviews/repository/db.go:31.16,33.3 1 0
2021_2_MAMBa/internal/pkg/reviews/repository/db.go:35.16,37.3 1 0
2021_2_MAMBa/internal/pkg/reviews/repository/db.go:49.16,51.3 1 0
2021_2_MAMBa/internal/pkg/reviews/repository/db.go:55.16,57.3 1 0
2021_2_MAMBa/internal/pkg/reviews/repository/db.go:64.82,66.16 2 0
2021_2_MAMBa/internal/pkg/reviews/repository/db.go:69.2,69.22 1 0
2021_2_MAMBa/internal/pkg/reviews/repository/db.go:80.2,80.41 1 0
2021_2_MAMBa/internal/pkg/reviews/repository/db.go:66.16,68.3 1 0
2021_2_MAMBa/internal/pkg/reviews/repository/db.go:69.22,71.17 2 0
2021_2_MAMBa/internal/pkg/reviews/repository/db.go:71.17,73.4 1 0
2021_2_MAMBa/internal/pkg/reviews/repository/db.go:74.8,76.17 2 0
2021_2_MAMBa/internal/pkg/reviews/repository/db.go:76.17,78.4 1 0
2021_2_MAMBa/internal/pkg/reviews/repository/db.go:83.126,85.16 2 0
2021_2_MAMBa/internal/pkg/reviews/repository/db.go:88.2,89.20 2 0
2021_2_MAMBa/internal/pkg/reviews/repository/db.go:93.2,96.16 3 0
2021_2_MAMBa/internal/pkg/reviews/repository/db.go:99.2,100.23 2 0
2021_2_MAMBa/internal/pkg/reviews/repository/db.go:130.2,138.21 2 0
2021_2_MAMBa/internal/pkg/reviews/repository/db.go:85.16,87.3 1 0
2021_2_MAMBa/internal/pkg/reviews/repository/db.go:89.20,91.3 1 0
2021_2_MAMBa/internal/pkg/reviews/repository/db.go:96.16,98.3 1 0
2021_2_MAMBa/internal/pkg/reviews/repository/db.go:100.23,102.17 2 0
2021_2_MAMBa/internal/pkg/reviews/repository/db.go:105.3,116.17 5 0
2021_2_MAMBa/internal/pkg/reviews/repository/db.go:119.3,122.17 4 0
2021_2_MAMBa/internal/pkg/reviews/repository/db.go:125.3,128.42 4 0
2021_2_MAMBa/internal/pkg/reviews/repository/db.go:102.17,104.4 1 0
2021_2_MAMBa/internal/pkg/reviews/repository/db.go:116.17,118.4 1 0
2021_2_MAMBa/internal/pkg/reviews/repository/db.go:122.17,124.4 1 0
2021_2_MAMBa/internal/pkg/person/delivery/http/handlers.go:11.63,19.2 3 0
2021_2_MAMBa/internal/pkg/utils/log/log.go:17.13,19.15 2 1
2021_2_MAMBa/internal/pkg/utils/log/log.go:19.15,21.3 1 1
2021_2_MAMBa/internal/pkg/utils/log/log.go:21.8,23.17 2 0
2021_2_MAMBa/internal/pkg/utils/log/log.go:27.3,27.24 1 0
2021_2_MAMBa/internal/pkg/utils/log/log.go:23.17,26.4 2 0
2021_2_MAMBa/internal/pkg/utils/log/log.go:31.31,37.2 1 1
2021_2_MAMBa/internal/pkg/utils/log/log.go:39.24,43.2 2 0
2021_2_MAMBa/internal/pkg/utils/log/log.go:45.23,49.2 2 0
2021_2_MAMBa/internal/pkg/utils/log/log.go:51.36,53.2 1 0
2021_2_MAMBa/internal/pkg/utils/log/log.go:55.23,59.2 2 0
2021_2_MAMBa/internal/pkg/utils/log/log.go:61.23,63.2 1 0
2021_2_MAMBa/internal/pkg/collections/repository/db.go:14.89,16.2 1 0
2021_2_MAMBa/internal/pkg/collections/repository/db.go:23.100,25.16 2 0
2021_2_MAMBa/internal/pkg/collections/repository/db.go:28.2,29.20 2 0
2021_2_MAMBa/internal/pkg/collections/repository/db.go:33.2,37.24 4 0
2021_2_MAMBa/internal/pkg/collections/repository/db.go:46.2,53.21 2 0
2021_2_MAMBa/internal/pkg/collections/repository/db.go:25.16,27.3 1 0
2021_2_MAMBa/internal/pkg/collections/repository/db.go:29.20,31.3 1 0
2021_2_MAMBa/internal/pkg/collections/repository/db.go:37.24,44.3 2 0
2021_2_MAMBa/internal/pkg/film/usecase/usecase.go:9.65,13.2 1 0
2021_2_MAMBa/internal/pkg/film/usecase/usecase.go:15.146,17.16 2 0
2021_2_MAMBa/internal/pkg/film/usecase/usecase.go:20.2,21.16 2 0
2021_2_MAMBa/internal/pkg/film/usecase/usecase.go:24.2,25.16 2 0
2021_2_MAMBa/internal/pkg/film/usecase/usecase.go:28.2,34.20 2 0
2021_2_MAMBa/internal/pkg/film/usecase/usecase.go:17.16,19.3 1 0
2021_2_MAMBa/internal/pkg/film/usecase/usecase.go:21.16,23.3 1 0
2021_2_MAMBa/internal/pkg/film/usecase/usecase.go:25.16,27.3 1 0
2021_2_MAMBa/internal/pkg/film/usecase/usecase.go:37.97,39.16 2 0
2021_2_MAMBa/internal/pkg/film/usecase/usecase.go:42.2,42.20 1 0
2021_2_MAMBa/internal/pkg/film/usecase/usecase.go:39.16,41.3 1 0
2021_2_MAMBa/internal/pkg/film/usecase/usecase.go:45.100,47.16 2 0
2021_2_MAMBa/internal/pkg/film/usecase/usecase.go:50.2,50.21 1 0
2021_2_MAMBa/internal/pkg/film/usecase/usecase.go:47.16,49.3 1 0
2021_2_MAMBa/internal/pkg/film/usecase/usecase.go:52.117,54.16 2 0
2021_2_MAMBa/internal/pkg/film/usecase/usecase.go:57.2,57.29 1 0
2021_2_MAMBa/internal/pkg/film/usecase/usecase.go:54.16,56.3 1 0
2021_2_MAMBa/internal/pkg/film/usecase/usecase.go:59.89,61.16 2 0
2021_2_MAMBa/internal/pkg/film/usecase/usecase.go:64.2,64.19 1 0
2021_2_MAMBa/internal/pkg/film/usecase/usecase.go:61.16,63.3 1 0
2021_2_MAMBa/internal/pkg/user/usecase/usecase.go:13.65,17.2 1 0
2021_2_MAMBa/internal/pkg/user/usecase/usecase.go:19.68,23.16 4 0
2021_2_MAMBa/internal/pkg/user/usecase/usecase.go:26.2,26.18 1 0
2021_2_MAMBa/internal/pkg/user/usecase/usecase.go:23.16,25.3 1 0
2021_2_MAMBa/internal/pkg/user/usecase/usecase.go:29.69,31.54 1 0
2021_2_MAMBa/internal/pkg/user/usecase/usecase.go:34.2,35.16 2 0
2021_2_MAMBa/internal/pkg/user/usecase/usecase.go:40.2,41.16 2 0
2021_2_MAMBa/internal/pkg/user/usecase/usecase.go:44.2,48.16 4 0
2021_2_MAMBa/internal/pkg/user/usecase/usecase.go:51.2,52.16 2 0
2021_2_MAMBa/internal/pkg/user/usecase/usecase.go:31.54,33.3 1 0
2021_2_MAMBa/internal/pkg/user/usecase/usecase.go:35.16,37.3 1 0
2021_2_MAMBa/internal/pkg/user/usecase/usecase.go:41.16,43.3 1 0
2021_2_MAMBa/internal/pkg/user/usecase/usecase.go:48.16,50.3 1 0
2021_2_MAMBa/internal/pkg/user/usecase/usecase.go:55.73,56.39 1 0
2021_2_MAMBa/internal/pkg/user/usecase/usecase.go:59.2,61.38 3 0
2021_2_MAMBa/internal/pkg/user/usecase/usecase.go:64.2,65.16 2 0
2021_2_MAMBa/internal/pkg/user/usecase/usecase.go:56.39,58.3 1 0
2021_2_MAMBa/internal/pkg/user/usecase/usecase.go:61.38,63.3 1 0
2021_2_MAMBa/internal/pkg/user/usecase/usecase.go:68.65,71.2 2 0
2021_2_MAMBa/cmd/main.go:7.13,9.2 1 0
2021_2_MAMBa/internal/pkg/database/database.go:28.27,31.16 3 0
2021_2_MAMBa/internal/pkg/database/database.go:36.2,37.31 2 0
2021_2_MAMBa/internal/pkg/database/database.go:31.16,35.3 3 0
2021_2_MAMBa/internal/pkg/database/database.go:40.36,43.2 2 0
2021_2_MAMBa/internal/pkg/database/database.go:45.92,48.16 3 0
2021_2_MAMBa/internal/pkg/database/database.go:54.2,57.16 3 0
2021_2_MAMBa/internal/pkg/database/database.go:62.2,65.18 3 0
2021_2_MAMBa/internal/pkg/database/database.go:71.2,72.16 2 0
2021_2_MAMBa/internal/pkg/database/database.go:77.2,77.20 1 0
2021_2_MAMBa/internal/pkg/database/database.go:48.16,52.3 3 0
2021_2_MAMBa/internal/pkg/database/database.go:57.16,61.3 3 0
2021_2_MAMBa/internal/pkg/database/database.go:65.18,69.3 3 0
2021_2_MAMBa/internal/pkg/database/database.go:72.16,76.3 3 0
2021_2_MAMBa/internal/pkg/database/database.go:80.80,83.16 3 0
2021_2_MAMBa/internal/pkg/database/database.go:89.2,92.16 3 0
2021_2_MAMBa/internal/pkg/database/database.go:98.2,99.16 2 0
2021_2_MAMBa/internal/pkg/database/database.go:104.2,104.12 1 0
2021_2_MAMBa/internal/pkg/database/database.go:83.16,87.3 3 0
2021_2_MAMBa/internal/pkg/database/database.go:92.16,96.3 3 0
2021_2_MAMBa/internal/pkg/database/database.go:99.16,103.3 3 0
2021_2_MAMBa/internal/pkg/film/delivery/http/get.go:18.77,22.16 3 0
2021_2_MAMBa/internal/pkg/film/delivery/http/get.go:25.2,26.16 2 0
2021_2_MAMBa/internal/pkg/film/delivery/http/get.go:29.2,30.16 2 0
2021_2_MAMBa/internal/pkg/film/delivery/http/get.go:33.2,34.16 2 0
2021_2_MAMBa/internal/pkg/film/delivery/http/get.go:37.2,38.16 2 0
2021_2_MAMBa/internal/pkg/film/delivery/http/get.go:42.2,43.35 2 0
2021_2_MAMBa/internal/pkg/film/delivery/http/get.go:47.2,47.16 1 0
2021_2_MAMBa/internal/pkg/film/delivery/http/get.go:51.2,53.16 3 0
2021_2_MAMBa/internal/pkg/film/delivery/http/get.go:22.16,24.3 1 0
2021_2_MAMBa/internal/pkg/film/delivery/http/get.go:26.16,28.3 1 0
2021_2_MAMBa/internal/pkg/film/delivery/http/get.go:30.16,32.3 1 0
2021_2_MAMBa/internal/pkg/film/delivery/http/get.go:34.16,36.3 1 0
2021_2_MAMBa/internal/pkg/film/delivery/http/get.go:38.16,40.3 1 0
2021_2_MAMBa/internal/pkg/film/delivery/http/get.go:43.35,46.3 2 0
2021_2_MAMBa/internal/pkg/film/delivery/http/get.go:47.16,50.3 2 0
2021_2_MAMBa/internal/pkg/film/delivery/http/get.go:53.16,56.3 2 0
2021_2_MAMBa/internal/pkg/film/delivery/http/get.go:59.81,61.16 2 0
2021_2_MAMBa/internal/pkg/film/delivery/http/get.go:65.2,66.16 2 0
2021_2_MAMBa/internal/pkg/film/delivery/http/get.go:69.2,70.16 2 0
2021_2_MAMBa/internal/pkg/film/delivery/http/get.go:74.2,75.16 2 0
2021_2_MAMBa/internal/pkg/film/delivery/http/get.go:79.2,81.16 3 0
2021_2_MAMBa/internal/pkg/film/delivery/http/get.go:61.16,64.3 2 0
2021_2_MAMBa/internal/pkg/film/delivery/http/get.go:66.16,68.3 1 0
2021_2_MAMBa/internal/pkg/film/delivery/http/get.go:70.16,72.3 1 0
2021_2_MAMBa/internal/pkg/film/delivery/http/get.go:75.16,78.3 2 0
2021_2_MAMBa/internal/pkg/film/delivery/http/get.go:81.16,84.3 2 0
2021_2_MAMBa/internal/pkg/film/delivery/http/get.go:87.79,89.16 2 0
2021_2_MAMBa/internal/pkg/film/delivery/http/get.go:93.2,94.16 2 0
2021_2_MAMBa/internal/pkg/film/delivery/http/get.go:98.2,99.46 2 0
2021_2_MAMBa/internal/pkg/film/delivery/http/get.go:103.2,103.16 1 0
2021_2_MAMBa/internal/pkg/film/delivery/http/get.go:107.2,109.16 3 0
2021_2_MAMBa/internal/pkg/film/delivery/http/get.go:89.16,92.3 2 0
2021_2_MAMBa/internal/pkg/film/delivery/http/get.go:94.16,96.3 1 0
2021_2_MAMBa/internal/pkg/film/delivery/http/get.go:99.46,102.3 2 0
2021_2_MAMBa/internal/pkg/film/delivery/http/get.go:103.16,106.3 2 0
2021_2_MAMBa/internal/pkg/film/delivery/http/get.go:109.16,112.3 2 0
2021_2_MAMBa/internal/pkg/film/delivery/http/get.go:115.86,118.16 3 0
2021_2_MAMBa/internal/pkg/film/delivery/http/get.go:121.2,122.16 2 0
2021_2_MAMBa/internal/pkg/film/delivery/http/get.go:125.2,126.16 2 0
2021_2_MAMBa/internal/pkg/film/delivery/http/get.go:130.2,131.35 2 0
2021_2_MAMBa/internal/pkg/film/delivery/http/get.go:135.2,135.16 1 0
2021_2_MAMBa/internal/pkg/film/delivery/http/get.go:139.2,141.16 3 0
2021_2_MAMBa/internal/pkg/film/delivery/http/get.go:118.16,120.3 1 0
2021_2_MAMBa/internal/pkg/film/delivery/http/get.go:122.16,124.3 1 0
2021_2_MAMBa/internal/pkg/film/delivery/http/get.go:126.16,128.3 1 0
2021_2_MAMBa/internal/pkg/film/delivery/http/get.go:131.35,134.3 2 0
2021_2_MAMBa/internal/pkg/film/delivery/http/get.go:135.16,138.3 2 0
2021_2_MAMBa/internal/pkg/film/delivery/http/get.go:141.16,144.3 2 0
2021_2_MAMBa/internal/pkg/film/delivery/http/get.go:147.94,150.16 3 0
2021_2_MAMBa/internal/pkg/film/delivery/http/get.go:153.2,154.16 2 0
2021_2_MAMBa/internal/pkg/film/delivery/http/get.go:157.2,158.16 2 0
2021_2_MAMBa/internal/pkg/film/delivery/http/get.go:161.2,162.35 2 0
2021_2_MAMBa/internal/pkg/film/delivery/http/get.go:166.2,166.16 1 0
2021_2_MAMBa/internal/pkg/film/delivery/http/get.go:170.2,172.16 3 0
2021_2_MAMBa/internal/pkg/film/delivery/http/get.go:150.16,152.3 1 0
2021_2_MAMBa/internal/pkg/film/delivery/http/get.go:154.16,156.3 1 0
2021_2_MAMBa/internal/pkg/film/delivery/http/get.go:158.16,160.3 1 0
2021_2_MAMBa/internal/pkg/film/delivery/http/get.go:162.35,165.3 2 0
2021_2_MAMBa/internal/pkg/film/delivery/http/get.go:166.16,169.3 2 0
2021_2_MAMBa/internal/pkg/film/delivery/http/get.go:172.16,175.3 2 0
2021_2_MAMBa/internal/pkg/person/usecase/usecase.go:12.71,16.2 1 0
2021_2_MAMBa/internal/pkg/person/usecase/usecase.go:18.74,19.13 1 0
2021_2_MAMBa/internal/pkg/person/usecase/usecase.go:22.2,23.16 2 0
2021_2_MAMBa/internal/pkg/person/usecase/usecase.go:26.2,27.16 2 0
2021_2_MAMBa/internal/pkg/person/usecase/usecase.go:30.2,31.16 2 0
2021_2_MAMBa/internal/pkg/person/usecase/usecase.go:34.2,38.8 1 0
2021_2_MAMBa/internal/pkg/person/usecase/usecase.go:19.13,21.3 1 0
2021_2_MAMBa/internal/pkg/person/usecase/usecase.go:23.16,25.3 1 0
2021_2_MAMBa/internal/pkg/person/usecase/usecase.go:27.16,29.3 1 0
2021_2_MAMBa/internal/pkg/person/usecase/usecase.go:31.16,33.3 1 0
2021_2_MAMBa/internal/pkg/person/usecase/usecase.go:40.92,42.16 2 0
2021_2_MAMBa/internal/pkg/person/usecase/usecase.go:45.2,45.19 1 0
2021_2_MAMBa/internal/pkg/person/usecase/usecase.go:42.16,44.3 1 0
2021_2_MAMBa/internal/pkg/middlewares/logger.go:10.45,11.71 1 0
2021_2_MAMBa/internal/pkg/middlewares/logger.go:11.71,16.3 3 0
2021_2_MAMBa/internal/pkg/reviews/delivery/http/get.go:17.81,20.16 3 0
2021_2_MAMBa/internal/pkg/reviews/delivery/http/get.go:23.2,24.35 2 0
2021_2_MAMBa/internal/pkg/reviews/delivery/http/get.go:28.2,28.16 1 0
2021_2_MAMBa/internal/pkg/reviews/delivery/http/get.go:32.2,34.16 3 0
2021_2_MAMBa/internal/pkg/reviews/delivery/http/get.go:20.16,22.3 1 0
2021_2_MAMBa/internal/pkg/reviews/delivery/http/get.go:24.35,27.3 2 0
2021_2_MAMBa/internal/pkg/reviews/delivery/http/get.go:28.16,31.3 2 0
2021_2_MAMBa/internal/pkg/reviews/delivery/http/get.go:34.16,37.3 2 0
2021_2_MAMBa/internal/pkg/reviews/delivery/http/get.go:40.82,44.16 4 0
2021_2_MAMBa/internal/pkg/reviews/delivery/http/get.go:48.2,49.16 2 0
2021_2_MAMBa/internal/pkg/reviews/delivery/http/get.go:53.2,57.16 5 0
2021_2_MAMBa/internal/pkg/reviews/delivery/http/get.go:44.16,47.3 2 0
2021_2_MAMBa/internal/pkg/reviews/delivery/http/get.go:49.16,52.3 2 0
2021_2_MAMBa/internal/pkg/reviews/delivery/http/get.go:57.16,60.3 2 0
2021_2_MAMBa/internal/pkg/reviews/delivery/http/get.go:63.83,66.16 3 0
2021_2_MAMBa/internal/pkg/reviews/delivery/http/get.go:69.2,70.16 2 0
2021_2_MAMBa/internal/pkg/reviews/delivery/http/get.go:73.2,74.16 2 0
2021_2_MAMBa/internal/pkg/reviews/delivery/http/get.go:77.2,78.16 2 0
2021_2_MAMBa/internal/pkg/reviews/delivery/http/get.go:81.2,82.35 2 0
2021_2_MAMBa/internal/pkg/reviews/delivery/http/get.go:86.2,86.16 1 0
2021_2_MAMBa/internal/pkg/reviews/delivery/http/get.go:90.2,92.16 3 0
2021_2_MAMBa/internal/pkg/reviews/delivery/http/get.go:66.16,68.3 1 0
2021_2_MAMBa/internal/pkg/reviews/delivery/http/get.go:70.16,72.3 1 0
2021_2_MAMBa/internal/pkg/reviews/delivery/http/get.go:74.16,76.3 1 0
2021_2_MAMBa/internal/pkg/reviews/delivery/http/get.go:78.16,80.3 1 0
2021_2_MAMBa/internal/pkg/reviews/delivery/http/get.go:82.35,85.3 2 0
2021_2_MAMBa/internal/pkg/reviews/delivery/http/get.go:86.16,89.3 2 0
2021_2_MAMBa/internal/pkg/reviews/delivery/http/get.go:92.16,95.3 2 0
2021_2_MAMBa/internal/pkg/user/delivery/http/auth.go:11.78,15.16 4 0
2021_2_MAMBa/internal/pkg/user/delivery/http/auth.go:20.2,21.16 2 0
2021_2_MAMBa/internal/pkg/user/delivery/http/auth.go:26.2,27.30 2 0
2021_2_MAMBa/internal/pkg/user/delivery/http/auth.go:32.2,33.16 2 0
2021_2_MAMBa/internal/pkg/user/delivery/http/auth.go:37.2,38.21 2 0
2021_2_MAMBa/internal/pkg/user/delivery/http/auth.go:15.16,18.3 2 0
2021_2_MAMBa/internal/pkg/user/delivery/http/auth.go:21.16,24.3 2 0
2021_2_MAMBa/internal/pkg/user/delivery/http/auth.go:27.30,30.3 2 0
2021_2_MAMBa/internal/pkg/user/delivery/http/auth.go:33.16,36.3 2 0
2021_2_MAMBa/internal/pkg/user/delivery/http/auth.go:41.75,45.16 4 0
2021_2_MAMBa/internal/pkg/user/delivery/http/auth.go:50.2,51.40 2 0
2021_2_MAMBa/internal/pkg/user/delivery/http/auth.go:56.2,57.39 2 0
2021_2_MAMBa/internal/pkg/user/delivery/http/auth.go:61.2,61.45 1 0
2021_2_MAMBa/internal/pkg/user/delivery/http/auth.go:65.2,65.16 1 0
2021_2_MAMBa/internal/pkg/user/delivery/http/auth.go:70.2,71.16 2 0
2021_2_MAMBa/internal/pkg/user/delivery/http/auth.go:76.2,77.16 2 0
2021_2_MAMBa/internal/pkg/user/delivery/http/auth.go:82.2,83.21 2 0
2021_2_MAMBa/internal/pkg/user/delivery/http/auth.go:45.16,48.3 2 0
2021_2_MAMBa/internal/pkg/user/delivery/http/auth.go:51.40,54.3 2 0
2021_2_MAMBa/internal/pkg/user/delivery/http/auth.go:57.39,60.3 2 0
2021_2_MAMBa/internal/pkg/user/delivery/http/auth.go:61.45,64.3 2 0
2021_2_MAMBa/internal/pkg/user/delivery/http/auth.go:65.16,68.3 2 0
2021_2_MAMBa/internal/pkg/user/delivery/http/auth.go:71.16,74.3 2 0
2021_2_MAMBa/internal/pkg/user/delivery/http/auth.go:77.16,80.3 2 0
2021_2_MAMBa/internal/pkg/user/delivery/http/auth.go:86.76,88.40 2 0
2021_2_MAMBa/internal/pkg/user/delivery/http/auth.go:92.2,93.16 2 0
2021_2_MAMBa/internal/pkg/user/delivery/http/auth.go:97.2,97.30 1 0
2021_2_MAMBa/internal/pkg/user/delivery/http/auth.go:88.40,91.3 2 0
2021_2_MAMBa/internal/pkg/user/delivery/http/auth.go:93.16,96.3 2 0
2021_2_MAMBa/internal/pkg/user/delivery/http/auth.go:100.79,102.40 2 0
2021_2_MAMBa/internal/pkg/user/delivery/http/auth.go:106.2,106.16 1 0
2021_2_MAMBa/internal/pkg/user/delivery/http/auth.go:111.2,112.16 2 0
2021_2_MAMBa/internal/pkg/user/delivery/http/auth.go:117.2,118.16 2 0
2021_2_MAMBa/internal/pkg/user/delivery/http/auth.go:122.2,123.21 2 0
2021_2_MAMBa/internal/pkg/user/delivery/http/auth.go:102.40,105.3 2 0
2021_2_MAMBa/internal/pkg/user/delivery/http/auth.go:106.16,109.3 2 0
2021_2_MAMBa/internal/pkg/user/delivery/http/auth.go:112.16,115.3 2 0
2021_2_MAMBa/internal/pkg/user/delivery/http/auth.go:118.16,121.3 2 0
2021_2_MAMBa/internal/pkg/collections/delivery/http/get.go:15.91,18.16 3 0
2021_2_MAMBa/internal/pkg/collections/delivery/http/get.go:21.2,22.16 2 0
2021_2_MAMBa/internal/pkg/collections/delivery/http/get.go:26.2,27.35 2 0
2021_2_MAMBa/internal/pkg/collections/delivery/http/get.go:31.2,31.16 1 0
2021_2_MAMBa/internal/pkg/collections/delivery/http/get.go:35.2,37.16 3 0
2021_2_MAMBa/internal/pkg/collections/delivery/http/get.go:18.16,20.3 1 0
2021_2_MAMBa/internal/pkg/collections/delivery/http/get.go:22.16,24.3 1 0
2021_2_MAMBa/internal/pkg/collections/delivery/http/get.go:27.35,30.3 2 0
2021_2_MAMBa/internal/pkg/collections/delivery/http/get.go:31.16,34.3 2 0
2021_2_MAMBa/internal/pkg/collections/delivery/http/get.go:37.16,40.3 2 0
2021_2_MAMBa/internal/pkg/reviews/usecase/usecase.go:12.71,16.2 1 0
2021_2_MAMBa/internal/pkg/reviews/usecase/usecase.go:18.71,20.16 2 0
2021_2_MAMBa/internal/pkg/reviews/usecase/usecase.go:23.2,23.20 1 0
2021_2_MAMBa/internal/pkg/reviews/usecase/usecase.go:20.16,22.3 1 0
2021_2_MAMBa/internal/pkg/reviews/usecase/usecase.go:25.83,27.16 2 0
2021_2_MAMBa/internal/pkg/reviews/usecase/usecase.go:30.2,31.23 2 0
2021_2_MAMBa/internal/pkg/reviews/usecase/usecase.go:27.16,29.3 1 0
2021_2_MAMBa/internal/pkg/reviews/usecase/usecase.go:33.120,35.16 2 0
2021_2_MAMBa/internal/pkg/reviews/usecase/usecase.go:38.2,38.21 1 0
2021_2_MAMBa/internal/pkg/reviews/usecase/usecase.go:35.16,37.3 1 0
2021_2_MAMBa/internal/pkg/person/usecase/mock/usecase_mock.go:26.71,30.2 3 1
2021_2_MAMBa/internal/pkg/person/usecase/mock/usecase_mock.go:33.69,35.2 1 1
2021_2_MAMBa/internal/pkg/person/usecase/mock/usecase_mock.go:38.92,44.2 5 1
2021_2_MAMBa/internal/pkg/person/usecase/mock/usecase_mock.go:47.94,50.2 2 1
2021_2_MAMBa/internal/pkg/person/usecase/mock/usecase_mock.go:53.79,59.2 5 1
2021_2_MAMBa/internal/pkg/person/usecase/mock/usecase_mock.go:62.83,65.2 2 1
2021_2_MAMBa/internal/pkg/reviews/usecase/mock/usecase_mock.go:26.71,30.2 3 0
2021_2_MAMBa/internal/pkg/reviews/usecase/mock/usecase_mock.go:33.69,35.2 1 0
2021_2_MAMBa/internal/pkg/reviews/usecase/mock/usecase_mock.go:38.75,44.2 5 0
2021_2_MAMBa/internal/pkg/reviews/usecase/mock/usecase_mock.go:47.83,50.2 2 0
2021_2_MAMBa/internal/pkg/reviews/usecase/mock/usecase_mock.go:53.110,59.2 5 0
2021_2_MAMBa/internal/pkg/reviews/usecase/mock/usecase_mock.go:62.109,65.2 2 0
2021_2_MAMBa/internal/pkg/reviews/usecase/mock/usecase_mock.go:68.83,74.2 5 0
2021_2_MAMBa/internal/pkg/reviews/usecase/mock/usecase_mock.go:77.84,80.2 2 0
2021_2_MAMBa/internal/pkg/domain/user.go:33.32,36.2 2 0
2021_2_MAMBa/internal/pkg/domain/user.go:38.26,40.2 1 0
2021_2_MAMBa/internal/pkg/domain/user.go:42.27,44.2 1 0
2021_2_MAMBa/internal/pkg/user/delivery/http/get.go:11.82,14.16 3 0
2021_2_MAMBa/internal/pkg/user/delivery/http/get.go:18.2,19.16 2 0
2021_2_MAMBa/internal/pkg/user/delivery/http/get.go:23.2,24.16 2 0
2021_2_MAMBa/internal/pkg/user/delivery/http/get.go:29.2,31.16 3 0
2021_2_MAMBa/internal/pkg/user/delivery/http/get.go:14.16,17.3 2 0
2021_2_MAMBa/internal/pkg/user/delivery/http/get.go:19.16,22.3 2 0
2021_2_MAMBa/internal/pkg/user/delivery/http/get.go:24.16,27.3 2 0
2021_2_MAMBa/internal/pkg/user/delivery/http/get.go:31.16,34.3 2 0
2021_2_MAMBa/internal/pkg/user/delivery/http/handlers.go:12.61,22.2 6 0
2021_2_MAMBa/internal/pkg/utils/queryChecker/query.go:8.127,10.10 2 1
2021_2_MAMBa/internal/pkg/utils/queryChecker/query.go:18.2,18.26 1 1
2021_2_MAMBa/internal/pkg/utils/queryChecker/query.go:10.10,12.30 2 1
2021_2_MAMBa/internal/pkg/utils/queryChecker/query.go:16.3,16.20 1 1
2021_2_MAMBa/internal/pkg/utils/queryChecker/query.go:12.30,15.4 2 1
2021_2_MAMBa/internal/pkg/utils/queryChecker/query.go:21.135,23.10 2 1
2021_2_MAMBa/internal/pkg/utils/queryChecker/query.go:31.2,31.26 1 1
2021_2_MAMBa/internal/pkg/utils/queryChecker/query.go:23.10,25.30 2 1
2021_2_MAMBa/internal/pkg/utils/queryChecker/query.go:29.3,29.20 1 1
2021_2_MAMBa/internal/pkg/utils/queryChecker/query.go:25.30,28.4 2 0
2021_2_MAMBa/internal/pkg/utils/queryChecker/query.go:34.142,36.10 2 0
2021_2_MAMBa/internal/pkg/utils/queryChecker/query.go:44.2,44.26 1 0
2021_2_MAMBa/internal/pkg/utils/queryChecker/query.go:36.10,38.30 2 0
2021_2_MAMBa/internal/pkg/utils/queryChecker/query.go:42.3,42.20 1 0
2021_2_MAMBa/internal/pkg/utils/queryChecker/query.go:38.30,41.4 2 0
2021_2_MAMBa/internal/pkg/sessions/sessions.go:21.76,34.16 5 0
2021_2_MAMBa/internal/pkg/sessions/sessions.go:38.2,38.12 1 0
2021_2_MAMBa/internal/pkg/sessions/sessions.go:34.16,37.3 2 0
2021_2_MAMBa/internal/pkg/sessions/sessions.go:41.74,43.16 2 0
2021_2_MAMBa/internal/pkg/sessions/sessions.go:47.2,48.29 2 0
2021_2_MAMBa/internal/pkg/sessions/sessions.go:57.2,57.12 1 0
2021_2_MAMBa/internal/pkg/sessions/sessions.go:43.16,45.3 1 0
2021_2_MAMBa/internal/pkg/sessions/sessions.go:48.29,52.17 3 0
2021_2_MAMBa/internal/pkg/sessions/sessions.go:52.17,55.4 2 0
2021_2_MAMBa/internal/pkg/sessions/sessions.go:60.52,62.34 2 0
2021_2_MAMBa/internal/pkg/sessions/sessions.go:65.2,66.28 2 0
2021_2_MAMBa/internal/pkg/sessions/sessions.go:69.2,70.9 2 0
2021_2_MAMBa/internal/pkg/sessions/sessions.go:73.2,73.22 1 0
2021_2_MAMBa/internal/pkg/sessions/sessions.go:62.34,64.3 1 0
2021_2_MAMBa/internal/pkg/sessions/sessions.go:66.28,68.3 1 0
2021_2_MAMBa/internal/pkg/sessions/sessions.go:70.9,72.3 1 0
2021_2_MAMBa/internal/pkg/person/repository/db.go:15.79,17.2 1 0
2021_2_MAMBa/internal/pkg/person/repository/db.go:26.75,28.16 2 0
2021_2_MAMBa/internal/pkg/person/repository/db.go:31.2,47.16 4 0
2021_2_MAMBa/internal/pkg/person/repository/db.go:50.2,51.16 2 0
2021_2_MAMBa/internal/pkg/person/repository/db.go:54.2,56.20 3 0
2021_2_MAMBa/internal/pkg/person/repository/db.go:28.16,30.3 1 0
2021_2_MAMBa/internal/pkg/person/repository/db.go:47.16,49.3 1 0
2021_2_MAMBa/internal/pkg/person/repository/db.go:51.16,53.3 1 0
2021_2_MAMBa/internal/pkg/person/repository/db.go:58.97,60.16 2 0
2021_2_MAMBa/internal/pkg/person/repository/db.go:63.2,64.20 2 0
2021_2_MAMBa/internal/pkg/person/repository/db.go:68.2,69.16 2 0
2021_2_MAMBa/internal/pkg/person/repository/db.go:72.2,73.24 2 0
2021_2_MAMBa/internal/pkg/person/repository/db.go:84.2,91.25 2 0
2021_2_MAMBa/internal/pkg/person/repository/db.go:60.16,62.3 1 0
2021_2_MAMBa/internal/pkg/person/repository/db.go:64.20,66.3 1 0
2021_2_MAMBa/internal/pkg/person/repository/db.go:69.16,71.3 1 0
2021_2_MAMBa/internal/pkg/person/repository/db.go:73.24,82.3 2 0
2021_2_MAMBa/internal/pkg/person/repository/db.go:93.104,95.16 2 0
2021_2_MAMBa/internal/pkg/person/repository/db.go:98.2,99.20 2 0
2021_2_MAMBa/internal/pkg/person/repository/db.go:103.2,104.16 2 0
2021_2_MAMBa/internal/pkg/person/repository/db.go:107.2,108.24 2 0
2021_2_MAMBa/internal/pkg/person/repository/db.go:119.2,126.25 2 0
2021_2_MAMBa/internal/pkg/person/repository/db.go:95.16,97.3 1 0
2021_2_MAMBa/internal/pkg/person/repository/db.go:99.20,101.3 1 0
2021_2_MAMBa/internal/pkg/person/repository/db.go:104.16,106.3 1 0
2021_2_MAMBa/internal/pkg/person/repository/db.go:108.24,117.3 2 0
2021_2_MAMBa/internal/pkg/reviews/delivery/http/handlers.go:11.63,20.2 4 0
2021_2_MAMBa/internal/pkg/user/repository/db.go:14.75,16.2 1 0
2021_2_MAMBa/internal/pkg/user/repository/db.go:24.75,26.16 2 0
2021_2_MAMBa/internal/pkg/user/repository/db.go:29.2,29.22 1 0
2021_2_MAMBa/internal/pkg/user/repository/db.go:32.2,42.19 3 0
2021_2_MAMBa/internal/pkg/user/repository/db.go:26.16,28.3 1 0
2021_2_MAMBa/internal/pkg/user/repository/db.go:29.22,31.3 1 0
2021_2_MAMBa/internal/pkg/user/repository/db.go:45.69,47.16 2 0
2021_2_MAMBa/internal/pkg/user/repository/db.go:50.2,50.22 1 0
2021_2_MAMBa/internal/pkg/user/repository/db.go:53.2,63.19 3 0
2021_2_MAMBa/internal/pkg/user/repository/db.go:47.16,49.3 1 0
2021_2_MAMBa/internal/pkg/user/repository/db.go:50.22,52.3 1 0
2021_2_MAMBa/internal/pkg/user/repository/db.go:66.70,68.16 2 0
2021_2_MAMBa/internal/pkg/user/repository/db.go:71.2,72.19 2 0
2021_2_MAMBa/internal/pkg/user/repository/db.go:68.16,70.3 1 0
2021_2_MAMBa/internal/pkg/collections/usecase/mock/usecase_mock.go:26.81,30.2 3 0
2021_2_MAMBa/internal/pkg/collections/usecase/mock/usecase_mock.go:33.79,35.2 1 0
2021_2_MAMBa/internal/pkg/collections/usecase/mock/usecase_mock.go:38.93,44.2 5 0
2021_2_MAMBa/internal/pkg/collections/usecase/mock/usecase_mock.go:47.99,50.2 2 0
2021_2_MAMBa/internal/pkg/user/usecase/mock/usecase_mock.go:26.67,30.2 3 0
2021_2_MAMBa/internal/pkg/user/usecase/mock/usecase_mock.go:33.65,35.2 1 0
2021_2_MAMBa/internal/pkg/user/usecase/mock/usecase_mock.go:38.71,44.2 5 0
2021_2_MAMBa/internal/pkg/user/usecase/mock/usecase_mock.go:47.81,50.2 2 0
2021_2_MAMBa/internal/pkg/user/usecase/mock/usecase_mock.go:53.74,59.2 5 0
2021_2_MAMBa/internal/pkg/user/usecase/mock/usecase_mock.go:62.84,65.2 2 0
2021_2_MAMBa/internal/pkg/user/usecase/mock/usecase_mock.go:68.80,74.2 5 0
2021_2_MAMBa/internal/pkg/user/usecase/mock/usecase_mock.go:77.77,80.2 2 0
2021_2_MAMBa/internal/pkg/user/usecase/mock/usecase_mock.go:83.76,89.2 5 0
2021_2_MAMBa/internal/pkg/user/usecase/mock/usecase_mock.go:92.80,95.2 2 0
2021_2_MAMBa/internal/pkg/person/delivery/http/get.go:15.82,18.16 3 1
2021_2_MAMBa/internal/pkg/person/delivery/http/get.go:21.2,22.39 2 1
2021_2_MAMBa/internal/pkg/person/delivery/http/get.go:26.2,26.16 1 1
2021_2_MAMBa/internal/pkg/person/delivery/http/get.go:30.2,32.16 3 1
2021_2_MAMBa/internal/pkg/person/delivery/http/get.go:18.16,20.3 1 0
2021_2_MAMBa/internal/pkg/person/delivery/http/get.go:22.39,25.3 2 1
2021_2_MAMBa/internal/pkg/person/delivery/http/get.go:26.16,29.3 2 1
2021_2_MAMBa/internal/pkg/person/delivery/http/get.go:32.16,35.3 2 0
2021_2_MAMBa/internal/pkg/person/delivery/http/get.go:38.87,41.16 3 1
2021_2_MAMBa/internal/pkg/person/delivery/http/get.go:44.2,45.16 2 1
2021_2_MAMBa/internal/pkg/person/delivery/http/get.go:48.2,49.16 2 1
2021_2_MAMBa/internal/pkg/person/delivery/http/get.go:52.2,53.35 2 1
2021_2_MAMBa/internal/pkg/person/delivery/http/get.go:57.2,57.16 1 1
2021_2_MAMBa/internal/pkg/person/delivery/http/get.go:61.2,63.16 3 1
2021_2_MAMBa/internal/pkg/person/delivery/http/get.go:41.16,43.3 1 0
2021_2_MAMBa/internal/pkg/person/delivery/http/get.go:45.16,47.3 1 1
2021_2_MAMBa/internal/pkg/person/delivery/http/get.go:49.16,51.3 1 1
2021_2_MAMBa/internal/pkg/person/delivery/http/get.go:53.35,56.3 2 1
2021_2_MAMBa/internal/pkg/person/delivery/http/get.go:57.16,60.3 2 0
2021_2_MAMBa/internal/pkg/person/delivery/http/get.go:63.16,66.3 2 0
2021_2_MAMBa/internal/pkg/reviews/repository/db.go:15.79,17.2 1 0
2021_2_MAMBa/internal/pkg/reviews/repository/db.go:29.76,31.16 2 0
2021_2_MAMBa/internal/pkg/reviews/repository/db.go:34.2,35.16 2 0
2021_2_MAMBa/internal/pkg/reviews/repository/db.go:38.2,49.16 5 0
2021_2_MAMBa/internal/pkg/reviews/repository/db.go:52.2,55.16 4 0
2021_2_MAMBa/internal/pkg/reviews/repository/db.go:58.2,61.20 4 0
2021_2_MAMBa/internal/pkg/reviews/repository/db.go:31.16,33.3 1 0
2021_2_MAMBa/internal/pkg/reviews/repository/db.go:35.16,37.3 1 0
2021_2_MAMBa/internal/pkg/reviews/repository/db.go:49.16,51.3 1 0
2021_2_MAMBa/internal/pkg/reviews/repository/db.go:55.16,57.3 1 0
2021_2_MAMBa/internal/pkg/reviews/repository/db.go:64.82,66.16 2 0
2021_2_MAMBa/internal/pkg/reviews/repository/db.go:69.2,69.22 1 0
2021_2_MAMBa/internal/pkg/reviews/repository/db.go:80.2,80.41 1 0
2021_2_MAMBa/internal/pkg/reviews/repository/db.go:66.16,68.3 1 0
2021_2_MAMBa/internal/pkg/reviews/repository/db.go:69.22,71.17 2 0
2021_2_MAMBa/internal/pkg/reviews/repository/db.go:71.17,73.4 1 0
2021_2_MAMBa/internal/pkg/reviews/repository/db.go:74.8,76.17 2 0
2021_2_MAMBa/internal/pkg/reviews/repository/db.go:76.17,78.4 1 0
2021_2_MAMBa/internal/pkg/reviews/repository/db.go:83.126,85.16 2 0
2021_2_MAMBa/internal/pkg/reviews/repository/db.go:88.2,89.20 2 0
2021_2_MAMBa/internal/pkg/reviews/repository/db.go:93.2,96.16 3 0
2021_2_MAMBa/internal/pkg/reviews/repository/db.go:99.2,100.23 2 0
2021_2_MAMBa/internal/pkg/reviews/repository/db.go:130.2,138.21 2 0
2021_2_MAMBa/internal/pkg/reviews/repository/db.go:85.16,87.3 1 0
2021_2_MAMBa/internal/pkg/reviews/repository/db.go:89.20,91.3 1 0
2021_2_MAMBa/internal/pkg/reviews/repository/db.go:96.16,98.3 1 0
2021_2_MAMBa/internal/pkg/reviews/repository/db.go:100.23,102.17 2 0
2021_2_MAMBa/internal/pkg/reviews/repository/db.go:105.3,116.17 5 0
2021_2_MAMBa/internal/pkg/reviews/repository/db.go:119.3,122.17 4 0
2021_2_MAMBa/internal/pkg/reviews/repository/db.go:125.3,128.42 4 0
2021_2_MAMBa/internal/pkg/reviews/repository/db.go:102.17,104.4 1 0
2021_2_MAMBa/internal/pkg/reviews/repository/db.go:116.17,118.4 1 0
2021_2_MAMBa/internal/pkg/reviews/repository/db.go:122.17,124.4 1 0
2021_2_MAMBa/internal/pkg/film/usecase/mock/usecase_mock.go:26.67,30.2 3 0
2021_2_MAMBa/internal/pkg/film/usecase/mock/usecase_mock.go:33.65,35.2 1 0
2021_2_MAMBa/internal/pkg/film/usecase/mock/usecase_mock.go:38.105,44.2 5 0
2021_2_MAMBa/internal/pkg/film/usecase/mock/usecase_mock.go:47.103,50.2 2 0
2021_2_MAMBa/internal/pkg/film/usecase/mock/usecase_mock.go:53.116,59.2 5 0
2021_2_MAMBa/internal/pkg/film/usecase/mock/usecase_mock.go:62.107,65.2 2 0
2021_2_MAMBa/internal/pkg/film/usecase/mock/usecase_mock.go:68.100,74.2 5 0
2021_2_MAMBa/internal/pkg/film/usecase/mock/usecase_mock.go:77.99,80.2 2 0
2021_2_MAMBa/internal/pkg/film/usecase/mock/usecase_mock.go:83.82,89.2 5 0
2021_2_MAMBa/internal/pkg/film/usecase/mock/usecase_mock.go:92.90,95.2 2 0
2021_2_MAMBa/internal/pkg/film/usecase/mock/usecase_mock.go:98.88,104.2 5 0
2021_2_MAMBa/internal/pkg/film/usecase/mock/usecase_mock.go:107.94,110.2 2 0
2021_2_MAMBa/internal/pkg/film/delivery/http/handlers.go:11.61,21.2 6 0
2021_2_MAMBa/internal/pkg/person/delivery/http/handlers.go:11.63,19.2 3 0
2021_2_MAMBa/internal/app/runserver.go:27.29,70.16 29 0
2021_2_MAMBa/internal/app/runserver.go:70.16,72.3 1 0
2021_2_MAMBa/internal/pkg/collections/usecase/mock/usecase_mock.go:26.81,30.2 3 1
2021_2_MAMBa/internal/pkg/collections/usecase/mock/usecase_mock.go:33.79,35.2 1 1
2021_2_MAMBa/internal/pkg/collections/usecase/mock/usecase_mock.go:38.93,44.2 5 1
2021_2_MAMBa/internal/pkg/collections/usecase/mock/usecase_mock.go:47.99,50.2 2 1
2021_2_MAMBa/internal/pkg/reviews/usecase/mock/usecase_mock.go:26.71,30.2 3 0
2021_2_MAMBa/internal/pkg/reviews/usecase/mock/usecase_mock.go:33.69,35.2 1 0
2021_2_MAMBa/internal/pkg/reviews/usecase/mock/usecase_mock.go:38.75,44.2 5 0
2021_2_MAMBa/internal/pkg/reviews/usecase/mock/usecase_mock.go:47.83,50.2 2 0
2021_2_MAMBa/internal/pkg/reviews/usecase/mock/usecase_mock.go:53.110,59.2 5 0
2021_2_MAMBa/internal/pkg/reviews/usecase/mock/usecase_mock.go:62.109,65.2 2 0
2021_2_MAMBa/internal/pkg/reviews/usecase/mock/usecase_mock.go:68.83,74.2 5 0
2021_2_MAMBa/internal/pkg/reviews/usecase/mock/usecase_mock.go:77.84,80.2 2 0
2021_2_MAMBa/internal/pkg/collections/delivery/http/get.go:15.91,18.16 3 1
2021_2_MAMBa/internal/pkg/collections/delivery/http/get.go:21.2,22.16 2 1
2021_2_MAMBa/internal/pkg/collections/delivery/http/get.go:26.2,27.35 2 1
2021_2_MAMBa/internal/pkg/collections/delivery/http/get.go:31.2,31.16 1 1
2021_2_MAMBa/internal/pkg/collections/delivery/http/get.go:35.2,37.16 3 1
2021_2_MAMBa/internal/pkg/collections/delivery/http/get.go:18.16,20.3 1 1
2021_2_MAMBa/internal/pkg/collections/delivery/http/get.go:22.16,24.3 1 1
2021_2_MAMBa/internal/pkg/collections/delivery/http/get.go:27.35,30.3 2 1
2021_2_MAMBa/internal/pkg/collections/delivery/http/get.go:31.16,34.3 2 0
2021_2_MAMBa/internal/pkg/collections/delivery/http/get.go:37.16,40.3 2 0
2021_2_MAMBa/internal/pkg/utils/cast/cast.go:10.38,12.2 1 0
2021_2_MAMBa/internal/pkg/utils/cast/cast.go:14.37,16.2 1 0
2021_2_MAMBa/internal/pkg/utils/cast/cast.go:18.39,20.2 1 0
2021_2_MAMBa/internal/pkg/utils/cast/cast.go:22.37,24.2 1 0
2021_2_MAMBa/internal/pkg/utils/cast/cast.go:26.45,30.2 3 0
2021_2_MAMBa/internal/pkg/reviews/usecase/usecase.go:12.71,16.2 1 0
2021_2_MAMBa/internal/pkg/reviews/usecase/usecase.go:18.71,20.16 2 0
2021_2_MAMBa/internal/pkg/reviews/usecase/usecase.go:23.2,23.20 1 0
2021_2_MAMBa/internal/pkg/reviews/usecase/usecase.go:20.16,22.3 1 0
2021_2_MAMBa/internal/pkg/reviews/usecase/usecase.go:25.83,27.16 2 0
2021_2_MAMBa/internal/pkg/reviews/usecase/usecase.go:30.2,31.23 2 0
2021_2_MAMBa/internal/pkg/reviews/usecase/usecase.go:27.16,29.3 1 0
2021_2_MAMBa/internal/pkg/reviews/usecase/usecase.go:33.120,35.16 2 0
2021_2_MAMBa/internal/pkg/reviews/usecase/usecase.go:38.2,38.21 1 0
2021_2_MAMBa/internal/pkg/reviews/usecase/usecase.go:35.16,37.3 1 0
2021_2_MAMBa/internal/pkg/collections/usecase/usecase.go:9.86,13.2 1 0
2021_2_MAMBa/internal/pkg/collections/usecase/usecase.go:15.94,17.16 2 0
2021_2_MAMBa/internal/pkg/collections/usecase/usecase.go:20.2,20.19 1 0
2021_2_MAMBa/internal/pkg/collections/usecase/usecase.go:17.16,19.3 1 0
2021_2_MAMBa/internal/pkg/sessions/sessions.go:21.76,34.16 5 0
2021_2_MAMBa/internal/pkg/sessions/sessions.go:38.2,38.12 1 0
2021_2_MAMBa/internal/pkg/sessions/sessions.go:34.16,37.3 2 0
2021_2_MAMBa/internal/pkg/sessions/sessions.go:41.74,43.16 2 0
2021_2_MAMBa/internal/pkg/sessions/sessions.go:47.2,48.29 2 0
2021_2_MAMBa/internal/pkg/sessions/sessions.go:57.2,57.12 1 0
2021_2_MAMBa/internal/pkg/sessions/sessions.go:43.16,45.3 1 0
2021_2_MAMBa/internal/pkg/sessions/sessions.go:48.29,52.17 3 0
2021_2_MAMBa/internal/pkg/sessions/sessions.go:52.17,55.4 2 0
2021_2_MAMBa/internal/pkg/sessions/sessions.go:60.52,62.34 2 0
2021_2_MAMBa/internal/pkg/sessions/sessions.go:65.2,66.28 2 0
2021_2_MAMBa/internal/pkg/sessions/sessions.go:69.2,70.9 2 0
2021_2_MAMBa/internal/pkg/sessions/sessions.go:73.2,73.22 1 0
2021_2_MAMBa/internal/pkg/sessions/sessions.go:62.34,64.3 1 0
2021_2_MAMBa/internal/pkg/sessions/sessions.go:66.28,68.3 1 0
2021_2_MAMBa/internal/pkg/sessions/sessions.go:70.9,72.3 1 0
2021_2_MAMBa/internal/pkg/film/usecase/usecase.go:9.65,13.2 1 0
2021_2_MAMBa/internal/pkg/film/usecase/usecase.go:15.146,17.16 2 0
2021_2_MAMBa/internal/pkg/film/usecase/usecase.go:20.2,21.16 2 0
2021_2_MAMBa/internal/pkg/film/usecase/usecase.go:24.2,25.16 2 0
2021_2_MAMBa/internal/pkg/film/usecase/usecase.go:28.2,34.20 2 0
2021_2_MAMBa/internal/pkg/film/usecase/usecase.go:17.16,19.3 1 0
2021_2_MAMBa/internal/pkg/film/usecase/usecase.go:21.16,23.3 1 0
2021_2_MAMBa/internal/pkg/film/usecase/usecase.go:25.16,27.3 1 0
2021_2_MAMBa/internal/pkg/film/usecase/usecase.go:37.97,39.16 2 0
2021_2_MAMBa/internal/pkg/film/usecase/usecase.go:42.2,42.20 1 0
2021_2_MAMBa/internal/pkg/film/usecase/usecase.go:39.16,41.3 1 0
2021_2_MAMBa/internal/pkg/film/usecase/usecase.go:45.100,47.16 2 0
2021_2_MAMBa/internal/pkg/film/usecase/usecase.go:50.2,50.21 1 0
2021_2_MAMBa/internal/pkg/film/usecase/usecase.go:47.16,49.3 1 0
2021_2_MAMBa/internal/pkg/film/usecase/usecase.go:52.117,54.16 2 0
2021_2_MAMBa/internal/pkg/film/usecase/usecase.go:57.2,57.29 1 0
2021_2_MAMBa/internal/pkg/film/usecase/usecase.go:54.16,56.3 1 0
2021_2_MAMBa/internal/pkg/film/usecase/usecase.go:59.89,61.16 2 0
2021_2_MAMBa/internal/pkg/film/usecase/usecase.go:64.2,64.19 1 0
2021_2_MAMBa/internal/pkg/film/usecase/usecase.go:61.16,63.3 1 0
2021_2_MAMBa/internal/pkg/middlewares/panic.go:9.52,10.71 1 0
2021_2_MAMBa/internal/pkg/middlewares/panic.go:10.71,11.16 1 0
2021_2_MAMBa/internal/pkg/middlewares/panic.go:17.3,17.23 1 0
2021_2_MAMBa/internal/pkg/middlewares/panic.go:11.16,12.36 1 0
2021_2_MAMBa/internal/pkg/middlewares/panic.go:12.36,15.5 2 0
2021_2_MAMBa/internal/pkg/reviews/delivery/http/get.go:17.81,20.16 3 0
2021_2_MAMBa/internal/pkg/reviews/delivery/http/get.go:23.2,24.35 2 0
2021_2_MAMBa/internal/pkg/reviews/delivery/http/get.go:28.2,28.16 1 0
2021_2_MAMBa/internal/pkg/reviews/delivery/http/get.go:32.2,34.16 3 0
2021_2_MAMBa/internal/pkg/reviews/delivery/http/get.go:20.16,22.3 1 0
2021_2_MAMBa/internal/pkg/reviews/delivery/http/get.go:24.35,27.3 2 0
2021_2_MAMBa/internal/pkg/reviews/delivery/http/get.go:28.16,31.3 2 0
2021_2_MAMBa/internal/pkg/reviews/delivery/http/get.go:34.16,37.3 2 0
2021_2_MAMBa/internal/pkg/reviews/delivery/http/get.go:40.82,44.16 4 0
2021_2_MAMBa/internal/pkg/reviews/delivery/http/get.go:48.2,49.16 2 0
2021_2_MAMBa/internal/pkg/reviews/delivery/http/get.go:53.2,57.16 5 0
2021_2_MAMBa/internal/pkg/reviews/delivery/http/get.go:44.16,47.3 2 0
2021_2_MAMBa/internal/pkg/reviews/delivery/http/get.go:49.16,52.3 2 0
2021_2_MAMBa/internal/pkg/reviews/delivery/http/get.go:57.16,60.3 2 0
2021_2_MAMBa/internal/pkg/reviews/delivery/http/get.go:63.83,66.16 3 0
2021_2_MAMBa/internal/pkg/reviews/delivery/http/get.go:69.2,70.16 2 0
2021_2_MAMBa/internal/pkg/reviews/delivery/http/get.go:73.2,74.16 2 0
2021_2_MAMBa/internal/pkg/reviews/delivery/http/get.go:77.2,78.16 2 0
2021_2_MAMBa/internal/pkg/reviews/delivery/http/get.go:81.2,82.35 2 0
2021_2_MAMBa/internal/pkg/reviews/delivery/http/get.go:86.2,86.16 1 0
2021_2_MAMBa/internal/pkg/reviews/delivery/http/get.go:90.2,92.16 3 0
2021_2_MAMBa/internal/pkg/reviews/delivery/http/get.go:66.16,68.3 1 0
2021_2_MAMBa/internal/pkg/reviews/delivery/http/get.go:70.16,72.3 1 0
2021_2_MAMBa/internal/pkg/reviews/delivery/http/get.go:74.16,76.3 1 0
2021_2_MAMBa/internal/pkg/reviews/delivery/http/get.go:78.16,80.3 1 0
2021_2_MAMBa/internal/pkg/reviews/delivery/http/get.go:82.35,85.3 2 0
2021_2_MAMBa/internal/pkg/reviews/delivery/http/get.go:86.16,89.3 2 0
2021_2_MAMBa/internal/pkg/reviews/delivery/http/get.go:92.16,95.3 2 0
2021_2_MAMBa/internal/pkg/user/delivery/http/handlers.go:12.61,22.2 6 0
2021_2_MAMBa/internal/pkg/collections/repository/db.go:14.89,16.2 1 0
2021_2_MAMBa/internal/pkg/collections/repository/db.go:23.100,25.16 2 0
2021_2_MAMBa/internal/pkg/collections/repository/db.go:28.2,29.20 2 0
2021_2_MAMBa/internal/pkg/collections/repository/db.go:33.2,37.24 4 0
2021_2_MAMBa/internal/pkg/collections/repository/db.go:46.2,53.21 2 0
2021_2_MAMBa/internal/pkg/collections/repository/db.go:25.16,27.3 1 0
2021_2_MAMBa/internal/pkg/collections/repository/db.go:29.20,31.3 1 0
2021_2_MAMBa/internal/pkg/collections/repository/db.go:37.24,44.3 2 0
2021_2_MAMBa/internal/pkg/user/usecase/mock/usecase_mock.go:26.67,30.2 3 0
2021_2_MAMBa/internal/pkg/user/usecase/mock/usecase_mock.go:33.65,35.2 1 0
2021_2_MAMBa/internal/pkg/user/usecase/mock/usecase_mock.go:38.71,44.2 5 0
2021_2_MAMBa/internal/pkg/user/usecase/mock/usecase_mock.go:47.81,50.2 2 0
2021_2_MAMBa/internal/pkg/user/usecase/mock/usecase_mock.go:53.74,59.2 5 0
2021_2_MAMBa/internal/pkg/user/usecase/mock/usecase_mock.go:62.84,65.2 2 0
2021_2_MAMBa/internal/pkg/user/usecase/mock/usecase_mock.go:68.80,74.2 5 0
2021_2_MAMBa/internal/pkg/user/usecase/mock/usecase_mock.go:77.77,80.2 2 0
2021_2_MAMBa/internal/pkg/user/usecase/mock/usecase_mock.go:83.76,89.2 5 0
2021_2_MAMBa/internal/pkg/user/usecase/mock/usecase_mock.go:92.80,95.2 2 0
2021_2_MAMBa/internal/pkg/person/usecase/mock/usecase_mock.go:26.71,30.2 3 0
2021_2_MAMBa/internal/pkg/person/usecase/mock/usecase_mock.go:33.69,35.2 1 0
2021_2_MAMBa/internal/pkg/person/usecase/mock/usecase_mock.go:38.92,44.2 5 0
2021_2_MAMBa/internal/pkg/person/usecase/mock/usecase_mock.go:47.94,50.2 2 0
2021_2_MAMBa/internal/pkg/person/usecase/mock/usecase_mock.go:53.79,59.2 5 0
2021_2_MAMBa/internal/pkg/person/usecase/mock/usecase_mock.go:62.83,65.2 2 0
2021_2_MAMBa/internal/pkg/person/repository/db.go:15.79,17.2 1 0
2021_2_MAMBa/internal/pkg/person/repository/db.go:26.75,28.16 2 0
2021_2_MAMBa/internal/pkg/person/repository/db.go:31.2,47.16 4 0
2021_2_MAMBa/internal/pkg/person/repository/db.go:50.2,51.16 2 0
2021_2_MAMBa/internal/pkg/person/repository/db.go:54.2,56.20 3 0
2021_2_MAMBa/internal/pkg/person/repository/db.go:28.16,30.3 1 0
2021_2_MAMBa/internal/pkg/person/repository/db.go:47.16,49.3 1 0
2021_2_MAMBa/internal/pkg/person/repository/db.go:51.16,53.3 1 0
2021_2_MAMBa/internal/pkg/person/repository/db.go:58.97,60.16 2 0
2021_2_MAMBa/internal/pkg/person/repository/db.go:63.2,64.20 2 0
2021_2_MAMBa/internal/pkg/person/repository/db.go:68.2,69.16 2 0
2021_2_MAMBa/internal/pkg/person/repository/db.go:72.2,73.24 2 0
2021_2_MAMBa/internal/pkg/person/repository/db.go:84.2,91.25 2 0
2021_2_MAMBa/internal/pkg/person/repository/db.go:60.16,62.3 1 0
2021_2_MAMBa/internal/pkg/person/repository/db.go:64.20,66.3 1 0
2021_2_MAMBa/internal/pkg/person/repository/db.go:69.16,71.3 1 0
2021_2_MAMBa/internal/pkg/person/repository/db.go:73.24,82.3 2 0
2021_2_MAMBa/internal/pkg/person/repository/db.go:93.104,95.16 2 0
2021_2_MAMBa/internal/pkg/person/repository/db.go:98.2,99.20 2 0
2021_2_MAMBa/internal/pkg/person/repository/db.go:103.2,104.16 2 0
2021_2_MAMBa/internal/pkg/person/repository/db.go:107.2,108.24 2 0
2021_2_MAMBa/internal/pkg/person/repository/db.go:119.2,126.25 2 0
2021_2_MAMBa/internal/pkg/person/repository/db.go:95.16,97.3 1 0
2021_2_MAMBa/internal/pkg/person/repository/db.go:99.20,101.3 1 0
2021_2_MAMBa/internal/pkg/person/repository/db.go:104.16,106.3 1 0
2021_2_MAMBa/internal/pkg/person/repository/db.go:108.24,117.3 2 0
2021_2_MAMBa/internal/pkg/user/delivery/http/auth.go:11.78,15.16 4 0
2021_2_MAMBa/internal/pkg/user/delivery/http/auth.go:20.2,21.16 2 0
2021_2_MAMBa/internal/pkg/user/delivery/http/auth.go:26.2,27.30 2 0
2021_2_MAMBa/internal/pkg/user/delivery/http/auth.go:32.2,33.16 2 0
2021_2_MAMBa/internal/pkg/user/delivery/http/auth.go:37.2,38.21 2 0
2021_2_MAMBa/internal/pkg/user/delivery/http/auth.go:15.16,18.3 2 0
2021_2_MAMBa/internal/pkg/user/delivery/http/auth.go:21.16,24.3 2 0
2021_2_MAMBa/internal/pkg/user/delivery/http/auth.go:27.30,30.3 2 0
2021_2_MAMBa/internal/pkg/user/delivery/http/auth.go:33.16,36.3 2 0
2021_2_MAMBa/internal/pkg/user/delivery/http/auth.go:41.75,45.16 4 0
2021_2_MAMBa/internal/pkg/user/delivery/http/auth.go:50.2,51.40 2 0
2021_2_MAMBa/internal/pkg/user/delivery/http/auth.go:56.2,57.39 2 0
2021_2_MAMBa/internal/pkg/user/delivery/http/auth.go:61.2,61.45 1 0
2021_2_MAMBa/internal/pkg/user/delivery/http/auth.go:65.2,65.16 1 0
2021_2_MAMBa/internal/pkg/user/delivery/http/auth.go:70.2,71.16 2 0
2021_2_MAMBa/internal/pkg/user/delivery/http/auth.go:76.2,77.16 2 0
2021_2_MAMBa/internal/pkg/user/delivery/http/auth.go:82.2,83.21 2 0
2021_2_MAMBa/internal/pkg/user/delivery/http/auth.go:45.16,48.3 2 0
2021_2_MAMBa/internal/pkg/user/delivery/http/auth.go:51.40,54.3 2 0
2021_2_MAMBa/internal/pkg/user/delivery/http/auth.go:57.39,60.3 2 0
2021_2_MAMBa/internal/pkg/user/delivery/http/auth.go:61.45,64.3 2 0
2021_2_MAMBa/internal/pkg/user/delivery/http/auth.go:65.16,68.3 2 0
2021_2_MAMBa/internal/pkg/user/delivery/http/auth.go:71.16,74.3 2 0
2021_2_MAMBa/internal/pkg/user/delivery/http/auth.go:77.16,80.3 2 0
2021_2_MAMBa/internal/pkg/user/delivery/http/auth.go:86.76,88.40 2 0
2021_2_MAMBa/internal/pkg/user/delivery/http/auth.go:92.2,93.16 2 0
2021_2_MAMBa/internal/pkg/user/delivery/http/auth.go:97.2,97.30 1 0
2021_2_MAMBa/internal/pkg/user/delivery/http/auth.go:88.40,91.3 2 0
2021_2_MAMBa/internal/pkg/user/delivery/http/auth.go:93.16,96.3 2 0
2021_2_MAMBa/internal/pkg/user/delivery/http/auth.go:100.79,102.40 2 0
2021_2_MAMBa/internal/pkg/user/delivery/http/auth.go:106.2,106.16 1 0
2021_2_MAMBa/internal/pkg/user/delivery/http/auth.go:111.2,112.16 2 0
2021_2_MAMBa/internal/pkg/user/delivery/http/auth.go:117.2,118.16 2 0
2021_2_MAMBa/internal/pkg/user/delivery/http/auth.go:122.2,123.21 2 0
2021_2_MAMBa/internal/pkg/user/delivery/http/auth.go:102.40,105.3 2 0
2021_2_MAMBa/internal/pkg/user/delivery/http/auth.go:106.16,109.3 2 0
2021_2_MAMBa/internal/pkg/user/delivery/http/auth.go:112.16,115.3 2 0
2021_2_MAMBa/internal/pkg/user/delivery/http/auth.go:118.16,121.3 2 0
2021_2_MAMBa/cmd/main.go:7.13,9.2 1 0
2021_2_MAMBa/internal/pkg/utils/queryChecker/query.go:8.127,10.10 2 1
2021_2_MAMBa/internal/pkg/utils/queryChecker/query.go:18.2,18.26 1 0
2021_2_MAMBa/internal/pkg/utils/queryChecker/query.go:10.10,12.30 2 1
2021_2_MAMBa/internal/pkg/utils/queryChecker/query.go:16.3,16.20 1 1
2021_2_MAMBa/internal/pkg/utils/queryChecker/query.go:12.30,15.4 2 1
2021_2_MAMBa/internal/pkg/utils/queryChecker/query.go:21.135,23.10 2 0
2021_2_MAMBa/internal/pkg/utils/queryChecker/query.go:31.2,31.26 1 0
2021_2_MAMBa/internal/pkg/utils/queryChecker/query.go:23.10,25.30 2 0
2021_2_MAMBa/internal/pkg/utils/queryChecker/query.go:29.3,29.20 1 0
2021_2_MAMBa/internal/pkg/utils/queryChecker/query.go:25.30,28.4 2 0
2021_2_MAMBa/internal/pkg/utils/queryChecker/query.go:34.142,36.10 2 0
2021_2_MAMBa/internal/pkg/utils/queryChecker/query.go:44.2,44.26 1 0
2021_2_MAMBa/internal/pkg/utils/queryChecker/query.go:36.10,38.30 2 0
2021_2_MAMBa/internal/pkg/utils/queryChecker/query.go:42.3,42.20 1 0
2021_2_MAMBa/internal/pkg/utils/queryChecker/query.go:38.30,41.4 2 0
2021_2_MAMBa/internal/pkg/middlewares/logger.go:10.45,11.71 1 0
2021_2_MAMBa/internal/pkg/middlewares/logger.go:11.71,16.3 3 0
2021_2_MAMBa/internal/pkg/utils/log/log.go:17.13,19.15 2 1
2021_2_MAMBa/internal/pkg/utils/log/log.go:19.15,21.3 1 1
2021_2_MAMBa/internal/pkg/utils/log/log.go:21.8,23.17 2 0
2021_2_MAMBa/internal/pkg/utils/log/log.go:27.3,27.24 1 0
2021_2_MAMBa/internal/pkg/utils/log/log.go:23.17,26.4 2 0
2021_2_MAMBa/internal/pkg/utils/log/log.go:31.31,37.2 1 1
2021_2_MAMBa/internal/pkg/utils/log/log.go:39.24,43.2 2 0
2021_2_MAMBa/internal/pkg/utils/log/log.go:45.23,49.2 2 0
2021_2_MAMBa/internal/pkg/utils/log/log.go:51.36,53.2 1 0
2021_2_MAMBa/internal/pkg/utils/log/log.go:55.23,59.2 2 0
2021_2_MAMBa/internal/pkg/utils/log/log.go:61.23,63.2 1 0
2021_2_MAMBa/internal/pkg/database/database.go:28.27,31.16 3 0
2021_2_MAMBa/internal/pkg/database/database.go:36.2,37.31 2 0
2021_2_MAMBa/internal/pkg/database/database.go:31.16,35.3 3 0
2021_2_MAMBa/internal/pkg/database/database.go:40.36,43.2 2 0
2021_2_MAMBa/internal/pkg/database/database.go:45.92,48.16 3 0
2021_2_MAMBa/internal/pkg/database/database.go:54.2,57.16 3 0
2021_2_MAMBa/internal/pkg/database/database.go:62.2,65.18 3 0
2021_2_MAMBa/internal/pkg/database/database.go:71.2,72.16 2 0
2021_2_MAMBa/internal/pkg/database/database.go:77.2,77.20 1 0
2021_2_MAMBa/internal/pkg/database/database.go:48.16,52.3 3 0
2021_2_MAMBa/internal/pkg/database/database.go:57.16,61.3 3 0
2021_2_MAMBa/internal/pkg/database/database.go:65.18,69.3 3 0
2021_2_MAMBa/internal/pkg/database/database.go:72.16,76.3 3 0
2021_2_MAMBa/internal/pkg/database/database.go:80.80,83.16 3 0
2021_2_MAMBa/internal/pkg/database/database.go:89.2,92.16 3 0
2021_2_MAMBa/internal/pkg/database/database.go:98.2,99.16 2 0
2021_2_MAMBa/internal/pkg/database/database.go:104.2,104.12 1 0
2021_2_MAMBa/internal/pkg/database/database.go:83.16,87.3 3 0
2021_2_MAMBa/internal/pkg/database/database.go:92.16,96.3 3 0
2021_2_MAMBa/internal/pkg/database/database.go:99.16,103.3 3 0
2021_2_MAMBa/internal/pkg/film/repository/db.go:15.75,17.2 1 0
2021_2_MAMBa/internal/pkg/film/repository/db.go:37.69,39.36 2 0
2021_2_MAMBa/internal/pkg/film/repository/db.go:42.2,74.16 4 0
2021_2_MAMBa/internal/pkg/film/repository/db.go:77.2,79.36 3 0
2021_2_MAMBa/internal/pkg/film/repository/db.go:82.2,83.24 2 0
2021_2_MAMBa/internal/pkg/film/repository/db.go:86.2,89.16 3 0
2021_2_MAMBa/internal/pkg/film/repository/db.go:92.2,92.22 1 0
2021_2_MAMBa/internal/pkg/film/repository/db.go:95.2,96.24 2 0
2021_2_MAMBa/internal/pkg/film/repository/db.go:102.2,105.16 3 0
2021_2_MAMBa/internal/pkg/film/repository/db.go:108.2,108.22 1 0
2021_2_MAMBa/internal/pkg/film/repository/db.go:111.2,112.24 2 0
2021_2_MAMBa/internal/pkg/film/repository/db.go:121.2,122.18 2 0
2021_2_MAMBa/internal/pkg/film/repository/db.go:39.36,41.3 1 0
2021_2_MAMBa/internal/pkg/film/repository/db.go:74.16,76.3 1 0
2021_2_MAMBa/internal/pkg/film/repository/db.go:79.36,81.3 1 0
2021_2_MAMBa/internal/pkg/film/repository/db.go:83.24,85.3 1 0
2021_2_MAMBa/internal/pkg/film/repository/db.go:89.16,91.3 1 0
2021_2_MAMBa/internal/pkg/film/repository/db.go:92.22,94.3 1 0
2021_2_MAMBa/internal/pkg/film/repository/db.go:96.24,101.3 1 0
2021_2_MAMBa/internal/pkg/film/repository/db.go:105.16,107.3 1 0
2021_2_MAMBa/internal/pkg/film/repository/db.go:108.22,110.3 1 0
2021_2_MAMBa/internal/pkg/film/repository/db.go:112.24,120.3 1 0
2021_2_MAMBa/internal/pkg/film/repository/db.go:125.104,127.16 2 0
2021_2_MAMBa/internal/pkg/film/repository/db.go:130.2,131.20 2 0
2021_2_MAMBa/internal/pkg/film/repository/db.go:134.2,136.16 3 0
2021_2_MAMBa/internal/pkg/film/repository/db.go:139.2,140.24 2 0
2021_2_MAMBa/internal/pkg/film/repository/db.go:156.2,164.25 2 0
2021_2_MAMBa/internal/pkg/film/repository/db.go:127.16,129.3 1 0
2021_2_MAMBa/internal/pkg/film/repository/db.go:131.20,133.3 1 0
2021_2_MAMBa/internal/pkg/film/repository/db.go:136.16,138.3 1 0
2021_2_MAMBa/internal/pkg/film/repository/db.go:140.24,142.17 2 0
2021_2_MAMBa/internal/pkg/film/repository/db.go:145.3,154.5 1 0
2021_2_MAMBa/internal/pkg/film/repository/db.go:142.17,144.4 1 0
2021_2_MAMBa/internal/pkg/film/repository/db.go:167.120,169.16 2 0
2021_2_MAMBa/internal/pkg/film/repository/db.go:172.2,173.20 2 0
2021_2_MAMBa/internal/pkg/film/repository/db.go:177.2,180.24 4 0
2021_2_MAMBa/internal/pkg/film/repository/db.go:187.2,194.25 2 0
2021_2_MAMBa/internal/pkg/film/repository/db.go:169.16,171.3 1 0
2021_2_MAMBa/internal/pkg/film/repository/db.go:173.20,175.3 1 0
2021_2_MAMBa/internal/pkg/film/repository/db.go:180.24,186.3 1 0
2021_2_MAMBa/internal/pkg/film/repository/db.go:197.102,199.16 2 0
2021_2_MAMBa/internal/pkg/film/repository/db.go:202.2,202.22 1 0
2021_2_MAMBa/internal/pkg/film/repository/db.go:213.2,214.16 2 0
2021_2_MAMBa/internal/pkg/film/repository/db.go:217.2,218.23 2 0
2021_2_MAMBa/internal/pkg/film/repository/db.go:199.16,201.3 1 0
2021_2_MAMBa/internal/pkg/film/repository/db.go:202.22,204.17 2 0
2021_2_MAMBa/internal/pkg/film/repository/db.go:204.17,206.4 1 0
2021_2_MAMBa/internal/pkg/film/repository/db.go:207.8,209.17 2 0
2021_2_MAMBa/internal/pkg/film/repository/db.go:209.17,211.4 1 0
2021_2_MAMBa/internal/pkg/film/repository/db.go:214.16,216.3 1 0
2021_2_MAMBa/internal/pkg/film/repository/db.go:221.93,223.16 2 0
2021_2_MAMBa/internal/pkg/film/repository/db.go:226.2,226.22 1 0
2021_2_MAMBa/internal/pkg/film/repository/db.go:229.2,232.16 4 0
2021_2_MAMBa/internal/pkg/film/repository/db.go:235.2,244.16 3 0
2021_2_MAMBa/internal/pkg/film/repository/db.go:247.2,250.16 4 0
2021_2_MAMBa/internal/pkg/film/repository/db.go:253.2,257.20 4 0
2021_2_MAMBa/internal/pkg/film/repository/db.go:223.16,225.3 1 0
2021_2_MAMBa/internal/pkg/film/repository/db.go:226.22,228.3 1 0
2021_2_MAMBa/internal/pkg/film/repository/db.go:232.16,234.3 1 0
2021_2_MAMBa/internal/pkg/film/repository/db.go:244.16,246.3 1 0
2021_2_MAMBa/internal/pkg/film/repository/db.go:250.16,252.3 1 0
2021_2_MAMBa/internal/pkg/reviews/delivery/http/handlers.go:11.63,20.2 4 0
2021_2_MAMBa/internal/pkg/user/repository/db.go:14.75,16.2 1 0
2021_2_MAMBa/internal/pkg/user/repository/db.go:24.75,26.16 2 0
2021_2_MAMBa/internal/pkg/user/repository/db.go:29.2,29.22 1 0
2021_2_MAMBa/internal/pkg/user/repository/db.go:32.2,42.19 3 0
2021_2_MAMBa/internal/pkg/user/repository/db.go:26.16,28.3 1 0
2021_2_MAMBa/internal/pkg/user/repository/db.go:29.22,31.3 1 0
2021_2_MAMBa/internal/pkg/user/repository/db.go:45.69,47.16 2 0
2021_2_MAMBa/internal/pkg/user/repository/db.go:50.2,50.22 1 0
2021_2_MAMBa/internal/pkg/user/repository/db.go:53.2,63.19 3 0
2021_2_MAMBa/internal/pkg/user/repository/db.go:47.16,49.3 1 0
2021_2_MAMBa/internal/pkg/user/repository/db.go:50.22,52.3 1 0
2021_2_MAMBa/internal/pkg/user/repository/db.go:66.70,68.16 2 0
2021_2_MAMBa/internal/pkg/user/repository/db.go:71.2,72.19 2 0
2021_2_MAMBa/internal/pkg/user/repository/db.go:68.16,70.3 1 0
2021_2_MAMBa/internal/pkg/user/usecase/usecase.go:13.65,17.2 1 0
2021_2_MAMBa/internal/pkg/user/usecase/usecase.go:19.68,23.16 4 0
2021_2_MAMBa/internal/pkg/user/usecase/usecase.go:26.2,26.18 1 0
2021_2_MAMBa/internal/pkg/user/usecase/usecase.go:23.16,25.3 1 0
2021_2_MAMBa/internal/pkg/user/usecase/usecase.go:29.69,31.54 1 0
2021_2_MAMBa/internal/pkg/user/usecase/usecase.go:34.2,35.16 2 0
2021_2_MAMBa/internal/pkg/user/usecase/usecase.go:40.2,41.16 2 0
2021_2_MAMBa/internal/pkg/user/usecase/usecase.go:44.2,48.16 4 0
2021_2_MAMBa/internal/pkg/user/usecase/usecase.go:51.2,52.16 2 0
2021_2_MAMBa/internal/pkg/user/usecase/usecase.go:31.54,33.3 1 0
2021_2_MAMBa/internal/pkg/user/usecase/usecase.go:35.16,37.3 1 0
2021_2_MAMBa/internal/pkg/user/usecase/usecase.go:41.16,43.3 1 0
2021_2_MAMBa/internal/pkg/user/usecase/usecase.go:48.16,50.3 1 0
2021_2_MAMBa/internal/pkg/user/usecase/usecase.go:55.73,56.39 1 0
2021_2_MAMBa/internal/pkg/user/usecase/usecase.go:59.2,61.38 3 0
2021_2_MAMBa/internal/pkg/user/usecase/usecase.go:64.2,65.16 2 0
2021_2_MAMBa/internal/pkg/user/usecase/usecase.go:56.39,58.3 1 0
2021_2_MAMBa/internal/pkg/user/usecase/usecase.go:61.38,63.3 1 0
2021_2_MAMBa/internal/pkg/user/usecase/usecase.go:68.65,71.2 2 0
2021_2_MAMBa/internal/pkg/domain/user.go:33.32,36.2 2 0
2021_2_MAMBa/internal/pkg/domain/user.go:38.26,40.2 1 0
2021_2_MAMBa/internal/pkg/domain/user.go:42.27,44.2 1 0
2021_2_MAMBa/internal/pkg/collections/delivery/http/handlers.go:12.68,18.2 2 0
2021_2_MAMBa/internal/pkg/middlewares/cors.go:24.40,25.71 1 0
2021_2_MAMBa/internal/pkg/middlewares/cors.go:25.71,28.11 3 0
2021_2_MAMBa/internal/pkg/middlewares/cors.go:34.3,37.28 4 0
2021_2_MAMBa/internal/pkg/middlewares/cors.go:40.3,40.20 1 0
2021_2_MAMBa/internal/pkg/middlewares/cors.go:28.11,30.4 1 0
2021_2_MAMBa/internal/pkg/middlewares/cors.go:30.9,33.4 2 0
2021_2_MAMBa/internal/pkg/middlewares/cors.go:37.28,39.4 1 0
2021_2_MAMBa/internal/pkg/user/delivery/http/get.go:11.82,14.16 3 0
2021_2_MAMBa/internal/pkg/user/delivery/http/get.go:18.2,19.16 2 0
2021_2_MAMBa/internal/pkg/user/delivery/http/get.go:23.2,24.16 2 0
2021_2_MAMBa/internal/pkg/user/delivery/http/get.go:29.2,31.16 3 0
2021_2_MAMBa/internal/pkg/user/delivery/http/get.go:14.16,17.3 2 0
2021_2_MAMBa/internal/pkg/user/delivery/http/get.go:19.16,22.3 2 0
2021_2_MAMBa/internal/pkg/user/delivery/http/get.go:24.16,27.3 2 0
2021_2_MAMBa/internal/pkg/user/delivery/http/get.go:31.16,34.3 2 0
2021_2_MAMBa/internal/pkg/person/usecase/usecase.go:12.71,16.2 1 0
2021_2_MAMBa/internal/pkg/person/usecase/usecase.go:18.74,19.13 1 0
2021_2_MAMBa/internal/pkg/person/usecase/usecase.go:22.2,23.16 2 0
2021_2_MAMBa/internal/pkg/person/usecase/usecase.go:26.2,27.16 2 0
2021_2_MAMBa/internal/pkg/person/usecase/usecase.go:30.2,31.16 2 0
2021_2_MAMBa/internal/pkg/person/usecase/usecase.go:34.2,38.8 1 0
2021_2_MAMBa/internal/pkg/person/usecase/usecase.go:19.13,21.3 1 0
2021_2_MAMBa/internal/pkg/person/usecase/usecase.go:23.16,25.3 1 0
2021_2_MAMBa/internal/pkg/person/usecase/usecase.go:27.16,29.3 1 0
2021_2_MAMBa/internal/pkg/person/usecase/usecase.go:31.16,33.3 1 0
2021_2_MAMBa/internal/pkg/person/usecase/usecase.go:40.92,42.16 2 0
2021_2_MAMBa/internal/pkg/person/usecase/usecase.go:45.2,45.19 1 0
2021_2_MAMBa/internal/pkg/person/usecase/usecase.go:42.16,44.3 1 0
2021_2_MAMBa/internal/pkg/film/delivery/http/get.go:18.77,22.16 3 0
2021_2_MAMBa/internal/pkg/film/delivery/http/get.go:25.2,26.16 2 0
2021_2_MAMBa/internal/pkg/film/delivery/http/get.go:29.2,30.16 2 0
2021_2_MAMBa/internal/pkg/film/delivery/http/get.go:33.2,34.16 2 0
2021_2_MAMBa/internal/pkg/film/delivery/http/get.go:37.2,38.16 2 0
2021_2_MAMBa/internal/pkg/film/delivery/http/get.go:42.2,43.35 2 0
2021_2_MAMBa/internal/pkg/film/delivery/http/get.go:47.2,47.16 1 0
2021_2_MAMBa/internal/pkg/film/delivery/http/get.go:51.2,53.16 3 0
2021_2_MAMBa/internal/pkg/film/delivery/http/get.go:22.16,24.3 1 0
2021_2_MAMBa/internal/pkg/film/delivery/http/get.go:26.16,28.3 1 0
2021_2_MAMBa/internal/pkg/film/delivery/http/get.go:30.16,32.3 1 0
2021_2_MAMBa/internal/pkg/film/delivery/http/get.go:34.16,36.3 1 0
2021_2_MAMBa/internal/pkg/film/delivery/http/get.go:38.16,40.3 1 0
2021_2_MAMBa/internal/pkg/film/delivery/http/get.go:43.35,46.3 2 0
2021_2_MAMBa/internal/pkg/film/delivery/http/get.go:47.16,50.3 2 0
2021_2_MAMBa/internal/pkg/film/delivery/http/get.go:53.16,56.3 2 0
2021_2_MAMBa/internal/pkg/film/delivery/http/get.go:59.81,61.16 2 0
2021_2_MAMBa/internal/pkg/film/delivery/http/get.go:65.2,66.16 2 0
2021_2_MAMBa/internal/pkg/film/delivery/http/get.go:69.2,70.16 2 0
2021_2_MAMBa/internal/pkg/film/delivery/http/get.go:74.2,75.16 2 0
2021_2_MAMBa/internal/pkg/film/delivery/http/get.go:79.2,81.16 3 0
2021_2_MAMBa/internal/pkg/film/delivery/http/get.go:61.16,64.3 2 0
2021_2_MAMBa/internal/pkg/film/delivery/http/get.go:66.16,68.3 1 0
2021_2_MAMBa/internal/pkg/film/delivery/http/get.go:70.16,72.3 1 0
2021_2_MAMBa/internal/pkg/film/delivery/http/get.go:75.16,78.3 2 0
2021_2_MAMBa/internal/pkg/film/delivery/http/get.go:81.16,84.3 2 0
2021_2_MAMBa/internal/pkg/film/delivery/http/get.go:87.79,89.16 2 0
2021_2_MAMBa/internal/pkg/film/delivery/http/get.go:93.2,94.16 2 0
2021_2_MAMBa/internal/pkg/film/delivery/http/get.go:98.2,99.46 2 0
2021_2_MAMBa/internal/pkg/film/delivery/http/get.go:103.2,103.16 1 0
2021_2_MAMBa/internal/pkg/film/delivery/http/get.go:107.2,109.16 3 0
2021_2_MAMBa/internal/pkg/film/delivery/http/get.go:89.16,92.3 2 0
2021_2_MAMBa/internal/pkg/film/delivery/http/get.go:94.16,96.3 1 0
2021_2_MAMBa/internal/pkg/film/delivery/http/get.go:99.46,102.3 2 0
2021_2_MAMBa/internal/pkg/film/delivery/http/get.go:103.16,106.3 2 0
2021_2_MAMBa/internal/pkg/film/delivery/http/get.go:109.16,112.3 2 0
2021_2_MAMBa/internal/pkg/film/delivery/http/get.go:115.86,118.16 3 0
2021_2_MAMBa/internal/pkg/film/delivery/http/get.go:121.2,122.16 2 0
2021_2_MAMBa/internal/pkg/film/delivery/http/get.go:125.2,126.16 2 0
2021_2_MAMBa/internal/pkg/film/delivery/http/get.go:130.2,131.35 2 0
2021_2_MAMBa/internal/pkg/film/delivery/http/get.go:135.2,135.16 1 0
2021_2_MAMBa/internal/pkg/film/delivery/http/get.go:139.2,141.16 3 0
2021_2_MAMBa/internal/pkg/film/delivery/http/get.go:118.16,120.3 1 0
2021_2_MAMBa/internal/pkg/film/delivery/http/get.go:122.16,124.3 1 0
2021_2_MAMBa/internal/pkg/film/delivery/http/get.go:126.16,128.3 1 0
2021_2_MAMBa/internal/pkg/film/delivery/http/get.go:131.35,134.3 2 0
2021_2_MAMBa/internal/pkg/film/delivery/http/get.go:135.16,138.3 2 0
2021_2_MAMBa/internal/pkg/film/delivery/http/get.go:141.16,144.3 2 0
2021_2_MAMBa/internal/pkg/film/delivery/http/get.go:147.94,150.16 3 0
2021_2_MAMBa/internal/pkg/film/delivery/http/get.go:153.2,154.16 2 0
2021_2_MAMBa/internal/pkg/film/delivery/http/get.go:157.2,158.16 2 0
2021_2_MAMBa/internal/pkg/film/delivery/http/get.go:161.2,162.35 2 0
2021_2_MAMBa/internal/pkg/film/delivery/http/get.go:166.2,166.16 1 0
2021_2_MAMBa/internal/pkg/film/delivery/http/get.go:170.2,172.16 3 0
2021_2_MAMBa/internal/pkg/film/delivery/http/get.go:150.16,152.3 1 0
2021_2_MAMBa/internal/pkg/film/delivery/http/get.go:154.16,156.3 1 0
2021_2_MAMBa/internal/pkg/film/delivery/http/get.go:158.16,160.3 1 0
2021_2_MAMBa/internal/pkg/film/delivery/http/get.go:162.35,165.3 2 0
2021_2_MAMBa/internal/pkg/film/delivery/http/get.go:166.16,169.3 2 0
2021_2_MAMBa/internal/pkg/film/delivery/http/get.go:172.16,175.3 2 0
2021_2_MAMBa/internal/pkg/person/delivery/http/get.go:15.82,18.16 3 0
2021_2_MAMBa/internal/pkg/person/delivery/http/get.go:21.2,22.39 2 0
2021_2_MAMBa/internal/pkg/person/delivery/http/get.go:26.2,26.16 1 0
2021_2_MAMBa/internal/pkg/person/delivery/http/get.go:30.2,32.16 3 0
2021_2_MAMBa/internal/pkg/person/delivery/http/get.go:18.16,20.3 1 0
2021_2_MAMBa/internal/pkg/person/delivery/http/get.go:22.39,25.3 2 0
2021_2_MAMBa/internal/pkg/person/delivery/http/get.go:26.16,29.3 2 0
2021_2_MAMBa/internal/pkg/person/delivery/http/get.go:32.16,35.3 2 0
2021_2_MAMBa/internal/pkg/person/delivery/http/get.go:38.87,41.16 3 0
2021_2_MAMBa/internal/pkg/person/delivery/http/get.go:44.2,45.16 2 0
2021_2_MAMBa/internal/pkg/person/delivery/http/get.go:48.2,49.16 2 0
2021_2_MAMBa/internal/pkg/person/delivery/http/get.go:52.2,53.35 2 0
2021_2_MAMBa/internal/pkg/person/delivery/http/get.go:57.2,57.16 1 0
2021_2_MAMBa/internal/pkg/person/delivery/http/get.go:61.2,63.16 3 0
2021_2_MAMBa/internal/pkg/person/delivery/http/get.go:41.16,43.3 1 0
2021_2_MAMBa/internal/pkg/person/delivery/http/get.go:45.16,47.3 1 0
2021_2_MAMBa/internal/pkg/person/delivery/http/get.go:49.16,51.3 1 0
2021_2_MAMBa/internal/pkg/person/delivery/http/get.go:53.35,56.3 2 0
2021_2_MAMBa/internal/pkg/person/delivery/http/get.go:57.16,60.3 2 0
2021_2_MAMBa/internal/pkg/person/delivery/http/get.go:63.16,66.3 2 0
2021_2_MAMBa/internal/pkg/domain/user.go:33.32,36.2 2 0
2021_2_MAMBa/internal/pkg/domain/user.go:38.26,40.2 1 0
2021_2_MAMBa/internal/pkg/domain/user.go:42.27,44.2 1 0
2021_2_MAMBa/internal/pkg/film/delivery/http/get.go:18.77,22.16 3 0
2021_2_MAMBa/internal/pkg/film/delivery/http/get.go:25.2,26.16 2 0
2021_2_MAMBa/internal/pkg/film/delivery/http/get.go:29.2,30.16 2 0
2021_2_MAMBa/internal/pkg/film/delivery/http/get.go:33.2,34.16 2 0
2021_2_MAMBa/internal/pkg/film/delivery/http/get.go:37.2,38.16 2 0
2021_2_MAMBa/internal/pkg/film/delivery/http/get.go:42.2,43.35 2 0
2021_2_MAMBa/internal/pkg/film/delivery/http/get.go:47.2,47.16 1 0
2021_2_MAMBa/internal/pkg/film/delivery/http/get.go:51.2,53.16 3 0
2021_2_MAMBa/internal/pkg/film/delivery/http/get.go:22.16,24.3 1 0
2021_2_MAMBa/internal/pkg/film/delivery/http/get.go:26.16,28.3 1 0
2021_2_MAMBa/internal/pkg/film/delivery/http/get.go:30.16,32.3 1 0
2021_2_MAMBa/internal/pkg/film/delivery/http/get.go:34.16,36.3 1 0
2021_2_MAMBa/internal/pkg/film/delivery/http/get.go:38.16,40.3 1 0
2021_2_MAMBa/internal/pkg/film/delivery/http/get.go:43.35,46.3 2 0
2021_2_MAMBa/internal/pkg/film/delivery/http/get.go:47.16,50.3 2 0
2021_2_MAMBa/internal/pkg/film/delivery/http/get.go:53.16,56.3 2 0
2021_2_MAMBa/internal/pkg/film/delivery/http/get.go:59.81,61.16 2 0
2021_2_MAMBa/internal/pkg/film/delivery/http/get.go:65.2,66.16 2 0
2021_2_MAMBa/internal/pkg/film/delivery/http/get.go:69.2,70.16 2 0
2021_2_MAMBa/internal/pkg/film/delivery/http/get.go:74.2,75.16 2 0
2021_2_MAMBa/internal/pkg/film/delivery/http/get.go:79.2,81.16 3 0
2021_2_MAMBa/internal/pkg/film/delivery/http/get.go:61.16,64.3 2 0
2021_2_MAMBa/internal/pkg/film/delivery/http/get.go:66.16,68.3 1 0
2021_2_MAMBa/internal/pkg/film/delivery/http/get.go:70.16,72.3 1 0
2021_2_MAMBa/internal/pkg/film/delivery/http/get.go:75.16,78.3 2 0
2021_2_MAMBa/internal/pkg/film/delivery/http/get.go:81.16,84.3 2 0
2021_2_MAMBa/internal/pkg/film/delivery/http/get.go:87.79,89.16 2 0
2021_2_MAMBa/internal/pkg/film/delivery/http/get.go:93.2,94.16 2 0
2021_2_MAMBa/internal/pkg/film/delivery/http/get.go:98.2,99.46 2 0
2021_2_MAMBa/internal/pkg/film/delivery/http/get.go:103.2,103.16 1 0
2021_2_MAMBa/internal/pkg/film/delivery/http/get.go:107.2,109.16 3 0
2021_2_MAMBa/internal/pkg/film/delivery/http/get.go:89.16,92.3 2 0
2021_2_MAMBa/internal/pkg/film/delivery/http/get.go:94.16,96.3 1 0
2021_2_MAMBa/internal/pkg/film/delivery/http/get.go:99.46,102.3 2 0
2021_2_MAMBa/internal/pkg/film/delivery/http/get.go:103.16,106.3 2 0
2021_2_MAMBa/internal/pkg/film/delivery/http/get.go:109.16,112.3 2 0
2021_2_MAMBa/internal/pkg/film/delivery/http/get.go:115.86,118.16 3 0
2021_2_MAMBa/internal/pkg/film/delivery/http/get.go:121.2,122.16 2 0
2021_2_MAMBa/internal/pkg/film/delivery/http/get.go:125.2,126.16 2 0
2021_2_MAMBa/internal/pkg/film/delivery/http/get.go:130.2,131.35 2 0
2021_2_MAMBa/internal/pkg/film/delivery/http/get.go:135.2,135.16 1 0
2021_2_MAMBa/internal/pkg/film/delivery/http/get.go:139.2,141.16 3 0
2021_2_MAMBa/internal/pkg/film/delivery/http/get.go:118.16,120.3 1 0
2021_2_MAMBa/internal/pkg/film/delivery/http/get.go:122.16,124.3 1 0
2021_2_MAMBa/internal/pkg/film/delivery/http/get.go:126.16,128.3 1 0
2021_2_MAMBa/internal/pkg/film/delivery/http/get.go:131.35,134.3 2 0
2021_2_MAMBa/internal/pkg/film/delivery/http/get.go:135.16,138.3 2 0
2021_2_MAMBa/internal/pkg/film/delivery/http/get.go:141.16,144.3 2 0
2021_2_MAMBa/internal/pkg/film/delivery/http/get.go:147.94,150.16 3 0
2021_2_MAMBa/internal/pkg/film/delivery/http/get.go:153.2,154.16 2 0
2021_2_MAMBa/internal/pkg/film/delivery/http/get.go:157.2,158.16 2 0
2021_2_MAMBa/internal/pkg/film/delivery/http/get.go:161.2,162.35 2 0
2021_2_MAMBa/internal/pkg/film/delivery/http/get.go:166.2,166.16 1 0
2021_2_MAMBa/internal/pkg/film/delivery/http/get.go:170.2,172.16 3 0
2021_2_MAMBa/internal/pkg/film/delivery/http/get.go:150.16,152.3 1 0
2021_2_MAMBa/internal/pkg/film/delivery/http/get.go:154.16,156.3 1 0
2021_2_MAMBa/internal/pkg/film/delivery/http/get.go:158.16,160.3 1 0
2021_2_MAMBa/internal/pkg/film/delivery/http/get.go:162.35,165.3 2 0
2021_2_MAMBa/internal/pkg/film/delivery/http/get.go:166.16,169.3 2 0
2021_2_MAMBa/internal/pkg/film/delivery/http/get.go:172.16,175.3 2 0
2021_2_MAMBa/internal/pkg/reviews/repository/db.go:15.79,17.2 1 0
2021_2_MAMBa/internal/pkg/reviews/repository/db.go:29.76,31.16 2 0
2021_2_MAMBa/internal/pkg/reviews/repository/db.go:34.2,35.16 2 0
2021_2_MAMBa/internal/pkg/reviews/repository/db.go:38.2,49.16 5 0
2021_2_MAMBa/internal/pkg/reviews/repository/db.go:52.2,55.16 4 0
2021_2_MAMBa/internal/pkg/reviews/repository/db.go:58.2,61.20 4 0
2021_2_MAMBa/internal/pkg/reviews/repository/db.go:31.16,33.3 1 0
2021_2_MAMBa/internal/pkg/reviews/repository/db.go:35.16,37.3 1 0
2021_2_MAMBa/internal/pkg/reviews/repository/db.go:49.16,51.3 1 0
2021_2_MAMBa/internal/pkg/reviews/repository/db.go:55.16,57.3 1 0
2021_2_MAMBa/internal/pkg/reviews/repository/db.go:64.82,66.16 2 0
2021_2_MAMBa/internal/pkg/reviews/repository/db.go:69.2,69.22 1 0
2021_2_MAMBa/internal/pkg/reviews/repository/db.go:80.2,80.41 1 0
2021_2_MAMBa/internal/pkg/reviews/repository/db.go:66.16,68.3 1 0
2021_2_MAMBa/internal/pkg/reviews/repository/db.go:69.22,71.17 2 0
2021_2_MAMBa/internal/pkg/reviews/repository/db.go:71.17,73.4 1 0
2021_2_MAMBa/internal/pkg/reviews/repository/db.go:74.8,76.17 2 0
2021_2_MAMBa/internal/pkg/reviews/repository/db.go:76.17,78.4 1 0
2021_2_MAMBa/internal/pkg/reviews/repository/db.go:83.126,85.16 2 0
2021_2_MAMBa/internal/pkg/reviews/repository/db.go:88.2,89.20 2 0
2021_2_MAMBa/internal/pkg/reviews/repository/db.go:93.2,96.16 3 0
2021_2_MAMBa/internal/pkg/reviews/repository/db.go:99.2,100.23 2 0
2021_2_MAMBa/internal/pkg/reviews/repository/db.go:130.2,138.21 2 0
2021_2_MAMBa/internal/pkg/reviews/repository/db.go:85.16,87.3 1 0
2021_2_MAMBa/internal/pkg/reviews/repository/db.go:89.20,91.3 1 0
2021_2_MAMBa/internal/pkg/reviews/repository/db.go:96.16,98.3 1 0
2021_2_MAMBa/internal/pkg/reviews/repository/db.go:100.23,102.17 2 0
2021_2_MAMBa/internal/pkg/reviews/repository/db.go:105.3,116.17 5 0
2021_2_MAMBa/internal/pkg/reviews/repository/db.go:119.3,122.17 4 0
2021_2_MAMBa/internal/pkg/reviews/repository/db.go:125.3,128.42 4 0
2021_2_MAMBa/internal/pkg/reviews/repository/db.go:102.17,104.4 1 0
2021_2_MAMBa/internal/pkg/reviews/repository/db.go:116.17,118.4 1 0
2021_2_MAMBa/internal/pkg/reviews/repository/db.go:122.17,124.4 1 0
2021_2_MAMBa/internal/pkg/user/usecase/mock/usecase_mock.go:26.67,30.2 3 1
2021_2_MAMBa/internal/pkg/user/usecase/mock/usecase_mock.go:33.65,35.2 1 1
2021_2_MAMBa/internal/pkg/user/usecase/mock/usecase_mock.go:38.71,44.2 5 1
2021_2_MAMBa/internal/pkg/user/usecase/mock/usecase_mock.go:47.81,50.2 2 1
2021_2_MAMBa/internal/pkg/user/usecase/mock/usecase_mock.go:53.74,59.2 5 1
2021_2_MAMBa/internal/pkg/user/usecase/mock/usecase_mock.go:62.84,65.2 2 1
2021_2_MAMBa/internal/pkg/user/usecase/mock/usecase_mock.go:68.80,74.2 5 1
2021_2_MAMBa/internal/pkg/user/usecase/mock/usecase_mock.go:77.77,80.2 2 1
2021_2_MAMBa/internal/pkg/user/usecase/mock/usecase_mock.go:83.76,89.2 5 1
2021_2_MAMBa/internal/pkg/user/usecase/mock/usecase_mock.go:92.80,95.2 2 1
2021_2_MAMBa/internal/pkg/database/database.go:28.27,31.16 3 0
2021_2_MAMBa/internal/pkg/database/database.go:36.2,37.31 2 0
2021_2_MAMBa/internal/pkg/database/database.go:31.16,35.3 3 0
2021_2_MAMBa/internal/pkg/database/database.go:40.36,43.2 2 0
2021_2_MAMBa/internal/pkg/database/database.go:45.92,48.16 3 0
2021_2_MAMBa/internal/pkg/database/database.go:54.2,57.16 3 0
2021_2_MAMBa/internal/pkg/database/database.go:62.2,65.18 3 0
2021_2_MAMBa/internal/pkg/database/database.go:71.2,72.16 2 0
2021_2_MAMBa/internal/pkg/database/database.go:77.2,77.20 1 0
2021_2_MAMBa/internal/pkg/database/database.go:48.16,52.3 3 0
2021_2_MAMBa/internal/pkg/database/database.go:57.16,61.3 3 0
2021_2_MAMBa/internal/pkg/database/database.go:65.18,69.3 3 0
2021_2_MAMBa/internal/pkg/database/database.go:72.16,76.3 3 0
2021_2_MAMBa/internal/pkg/database/database.go:80.80,83.16 3 0
2021_2_MAMBa/internal/pkg/database/database.go:89.2,92.16 3 0
2021_2_MAMBa/internal/pkg/database/database.go:98.2,99.16 2 0
2021_2_MAMBa/internal/pkg/database/database.go:104.2,104.12 1 0
2021_2_MAMBa/internal/pkg/database/database.go:83.16,87.3 3 0
2021_2_MAMBa/internal/pkg/database/database.go:92.16,96.3 3 0
2021_2_MAMBa/internal/pkg/database/database.go:99.16,103.3 3 0
2021_2_MAMBa/internal/pkg/sessions/sessions.go:21.76,34.16 5 1
2021_2_MAMBa/internal/pkg/sessions/sessions.go:38.2,38.12 1 1
2021_2_MAMBa/internal/pkg/sessions/sessions.go:34.16,37.3 2 0
2021_2_MAMBa/internal/pkg/sessions/sessions.go:41.74,43.16 2 1
2021_2_MAMBa/internal/pkg/sessions/sessions.go:47.2,48.29 2 1
2021_2_MAMBa/internal/pkg/sessions/sessions.go:57.2,57.12 1 1
2021_2_MAMBa/internal/pkg/sessions/sessions.go:43.16,45.3 1 0
2021_2_MAMBa/internal/pkg/sessions/sessions.go:48.29,52.17 3 1
2021_2_MAMBa/internal/pkg/sessions/sessions.go:52.17,55.4 2 0
2021_2_MAMBa/internal/pkg/sessions/sessions.go:60.52,62.34 2 1
2021_2_MAMBa/internal/pkg/sessions/sessions.go:65.2,66.28 2 1
2021_2_MAMBa/internal/pkg/sessions/sessions.go:69.2,70.9 2 1
2021_2_MAMBa/internal/pkg/sessions/sessions.go:73.2,73.22 1 1
2021_2_MAMBa/internal/pkg/sessions/sessions.go:62.34,64.3 1 0
2021_2_MAMBa/internal/pkg/sessions/sessions.go:66.28,68.3 1 1
2021_2_MAMBa/internal/pkg/sessions/sessions.go:70.9,72.3 1 0
2021_2_MAMBa/internal/pkg/film/delivery/http/handlers.go:11.61,21.2 6 0
2021_2_MAMBa/internal/pkg/reviews/usecase/usecase.go:12.71,16.2 1 0
2021_2_MAMBa/internal/pkg/reviews/usecase/usecase.go:18.71,20.16 2 0
2021_2_MAMBa/internal/pkg/reviews/usecase/usecase.go:23.2,23.20 1 0
2021_2_MAMBa/internal/pkg/reviews/usecase/usecase.go:20.16,22.3 1 0
2021_2_MAMBa/internal/pkg/reviews/usecase/usecase.go:25.83,27.16 2 0
2021_2_MAMBa/internal/pkg/reviews/usecase/usecase.go:30.2,31.23 2 0
2021_2_MAMBa/internal/pkg/reviews/usecase/usecase.go:27.16,29.3 1 0
2021_2_MAMBa/internal/pkg/reviews/usecase/usecase.go:33.120,35.16 2 0
2021_2_MAMBa/internal/pkg/reviews/usecase/usecase.go:38.2,38.21 1 0
2021_2_MAMBa/internal/pkg/reviews/usecase/usecase.go:35.16,37.3 1 0
2021_2_MAMBa/internal/pkg/reviews/delivery/http/handlers.go:11.63,20.2 4 0
2021_2_MAMBa/internal/pkg/film/usecase/mock/usecase_mock.go:26.67,30.2 3 0
2021_2_MAMBa/internal/pkg/film/usecase/mock/usecase_mock.go:33.65,35.2 1 0
2021_2_MAMBa/internal/pkg/film/usecase/mock/usecase_mock.go:38.105,44.2 5 0
2021_2_MAMBa/internal/pkg/film/usecase/mock/usecase_mock.go:47.103,50.2 2 0
2021_2_MAMBa/internal/pkg/film/usecase/mock/usecase_mock.go:53.116,59.2 5 0
2021_2_MAMBa/internal/pkg/film/usecase/mock/usecase_mock.go:62.107,65.2 2 0
2021_2_MAMBa/internal/pkg/film/usecase/mock/usecase_mock.go:68.100,74.2 5 0
2021_2_MAMBa/internal/pkg/film/usecase/mock/usecase_mock.go:77.99,80.2 2 0
2021_2_MAMBa/internal/pkg/film/usecase/mock/usecase_mock.go:83.82,89.2 5 0
2021_2_MAMBa/internal/pkg/film/usecase/mock/usecase_mock.go:92.90,95.2 2 0
2021_2_MAMBa/internal/pkg/film/usecase/mock/usecase_mock.go:98.88,104.2 5 0
2021_2_MAMBa/internal/pkg/film/usecase/mock/usecase_mock.go:107.94,110.2 2 0
2021_2_MAMBa/internal/pkg/collections/delivery/http/get.go:15.91,18.16 3 0
2021_2_MAMBa/internal/pkg/collections/delivery/http/get.go:21.2,22.16 2 0
2021_2_MAMBa/internal/pkg/collections/delivery/http/get.go:26.2,27.35 2 0
2021_2_MAMBa/internal/pkg/collections/delivery/http/get.go:31.2,31.16 1 0
2021_2_MAMBa/internal/pkg/collections/delivery/http/get.go:35.2,37.16 3 0
2021_2_MAMBa/internal/pkg/collections/delivery/http/get.go:18.16,20.3 1 0
2021_2_MAMBa/internal/pkg/collections/delivery/http/get.go:22.16,24.3 1 0
2021_2_MAMBa/internal/pkg/collections/delivery/http/get.go:27.35,30.3 2 0
2021_2_MAMBa/internal/pkg/collections/delivery/http/get.go:31.16,34.3 2 0
2021_2_MAMBa/internal/pkg/collections/delivery/http/get.go:37.16,40.3 2 0
2021_2_MAMBa/internal/pkg/collections/delivery/http/handlers.go:12.68,18.2 2 0
2021_2_MAMBa/internal/pkg/collections/repository/db.go:14.89,16.2 1 0
2021_2_MAMBa/internal/pkg/collections/repository/db.go:23.100,25.16 2 0
2021_2_MAMBa/internal/pkg/collections/repository/db.go:28.2,29.20 2 0
2021_2_MAMBa/internal/pkg/collections/repository/db.go:33.2,37.24 4 0
[...]
2021_2_MAMBa/internal/pkg/person/repository/db.go:108.24,117.3 2 0
2021_2_MAMBa/internal/pkg/film/repository/db.go:15.75,17.2 1 0
2021_2_MAMBa/internal/pkg/film/repository/db.go:37.69,39.36 2 0
2021_2_MAMBa/internal/pkg/film/repository/db.go:42.2,74.16 4 0
2021_2_MAMBa/internal/pkg/film/repository/db.go:77.2,79.36 3 0
2021_2_MAMBa/internal/pkg/film/repository/db.go:82.2,83.24 2 0
2021_2_MAMBa/internal/pkg/film/repository/db.go:86.2,89.16 3 0
2021_2_MAMBa/internal/pkg/film/repository/db.go:92.2,92.22 1 0
2021_2_MAMBa/internal/pkg/film/repository/db.go:95.2,96.24 2 0
2021_2_MAMBa/internal/pkg/film/repository/db.go:102.2,105.16 3 0
2021_2_MAMBa/internal/pkg/film/repository/db.go:108.2,108.22 1 0
2021_2_MAMBa/internal/pkg/film/repository/db.go:111.2,112.24 2 0
2021_2_MAMBa/internal/pkg/film/repository/db.go:121.2,122.18 2 0
2021_2_MAMBa/internal/pkg/film/repository/db.go:39.36,41.3 1 0
2021_2_MAMBa/internal/pkg/film/repository/db.go:74.16,76.3 1 0
2021_2_MAMBa/internal/pkg/film/repository/db.go:79.36,81.3 1 0
2021_2_MAMBa/internal/pkg/film/repository/db.go:83.24,85.3 1 0
2021_2_MAMBa/internal/pkg/film/repository/db.go:89.16,91.3 1 0
2021_2_MAMBa/internal/pkg/film/repository/db.go:92.22,94.3 1 0
2021_2_MAMBa/internal/pkg/film/repository/db.go:96.24,101.3 1 0
2021_2_MAMBa/internal/pkg/film/repository/db.go:105.16,107.3 1 0
2021_2_MAMBa/internal/pkg/film/repository/db.go:108.22,110.3 1 0
2021_2_MAMBa/internal/pkg/film/repository/db.go:112.24,120.3 1 0
2021_2_MAMBa/internal/pkg/film/repository/db.go:125.104,127.16 2 0
2021_2_MAMBa/internal/pkg/film/repository/db.go:130.2,131.20 2 0
2021_2_MAMBa/internal/pkg/film/repository/db.go:134.2,136.16 3 0
2021_2_MAMBa/internal/pkg/film/repository/db.go:139.2,140.24 2 0
2021_2_MAMBa/internal/pkg/film/repository/db.go:156.2,164.25 2 0
2021_2_MAMBa/internal/pkg/film/repository/db.go:127.16,129.3 1 0
2021_2_MAMBa/internal/pkg/film/repository/db.go:131.20,133.3 1 0
2021_2_MAMBa/internal/pkg/film/repository/db.go:136.16,138.3 1 0
2021_2_MAMBa/internal/pkg/film/repository/db.go:140.24,142.17 2 0
2021_2_MAMBa/internal/pkg/film/repository/db.go:145.3,154.5 1 0
2021_2_MAMBa/internal/pkg/film/repository/db.go:142.17,144.4 1 0
2021_2_MAMBa/internal/pkg/film/repository/db.go:167.120,169.16 2 0
2021_2_MAMBa/internal/pkg/film/repository/db.go:172.2,173.20 2 0
2021_2_MAMBa/internal/pkg/film/repository/db.go:177.2,180.24 4 0
2021_2_MAMBa/internal/pkg/film/repository/db.go:187.2,194.25 2 0
2021_2_MAMBa/internal/pkg/film/repository/db.go:169.16,171.3 1 0
2021_2_MAMBa/internal/pkg/film/repository/db.go:173.20,175.3 1 0
2021_2_MAMBa/internal/pkg/film/repository/db.go:180.24,186.3 1 0
2021_2_MAMBa/internal/pkg/film/repository/db.go:197.102,199.16 2 0
2021_2_MAMBa/internal/pkg/film/repository/db.go:202.2,202.22 1 0
2021_2_MAMBa/internal/pkg/film/repository/db.go:213.2,214.16 2 0
2021_2_MAMBa/internal/pkg/film/repository/db.go:217.2,218.23 2 0
2021_2_MAMBa/internal/pkg/film/repository/db.go:199.16,201.3 1 0
2021_2_MAMBa/internal/pkg/film/repository/db.go:202.22,204.17 2 0
2021_2_MAMBa/internal/pkg/film/repository/db.go:204.17,206.4 1 0
2021_2_MAMBa/internal/pkg/film/repository/db.go:207.8,209.17 2 0
2021_2_MAMBa/internal/pkg/film/repository/db.go:209.17,211.4 1 0
2021_2_MAMBa/internal/pkg/film/repository/db.go:214.16,216.3 1 0
2021_2_MAMBa/internal/pkg/film/repository/db.go:221.93,223.16 2 0
2021_2_MAMBa/internal/pkg/film/repository/db.go:226.2,226.22 1 0
2021_2_MAMBa/internal/pkg/film/repository/db.go:229.2,232.16 4 0
2021_2_MAMBa/internal/pkg/film/repository/db.go:235.2,244.16 3 0
2021_2_MAMBa/internal/pkg/film/repository/db.go:247.2,250.16 4 0
2021_2_MAMBa/internal/pkg/film/repository/db.go:253.2,257.20 4 0
2021_2_MAMBa/internal/pkg/film/repository/db.go:223.16,225.3 1 0
2021_2_MAMBa/internal/pkg/film/repository/db.go:226.22,228.3 1 0
2021_2_MAMBa/internal/pkg/film/repository/db.go:232.16,234.3 1 0
2021_2_MAMBa/internal/pkg/film/repository/db.go:244.16,246.3 1 0
2021_2_MAMBa/internal/pkg/film/repository/db.go:250.16,252.3 1 0
2021_2_MAMBa/internal/pkg/middlewares/cors.go:24.40,25.71 1 0
2021_2_MAMBa/internal/pkg/middlewares/cors.go:25.71,28.11 3 0
2021_2_MAMBa/internal/pkg/middlewares/cors.go:34.3,37.28 4 0
2021_2_MAMBa/internal/pkg/middlewares/cors.go:40.3,40.20 1 0
2021_2_MAMBa/internal/pkg/middlewares/cors.go:28.11,30.4 1 0
2021_2_MAMBa/internal/pkg/middlewares/cors.go:30.9,33.4 2 0
2021_2_MAMBa/internal/pkg/middlewares/cors.go:37.28,39.4 1 0
2021_2_MAMBa/internal/pkg/middlewares/logger.go:10.45,11.71 1 0
2021_2_MAMBa/internal/pkg/middlewares/logger.go:11.71,16.3 3 0
2021_2_MAMBa/internal/pkg/middlewares/panic.go:9.52,10.71 1 0
2021_2_MAMBa/internal/pkg/middlewares/panic.go:10.71,11.16 1 0
2021_2_MAMBa/internal/pkg/middlewares/panic.go:17.3,17.23 1 0
2021_2_MAMBa/internal/pkg/middlewares/panic.go:11.16,12.36 1 0
2021_2_MAMBa/internal/pkg/middlewares/panic.go:12.36,15.5 2 0
2021_2_MAMBa/internal/pkg/reviews/delivery/http/get.go:17.81,20.16 3 0
2021_2_MAMBa/internal/pkg/reviews/delivery/http/get.go:23.2,24.35 2 0
2021_2_MAMBa/internal/pkg/reviews/delivery/http/get.go:28.2,28.16 1 0
2021_2_MAMBa/internal/pkg/reviews/delivery/http/get.go:32.2,34.16 3 0
2021_2_MAMBa/internal/pkg/reviews/delivery/http/get.go:20.16,22.3 1 0
2021_2_MAMBa/internal/pkg/reviews/delivery/http/get.go:24.35,27.3 2 0
2021_2_MAMBa/internal/pkg/reviews/delivery/http/get.go:28.16,31.3 2 0
2021_2_MAMBa/internal/pkg/reviews/delivery/http/get.go:34.16,37.3 2 0
2021_2_MAMBa/internal/pkg/reviews/delivery/http/get.go:40.82,44.16 4 0
2021_2_MAMBa/internal/pkg/reviews/delivery/http/get.go:48.2,49.16 2 0
2021_2_MAMBa/internal/pkg/reviews/delivery/http/get.go:53.2,57.16 5 0
2021_2_MAMBa/internal/pkg/reviews/delivery/http/get.go:44.16,47.3 2 0
2021_2_MAMBa/internal/pkg/reviews/delivery/http/get.go:49.16,52.3 2 0
2021_2_MAMBa/internal/pkg/reviews/delivery/http/get.go:57.16,60.3 2 0
2021_2_MAMBa/internal/pkg/reviews/delivery/http/get.go:63.83,66.16 3 0
2021_2_MAMBa/internal/pkg/reviews/delivery/http/get.go:69.2,70.16 2 0
2021_2_MAMBa/internal/pkg/reviews/delivery/http/get.go:73.2,74.16 2 0
2021_2_MAMBa/internal/pkg/reviews/delivery/http/get.go:77.2,78.16 2 0
2021_2_MAMBa/internal/pkg/reviews/delivery/http/get.go:81.2,82.35 2 0
2021_2_MAMBa/internal/pkg/reviews/delivery/http/get.go:86.2,86.16 1 0
2021_2_MAMBa/internal/pkg/reviews/delivery/http/get.go:90.2,92.16 3 0
2021_2_MAMBa/internal/pkg/reviews/delivery/http/get.go:66.16,68.3 1 0
2021_2_MAMBa/internal/pkg/reviews/delivery/http/get.go:70.16,72.3 1 0
2021_2_MAMBa/internal/pkg/reviews/delivery/http/get.go:74.16,76.3 1 0
2021_2_MAMBa/internal/pkg/reviews/delivery/http/get.go:78.16,80.3 1 0
2021_2_MAMBa/internal/pkg/reviews/delivery/http/get.go:82.35,85.3 2 0
2021_2_MAMBa/internal/pkg/reviews/delivery/http/get.go:86.16,89.3 2 0
2021_2_MAMBa/internal/pkg/reviews/delivery/http/get.go:92.16,95.3 2 0
2021_2_MAMBa/internal/pkg/user/delivery/http/get.go:11.82,14.16 3 0
2021_2_MAMBa/internal/pkg/user/delivery/http/get.go:18.2,19.16 2 0
2021_2_MAMBa/internal/pkg/user/delivery/http/get.go:23.2,24.16 2 0
2021_2_MAMBa/internal/pkg/user/delivery/http/get.go:29.2,31.16 3 0
2021_2_MAMBa/internal/pkg/user/delivery/http/get.go:14.16,17.3 2 0
2021_2_MAMBa/internal/pkg/user/delivery/http/get.go:19.16,22.3 2 0
2021_2_MAMBa/internal/pkg/user/delivery/http/get.go:24.16,27.3 2 0
2021_2_MAMBa/internal/pkg/user/delivery/http/get.go:31.16,34.3 2 0
2021_2_MAMBa/internal/pkg/collections/delivery/http/handlers.go:12.68,18.2 2 0
2021_2_MAMBa/internal/pkg/utils/cast/cast.go:10.38,12.2 1 1
2021_2_MAMBa/internal/pkg/utils/cast/cast.go:14.37,16.2 1 1
2021_2_MAMBa/internal/pkg/utils/cast/cast.go:18.39,20.2 1 0
2021_2_MAMBa/internal/pkg/utils/cast/cast.go:22.37,24.2 1 0
2021_2_MAMBa/internal/pkg/utils/cast/cast.go:26.45,30.2 3 0
2021_2_MAMBa/internal/pkg/user/usecase/usecase.go:13.65,17.2 1 0
2021_2_MAMBa/internal/pkg/user/usecase/usecase.go:19.68,23.16 4 0
2021_2_MAMBa/internal/pkg/user/usecase/usecase.go:26.2,26.18 1 0
2021_2_MAMBa/internal/pkg/user/usecase/usecase.go:23.16,25.3 1 0
2021_2_MAMBa/internal/pkg/user/usecase/usecase.go:29.69,31.54 1 0
2021_2_MAMBa/internal/pkg/user/usecase/usecase.go:34.2,35.16 2 0
2021_2_MAMBa/internal/pkg/user/usecase/usecase.go:40.2,41.16 2 0
2021_2_MAMBa/internal/pkg/user/usecase/usecase.go:44.2,48.16 4 0
2021_2_MAMBa/internal/pkg/user/usecase/usecase.go:51.2,52.16 2 0
2021_2_MAMBa/internal/pkg/user/usecase/usecase.go:31.54,33.3 1 0
2021_2_MAMBa/internal/pkg/user/usecase/usecase.go:35.16,37.3 1 0
2021_2_MAMBa/internal/pkg/user/usecase/usecase.go:41.16,43.3 1 0
2021_2_MAMBa/internal/pkg/user/usecase/usecase.go:48.16,50.3 1 0
2021_2_MAMBa/internal/pkg/user/usecase/usecase.go:55.73,56.39 1 0
2021_2_MAMBa/internal/pkg/user/usecase/usecase.go:59.2,61.38 3 0
2021_2_MAMBa/internal/pkg/user/usecase/usecase.go:64.2,65.16 2 0
2021_2_MAMBa/internal/pkg/user/usecase/usecase.go:56.39,58.3 1 0
2021_2_MAMBa/internal/pkg/user/usecase/usecase.go:61.38,63.3 1 0
2021_2_MAMBa/internal/pkg/user/usecase/usecase.go:68.65,71.2 2 0
2021_2_MAMBa/internal/pkg/user/repository/db.go:14.75,16.2 1 1
2021_2_MAMBa/internal/pkg/user/repository/db.go:24.75,26.16 2 1
2021_2_MAMBa/internal/pkg/user/repository/db.go:29.2,29.22 1 1
2021_2_MAMBa/internal/pkg/user/repository/db.go:32.2,42.19 3 1
2021_2_MAMBa/internal/pkg/user/repository/db.go:26.16,28.3 1 0
2021_2_MAMBa/internal/pkg/user/repository/db.go:29.22,31.3 1 1
2021_2_MAMBa/internal/pkg/user/repository/db.go:45.69,47.16 2 1
2021_2_MAMBa/internal/pkg/user/repository/db.go:50.2,50.22 1 1
2021_2_MAMBa/internal/pkg/user/repository/db.go:53.2,63.19 3 1
2021_2_MAMBa/internal/pkg/user/repository/db.go:47.16,49.3 1 0
2021_2_MAMBa/internal/pkg/user/repository/db.go:50.22,52.3 1 1
2021_2_MAMBa/internal/pkg/user/repository/db.go:66.70,68.16 2 1
2021_2_MAMBa/internal/pkg/user/repository/db.go:71.2,72.19 2 1
2021_2_MAMBa/internal/pkg/user/repository/db.go:68.16,70.3 1 0
2021_2_MAMBa/internal/pkg/film/delivery/http/handlers.go:11.61,21.2 6 0
2021_2_MAMBa/internal/pkg/person/delivery/http/handlers.go:11.63,19.2 3 0
2021_2_MAMBa/internal/pkg/reviews/usecase/usecase.go:12.71,16.2 1 0
2021_2_MAMBa/internal/pkg/reviews/usecase/usecase.go:18.71,20.16 2 0
2021_2_MAMBa/internal/pkg/reviews/usecase/usecase.go:23.2,23.20 1 0
2021_2_MAMBa/internal/pkg/reviews/usecase/usecase.go:20.16,22.3 1 0
2021_2_MAMBa/internal/pkg/reviews/usecase/usecase.go:25.83,27.16 2 0
2021_2_MAMBa/internal/pkg/reviews/usecase/usecase.go:30.2,31.23 2 0
2021_2_MAMBa/internal/pkg/reviews/usecase/usecase.go:27.16,29.3 1 0
2021_2_MAMBa/internal/pkg/reviews/usecase/usecase.go:33.120,35.16 2 0
2021_2_MAMBa/internal/pkg/reviews/usecase/usecase.go:38.2,38.21 1 0
2021_2_MAMBa/internal/pkg/reviews/usecase/usecase.go:35.16,37.3 1 0
2021_2_MAMBa/internal/pkg/user/delivery/http/auth.go:11.78,15.16 4 0
2021_2_MAMBa/internal/pkg/user/delivery/http/auth.go:20.2,21.16 2 0
2021_2_MAMBa/internal/pkg/user/delivery/http/auth.go:26.2,27.30 2 0
2021_2_MAMBa/internal/pkg/user/delivery/http/auth.go:32.2,33.16 2 0
2021_2_MAMBa/internal/pkg/user/delivery/http/auth.go:37.2,38.21 2 0
2021_2_MAMBa/internal/pkg/user/delivery/http/auth.go:15.16,18.3 2 0
2021_2_MAMBa/internal/pkg/user/delivery/http/auth.go:21.16,24.3 2 0
2021_2_MAMBa/internal/pkg/user/delivery/http/auth.go:27.30,30.3 2 0
2021_2_MAMBa/internal/pkg/user/delivery/http/auth.go:33.16,36.3 2 0
2021_2_MAMBa/internal/pkg/user/delivery/http/auth.go:41.75,45.16 4 0
2021_2_MAMBa/internal/pkg/user/delivery/http/auth.go:50.2,51.40 2 0
2021_2_MAMBa/internal/pkg/user/delivery/http/auth.go:56.2,57.39 2 0
2021_2_MAMBa/internal/pkg/user/delivery/http/auth.go:61.2,61.45 1 0
2021_2_MAMBa/internal/pkg/user/delivery/http/auth.go:65.2,65.16 1 0
2021_2_MAMBa/internal/pkg/user/delivery/http/auth.go:70.2,71.16 2 0
2021_2_MAMBa/internal/pkg/user/delivery/http/auth.go:76.2,77.16 2 0
2021_2_MAMBa/internal/pkg/user/delivery/http/auth.go:82.2,83.21 2 0
2021_2_MAMBa/internal/pkg/user/delivery/http/auth.go:45.16,48.3 2 0
2021_2_MAMBa/internal/pkg/user/delivery/http/auth.go:51.40,54.3 2 0
2021_2_MAMBa/internal/pkg/user/delivery/http/auth.go:57.39,60.3 2 0
2021_2_MAMBa/internal/pkg/user/delivery/http/auth.go:61.45,64.3 2 0
2021_2_MAMBa/internal/pkg/user/delivery/http/auth.go:65.16,68.3 2 0
2021_2_MAMBa/internal/pkg/user/delivery/http/auth.go:71.16,74.3 2 0
2021_2_MAMBa/internal/pkg/user/delivery/http/auth.go:77.16,80.3 2 0
2021_2_MAMBa/internal/pkg/user/delivery/http/auth.go:86.76,88.40 2 0
2021_2_MAMBa/internal/pkg/user/delivery/http/auth.go:92.2,93.16 2 0
2021_2_MAMBa/internal/pkg/user/delivery/http/auth.go:97.2,97.30 1 0
2021_2_MAMBa/internal/pkg/user/delivery/http/auth.go:88.40,91.3 2 0
2021_2_MAMBa/internal/pkg/user/delivery/http/auth.go:93.16,96.3 2 0
2021_2_MAMBa/internal/pkg/user/delivery/http/auth.go:100.79,102.40 2 0
2021_2_MAMBa/internal/pkg/user/delivery/http/auth.go:106.2,106.16 1 0
2021_2_MAMBa/internal/pkg/user/delivery/http/auth.go:111.2,112.16 2 0
2021_2_MAMBa/internal/pkg/user/delivery/http/auth.go:117.2,118.16 2 0
2021_2_MAMBa/internal/pkg/user/delivery/http/auth.go:122.2,123.21 2 0
2021_2_MAMBa/internal/pkg/user/delivery/http/auth.go:102.40,105.3 2 0
2021_2_MAMBa/internal/pkg/user/delivery/http/auth.go:106.16,109.3 2 0
2021_2_MAMBa/internal/pkg/user/delivery/http/auth.go:112.16,115.3 2 0
2021_2_MAMBa/internal/pkg/user/delivery/http/auth.go:118.16,121.3 2 0
2021_2_MAMBa/cmd/main.go:7.13,9.2 1 0
2021_2_MAMBa/internal/pkg/collections/usecase/mock/usecase_mock.go:26.81,30.2 3 0
2021_2_MAMBa/internal/pkg/collections/usecase/mock/usecase_mock.go:33.79,35.2 1 0
2021_2_MAMBa/internal/pkg/collections/usecase/mock/usecase_mock.go:38.93,44.2 5 0
2021_2_MAMBa/internal/pkg/collections/usecase/mock/usecase_mock.go:47.99,50.2 2 0
2021_2_MAMBa/internal/pkg/collections/repository/db.go:14.89,16.2 1 0
2021_2_MAMBa/internal/pkg/collections/repository/db.go:23.100,25.16 2 0
2021_2_MAMBa/internal/pkg/collections/repository/db.go:28.2,29.20 2 0
2021_2_MAMBa/internal/pkg/collections/repository/db.go:33.2,37.24 4 0
2021_2_MAMBa/internal/pkg/collections/repository/db.go:46.2,53.21 2 0
2021_2_MAMBa/internal/pkg/collections/repository/db.go:25.16,27.3 1 0
2021_2_MAMBa/internal/pkg/collections/repository/db.go:29.20,31.3 1 0
2021_2_MAMBa/internal/pkg/collections/repository/db.go:37.24,44.3 2 0
2021_2_MAMBa/internal/pkg/film/usecase/mock/usecase_mock.go:26.67,30.2 3 0
2021_2_MAMBa/internal/pkg/film/usecase/mock/usecase_mock.go:33.65,35.2 1 0
2021_2_MAMBa/internal/pkg/film/usecase/mock/usecase_mock.go:38.105,44.2 5 0
2021_2_MAMBa/internal/pkg/film/usecase/mock/usecase_mock.go:47.103,50.2 2 0
2021_2_MAMBa/internal/pkg/film/usecase/mock/usecase_mock.go:53.116,59.2 5 0
2021_2_MAMBa/internal/pkg/film/usecase/mock/usecase_mock.go:62.107,65.2 2 0
2021_2_MAMBa/internal/pkg/film/usecase/mock/usecase_mock.go:68.100,74.2 5 0
2021_2_MAMBa/internal/pkg/film/usecase/mock/usecase_mock.go:77.99,80.2 2 0
2021_2_MAMBa/internal/pkg/film/usecase/mock/usecase_mock.go:83.82,89.2 5 0
2021_2_MAMBa/internal/pkg/film/usecase/mock/usecase_mock.go:92.90,95.2 2 0
2021_2_MAMBa/internal/pkg/film/usecase/mock/usecase_mock.go:98.88,104.2 5 0
2021_2_MAMBa/internal/pkg/film/usecase/mock/usecase_mock.go:107.94,110.2 2 0
2021_2_MAMBa/internal/pkg/user/usecase/mock/usecase_mock.go:26.67,30.2 3 0
2021_2_MAMBa/internal/pkg/user/usecase/mock/usecase_mock.go:33.65,35.2 1 0
2021_2_MAMBa/internal/pkg/user/usecase/mock/usecase_mock.go:38.71,44.2 5 0
2021_2_MAMBa/internal/pkg/user/usecase/mock/usecase_mock.go:47.81,50.2 2 0
2021_2_MAMBa/internal/pkg/user/usecase/mock/usecase_mock.go:53.74,59.2 5 0
2021_2_MAMBa/internal/pkg/user/usecase/mock/usecase_mock.go:62.84,65.2 2 0
2021_2_MAMBa/internal/pkg/user/usecase/mock/usecase_mock.go:68.80,74.2 5 0
2021_2_MAMBa/internal/pkg/user/usecase/mock/usecase_mock.go:77.77,80.2 2 0
2021_2_MAMBa/internal/pkg/user/usecase/mock/usecase_mock.go:83.76,89.2 5 0
2021_2_MAMBa/internal/pkg/user/usecase/mock/usecase_mock.go:92.80,95.2 2 0
2021_2_MAMBa/internal/pkg/film/delivery/http/get.go:18.77,22.16 3 0
2021_2_MAMBa/internal/pkg/film/delivery/http/get.go:25.2,26.16 2 0
2021_2_MAMBa/internal/pkg/film/delivery/http/get.go:29.2,30.16 2 0
2021_2_MAMBa/internal/pkg/film/delivery/http/get.go:33.2,34.16 2 0
2021_2_MAMBa/internal/pkg/film/delivery/http/get.go:37.2,38.16 2 0
2021_2_MAMBa/internal/pkg/film/delivery/http/get.go:42.2,43.35 2 0
2021_2_MAMBa/internal/pkg/film/delivery/http/get.go:47.2,47.16 1 0
2021_2_MAMBa/internal/pkg/film/delivery/http/get.go:51.2,53.16 3 0
2021_2_MAMBa/internal/pkg/film/delivery/http/get.go:22.16,24.3 1 0
2021_2_MAMBa/internal/pkg/film/delivery/http/get.go:26.16,28.3 1 0
2021_2_MAMBa/internal/pkg/film/delivery/http/get.go:30.16,32.3 1 0
2021_2_MAMBa/internal/pkg/film/delivery/http/get.go:34.16,36.3 1 0
2021_2_MAMBa/internal/pkg/film/delivery/http/get.go:38.16,40.3 1 0
2021_2_MAMBa/internal/pkg/film/delivery/http/get.go:43.35,46.3 2 0
2021_2_MAMBa/internal/pkg/film/delivery/http/get.go:47.16,50.3 2 0
2021_2_MAMBa/internal/pkg/film/delivery/http/get.go:53.16,56.3 2 0
2021_2_MAMBa/internal/pkg/film/delivery/http/get.go:59.81,61.16 2 0
2021_2_MAMBa/internal/pkg/film/delivery/http/get.go:65.2,66.16 2 0
2021_2_MAMBa/internal/pkg/film/delivery/http/get.go:69.2,70.16 2 0
2021_2_MAMBa/internal/pkg/film/delivery/http/get.go:74.2,75.16 2 0
2021_2_MAMBa/internal/pkg/film/delivery/http/get.go:79.2,81.16 3 0
2021_2_MAMBa/internal/pkg/film/delivery/http/get.go:61.16,64.3 2 0
2021_2_MAMBa/internal/pkg/film/delivery/http/get.go:66.16,68.3 1 0
2021_2_MAMBa/internal/pkg/film/delivery/http/get.go:70.16,72.3 1 0
2021_2_MAMBa/internal/pkg/film/delivery/http/get.go:75.16,78.3 2 0
2021_2_MAMBa/internal/pkg/film/delivery/http/get.go:81.16,84.3 2 0
2021_2_MAMBa/internal/pkg/film/delivery/http/get.go:87.79,89.16 2 0
2021_2_MAMBa/internal/pkg/film/delivery/http/get.go:93.2,94.16 2 0
2021_2_MAMBa/internal/pkg/film/delivery/http/get.go:98.2,99.46 2 0
2021_2_MAMBa/internal/pkg/film/delivery/http/get.go:103.2,103.16 1 0
2021_2_MAMBa/internal/pkg/film/delivery/http/get.go:107.2,109.16 3 0
2021_2_MAMBa/internal/pkg/film/delivery/http/get.go:89.16,92.3 2 0
2021_2_MAMBa/internal/pkg/film/delivery/http/get.go:94.16,96.3 1 0
2021_2_MAMBa/internal/pkg/film/delivery/http/get.go:99.46,102.3 2 0
2021_2_MAMBa/internal/pkg/film/delivery/http/get.go:103.16,106.3 2 0
2021_2_MAMBa/internal/pkg/film/delivery/http/get.go:109.16,112.3 2 0
2021_2_MAMBa/internal/pkg/film/delivery/http/get.go:115.86,118.16 3 0
2021_2_MAMBa/internal/pkg/film/delivery/http/get.go:121.2,122.16 2 0
2021_2_MAMBa/internal/pkg/film/delivery/http/get.go:125.2,126.16 2 0
2021_2_MAMBa/internal/pkg/film/delivery/http/get.go:130.2,131.35 2 0
2021_2_MAMBa/internal/pkg/film/delivery/http/get.go:135.2,135.16 1 0
2021_2_MAMBa/internal/pkg/film/delivery/http/get.go:139.2,141.16 3 0
2021_2_MAMBa/internal/pkg/film/delivery/http/get.go:118.16,120.3 1 0
2021_2_MAMBa/internal/pkg/film/delivery/http/get.go:122.16,124.3 1 0
2021_2_MAMBa/internal/pkg/film/delivery/http/get.go:126.16,128.3 1 0
2021_2_MAMBa/internal/pkg/film/delivery/http/get.go:131.35,134.3 2 0
2021_2_MAMBa/internal/pkg/film/delivery/http/get.go:135.16,138.3 2 0
2021_2_MAMBa/internal/pkg/film/delivery/http/get.go:141.16,144.3 2 0
2021_2_MAMBa/internal/pkg/film/delivery/http/get.go:147.94,150.16 3 0
2021_2_MAMBa/internal/pkg/film/delivery/http/get.go:153.2,154.16 2 0
2021_2_MAMBa/internal/pkg/film/delivery/http/get.go:157.2,158.16 2 0
2021_2_MAMBa/internal/pkg/film/delivery/http/get.go:161.2,162.35 2 0
2021_2_MAMBa/internal/pkg/film/delivery/http/get.go:166.2,166.16 1 0
2021_2_MAMBa/internal/pkg/film/delivery/http/get.go:170.2,172.16 3 0
2021_2_MAMBa/internal/pkg/film/delivery/http/get.go:150.16,152.3 1 0
2021_2_MAMBa/internal/pkg/film/delivery/http/get.go:154.16,156.3 1 0
2021_2_MAMBa/internal/pkg/film/delivery/http/get.go:158.16,160.3 1 0
2021_2_MAMBa/internal/pkg/film/delivery/http/get.go:162.35,165.3 2 0
2021_2_MAMBa/internal/pkg/film/delivery/http/get.go:166.16,169.3 2 0
2021_2_MAMBa/internal/pkg/film/delivery/http/get.go:172.16,175.3 2 0
